#
# There is insufficient memory for the Java Runtime Environment to continue.
# Native memory allocation (mmap) failed to map 65536 bytes for Failed to commit metaspace.
# Possible reasons:
#   The system is out of physical RAM or swap space
#   The process is running with CompressedOops enabled, and the Java Heap may be blocking the growth of the native heap
# Possible solutions:
#   Reduce memory load on the system
#   Increase physical memory or swap space
#   Check if swap backing store is full
#   Decrease Java heap size (-Xmx/-Xms)
#   Decrease number of Java threads
#   Decrease Java thread stack sizes (-Xss)
#   Set larger code cache with -XX:ReservedCodeCacheSize=
#   JVM is running with Zero Based Compressed Oops mode in which the Java heap is
#     placed in the first 32GB address space. The Java Heap base address is the
#     maximum limit for the native heap growth. Please use -XX:HeapBaseMinAddress
#     to set the Java Heap base and to place the Java Heap above 32GB virtual address.
# This output file may be truncated or incomplete.
#
#  Out of Memory Error (virtualSpaceNode.cpp:110), pid=20464, tid=54764
#
# JRE version: OpenJDK Runtime Environment JBR-17.0.10+1-1087.21-jcef (17.0.10+1) (build 17.0.10+1-b1087.21)
# Java VM: OpenJDK 64-Bit Server VM JBR-17.0.10+1-1087.21-jcef (17.0.10+1-b1087.21, mixed mode, tiered, compressed oops, compressed class ptrs, g1 gc, windows-amd64)
# No core dump will be written. Minidumps are not enabled by default on client versions of Windows
#

---------------  S U M M A R Y ------------

Command Line: git4idea.http.GitAskPassApp Password for 'https://trofimenko69@github.com': 

Host: Intel(R) Core(TM) i5-6300U CPU @ 2.40GHz, 4 cores, 15G,  Windows 10 , 64 bit Build 19041 (10.0.19041.4717)
Time: Tue Sep  3 15:17:06 2024 RTZ 2 (s 10 , 64 bit Build 19041 (10.0.19041.4717) elapsed time: 0.457926 seconds (0d 0h 0m 0s)

---------------  T H R E A D  ---------------

Current thread (0x000001d1a5fe31e0):  JavaThread "main" [_thread_in_vm, id=54764, stack(0x0000000be8000000,0x0000000be8100000)]

Stack: [0x0000000be8000000,0x0000000be8100000]
Native frames: (J=compiled Java code, j=interpreted, Vv=VM code, C=native code)
V  [jvm.dll+0x688ac9]
V  [jvm.dll+0x84220a]
V  [jvm.dll+0x843e4e]
V  [jvm.dll+0x8444b3]
V  [jvm.dll+0x24ba8f]
V  [jvm.dll+0x83d1eb]
V  [jvm.dll+0x62d0e6]
V  [jvm.dll+0x1c284e]
V  [jvm.dll+0x62fa41]
V  [jvm.dll+0x62da86]
V  [jvm.dll+0x23f74f]
V  [jvm.dll+0x637935]
V  [jvm.dll+0x1eea1b]
V  [jvm.dll+0x1eef55]
V  [jvm.dll+0x1ef8f5]
V  [jvm.dll+0x1e4d8c]
V  [jvm.dll+0x54d98c]
V  [jvm.dll+0x7bb5e5]
V  [jvm.dll+0x7bb6fe]
V  [jvm.dll+0x415eea]
V  [jvm.dll+0x41c089]
C  [java.dll+0x17ec]

Java frames: (J=compiled Java code, j=interpreted, Vv=VM code)
j  java.lang.ClassLoader.defineClass1(Ljava/lang/ClassLoader;Ljava/lang/String;[BIILjava/security/ProtectionDomain;Ljava/lang/String;)Ljava/lang/Class;+0 java.base@17.0.10
j  java.lang.ClassLoader.defineClass(Ljava/lang/String;[BIILjava/security/ProtectionDomain;)Ljava/lang/Class;+27 java.base@17.0.10
j  java.lang.ClassLoader.defineClass(Ljava/lang/String;Ljava/nio/ByteBuffer;Ljava/security/ProtectionDomain;)Ljava/lang/Class;+38 java.base@17.0.10
j  java.security.SecureClassLoader.defineClass(Ljava/lang/String;Ljava/nio/ByteBuffer;Ljava/security/CodeSource;)Ljava/lang/Class;+8 java.base@17.0.10
j  jdk.internal.loader.BuiltinClassLoader.defineClass(Ljava/lang/String;Ljdk/internal/loader/BuiltinClassLoader$LoadedModule;)Ljava/lang/Class;+127 java.base@17.0.10
j  jdk.internal.loader.BuiltinClassLoader.findClassInModuleOrNull(Ljdk/internal/loader/BuiltinClassLoader$LoadedModule;Ljava/lang/String;)Ljava/lang/Class;+9 java.base@17.0.10
j  jdk.internal.loader.BuiltinClassLoader.loadClassOrNull(Ljava/lang/String;Z)Ljava/lang/Class;+55 java.base@17.0.10
j  jdk.internal.loader.BuiltinClassLoader.loadClass(Ljava/lang/String;Z)Ljava/lang/Class;+3 java.base@17.0.10
j  java.lang.ClassLoader.loadClass(Ljava/lang/String;)Ljava/lang/Class;+3 java.base@17.0.10
v  ~StubRoutines::call_stub
j  jdk.internal.net.http.HttpClientImpl.<clinit>()V+16 java.net.http@17.0.10
v  ~StubRoutines::call_stub
j  jdk.internal.net.http.HttpClientBuilderImpl.build()Ljava/net/http/HttpClient;+1 java.net.http@17.0.10
j  externalApp.ExternalAppUtil.sendIdeRequest(Ljava/lang/String;ILjava/lang/String;Ljava/lang/String;)LexternalApp/ExternalAppUtil$Result;+77
j  git4idea.http.GitAskPassApp.main([Ljava/lang/String;)V+37
v  ~StubRoutines::call_stub

---------------  P R O C E S S  ---------------

Threads class SMR info:
_java_thread_list=0x000001d1c4684a60, length=12, elements={
0x000001d1a5fe31e0, 0x000001d1c44d53b0, 0x000001d1c44d6b10, 0x000001d1c4508130,
0x000001d1c450ac00, 0x000001d1c450b5c0, 0x000001d1c450bf80, 0x000001d1c450d410,
0x000001d1c452cce0, 0x000001d1c4544d50, 0x000001d1c469e060, 0x000001d1c46afe90
}

Java Threads: ( => current thread )
=>0x000001d1a5fe31e0 JavaThread "main" [_thread_in_vm, id=54764, stack(0x0000000be8000000,0x0000000be8100000)]
  0x000001d1c44d53b0 JavaThread "Reference Handler" daemon [_thread_blocked, id=53356, stack(0x0000000be8700000,0x0000000be8800000)]
  0x000001d1c44d6b10 JavaThread "Finalizer" daemon [_thread_blocked, id=44376, stack(0x0000000be8800000,0x0000000be8900000)]
  0x000001d1c4508130 JavaThread "Signal Dispatcher" daemon [_thread_blocked, id=23832, stack(0x0000000be8900000,0x0000000be8a00000)]
  0x000001d1c450ac00 JavaThread "Attach Listener" daemon [_thread_blocked, id=48024, stack(0x0000000be8a00000,0x0000000be8b00000)]
  0x000001d1c450b5c0 JavaThread "Service Thread" daemon [_thread_blocked, id=30500, stack(0x0000000be8b00000,0x0000000be8c00000)]
  0x000001d1c450bf80 JavaThread "Monitor Deflation Thread" daemon [_thread_blocked, id=37280, stack(0x0000000be8c00000,0x0000000be8d00000)]
  0x000001d1c450d410 JavaThread "C2 CompilerThread0" daemon [_thread_blocked, id=3876, stack(0x0000000be8d00000,0x0000000be8e00000)]
  0x000001d1c452cce0 JavaThread "C1 CompilerThread0" daemon [_thread_blocked, id=14212, stack(0x0000000be8e00000,0x0000000be8f00000)]
  0x000001d1c4544d50 JavaThread "Sweeper thread" daemon [_thread_blocked, id=17924, stack(0x0000000be8f00000,0x0000000be9000000)]
  0x000001d1c469e060 JavaThread "Notification Thread" daemon [_thread_blocked, id=30124, stack(0x0000000be9000000,0x0000000be9100000)]
  0x000001d1c46afe90 JavaThread "Common-Cleaner" daemon [_thread_blocked, id=40720, stack(0x0000000be9200000,0x0000000be9300000)]

Other Threads:
  0x000001d1c436e3c0 VMThread "VM Thread" [stack: 0x0000000be8600000,0x0000000be8700000] [id=36080]
  0x000001d1c469eb50 WatcherThread [stack: 0x0000000be9100000,0x0000000be9200000] [id=26176]
  0x000001d1a604d800 GCTaskThread "GC Thread#0" [stack: 0x0000000be8100000,0x0000000be8200000] [id=37752]
  0x000001d1a605e520 ConcurrentGCThread "G1 Main Marker" [stack: 0x0000000be8200000,0x0000000be8300000] [id=24480]
  0x000001d1a605ef40 ConcurrentGCThread "G1 Conc#0" [stack: 0x0000000be8300000,0x0000000be8400000] [id=32148]
  0x000001d1a609e4a0 ConcurrentGCThread "G1 Refine#0" [stack: 0x0000000be8400000,0x0000000be8500000] [id=13248]
  0x000001d1c41f8500 ConcurrentGCThread "G1 Service" [stack: 0x0000000be8500000,0x0000000be8600000] [id=544]

Threads with active compile tasks:

VM state: not at safepoint (normal execution)

VM Mutex/Monitor currently owned by a thread:  ([mutex/lock_event])
[0x000001d1a3efdc00] Metaspace_lock - owner thread: 0x000001d1a5fe31e0

Heap address: 0x0000000702200000, size: 4062 MB, Compressed Oops mode: Zero based, Oop shift amount: 3

CDS archive(s) not mapped
Compressed class space mapped at: 0x0000000800000000-0x0000000840000000, reserved size: 1073741824
Narrow klass base: 0x0000000800000000, Narrow klass shift: 0, Narrow klass range: 0x40000000

GC Precious Log:
 CPUs: 4 total, 4 available
 Memory: 16242M
 Large Page Support: Disabled
 NUMA Support: Disabled
 Compressed Oops: Enabled (Zero based)
 Heap Region Size: 2M
 Heap Min Capacity: 8M
 Heap Initial Capacity: 254M
 Heap Max Capacity: 4062M
 Pre-touch: Disabled
 Parallel Workers: 4
 Concurrent Workers: 1
 Concurrent Refinement Workers: 4
 Periodic GC: Disabled

Heap:
 garbage-first heap   total 260096K, used 4096K [0x0000000702200000, 0x0000000800000000)
  region size 2048K, 3 young (6144K), 0 survivors (0K)
 Metaspace       used 10111K, committed 10240K, reserved 1114112K
  class space    used 960K, committed 1024K, reserved 1048576K

Heap Regions: E=young(eden), S=young(survivor), O=old, HS=humongous(starts), HC=humongous(continues), CS=collection set, F=free, OA=open archive, CA=closed archive, TAMS=top-at-mark-start (previous, next)
|   0|0x0000000702200000, 0x0000000702200000, 0x0000000702400000|  0%| F|  |TAMS 0x0000000702200000, 0x0000000702200000| Untracked 
|   1|0x0000000702400000, 0x0000000702400000, 0x0000000702600000|  0%| F|  |TAMS 0x0000000702400000, 0x0000000702400000| Untracked 
|   2|0x0000000702600000, 0x0000000702600000, 0x0000000702800000|  0%| F|  |TAMS 0x0000000702600000, 0x0000000702600000| Untracked 
|   3|0x0000000702800000, 0x0000000702800000, 0x0000000702a00000|  0%| F|  |TAMS 0x0000000702800000, 0x0000000702800000| Untracked 
|   4|0x0000000702a00000, 0x0000000702a00000, 0x0000000702c00000|  0%| F|  |TAMS 0x0000000702a00000, 0x0000000702a00000| Untracked 
|   5|0x0000000702c00000, 0x0000000702c00000, 0x0000000702e00000|  0%| F|  |TAMS 0x0000000702c00000, 0x0000000702c00000| Untracked 
|   6|0x0000000702e00000, 0x0000000702e00000, 0x0000000703000000|  0%| F|  |TAMS 0x0000000702e00000, 0x0000000702e00000| Untracked 
|   7|0x0000000703000000, 0x0000000703000000, 0x0000000703200000|  0%| F|  |TAMS 0x0000000703000000, 0x0000000703000000| Untracked 
|   8|0x0000000703200000, 0x0000000703200000, 0x0000000703400000|  0%| F|  |TAMS 0x0000000703200000, 0x0000000703200000| Untracked 
|   9|0x0000000703400000, 0x0000000703400000, 0x0000000703600000|  0%| F|  |TAMS 0x0000000703400000, 0x0000000703400000| Untracked 
|  10|0x0000000703600000, 0x0000000703600000, 0x0000000703800000|  0%| F|  |TAMS 0x0000000703600000, 0x0000000703600000| Untracked 
|  11|0x0000000703800000, 0x0000000703800000, 0x0000000703a00000|  0%| F|  |TAMS 0x0000000703800000, 0x0000000703800000| Untracked 
|  12|0x0000000703a00000, 0x0000000703a00000, 0x0000000703c00000|  0%| F|  |TAMS 0x0000000703a00000, 0x0000000703a00000| Untracked 
|  13|0x0000000703c00000, 0x0000000703c00000, 0x0000000703e00000|  0%| F|  |TAMS 0x0000000703c00000, 0x0000000703c00000| Untracked 
|  14|0x0000000703e00000, 0x0000000703e00000, 0x0000000704000000|  0%| F|  |TAMS 0x0000000703e00000, 0x0000000703e00000| Untracked 
|  15|0x0000000704000000, 0x0000000704000000, 0x0000000704200000|  0%| F|  |TAMS 0x0000000704000000, 0x0000000704000000| Untracked 
|  16|0x0000000704200000, 0x0000000704200000, 0x0000000704400000|  0%| F|  |TAMS 0x0000000704200000, 0x0000000704200000| Untracked 
|  17|0x0000000704400000, 0x0000000704400000, 0x0000000704600000|  0%| F|  |TAMS 0x0000000704400000, 0x0000000704400000| Untracked 
|  18|0x0000000704600000, 0x0000000704600000, 0x0000000704800000|  0%| F|  |TAMS 0x0000000704600000, 0x0000000704600000| Untracked 
|  19|0x0000000704800000, 0x0000000704800000, 0x0000000704a00000|  0%| F|  |TAMS 0x0000000704800000, 0x0000000704800000| Untracked 
|  20|0x0000000704a00000, 0x0000000704a00000, 0x0000000704c00000|  0%| F|  |TAMS 0x0000000704a00000, 0x0000000704a00000| Untracked 
|  21|0x0000000704c00000, 0x0000000704c00000, 0x0000000704e00000|  0%| F|  |TAMS 0x0000000704c00000, 0x0000000704c00000| Untracked 
|  22|0x0000000704e00000, 0x0000000704e00000, 0x0000000705000000|  0%| F|  |TAMS 0x0000000704e00000, 0x0000000704e00000| Untracked 
|  23|0x0000000705000000, 0x0000000705000000, 0x0000000705200000|  0%| F|  |TAMS 0x0000000705000000, 0x0000000705000000| Untracked 
|  24|0x0000000705200000, 0x0000000705200000, 0x0000000705400000|  0%| F|  |TAMS 0x0000000705200000, 0x0000000705200000| Untracked 
|  25|0x0000000705400000, 0x0000000705400000, 0x0000000705600000|  0%| F|  |TAMS 0x0000000705400000, 0x0000000705400000| Untracked 
|  26|0x0000000705600000, 0x0000000705600000, 0x0000000705800000|  0%| F|  |TAMS 0x0000000705600000, 0x0000000705600000| Untracked 
|  27|0x0000000705800000, 0x0000000705800000, 0x0000000705a00000|  0%| F|  |TAMS 0x0000000705800000, 0x0000000705800000| Untracked 
|  28|0x0000000705a00000, 0x0000000705a00000, 0x0000000705c00000|  0%| F|  |TAMS 0x0000000705a00000, 0x0000000705a00000| Untracked 
|  29|0x0000000705c00000, 0x0000000705c00000, 0x0000000705e00000|  0%| F|  |TAMS 0x0000000705c00000, 0x0000000705c00000| Untracked 
|  30|0x0000000705e00000, 0x0000000705e00000, 0x0000000706000000|  0%| F|  |TAMS 0x0000000705e00000, 0x0000000705e00000| Untracked 
|  31|0x0000000706000000, 0x0000000706000000, 0x0000000706200000|  0%| F|  |TAMS 0x0000000706000000, 0x0000000706000000| Untracked 
|  32|0x0000000706200000, 0x0000000706200000, 0x0000000706400000|  0%| F|  |TAMS 0x0000000706200000, 0x0000000706200000| Untracked 
|  33|0x0000000706400000, 0x0000000706400000, 0x0000000706600000|  0%| F|  |TAMS 0x0000000706400000, 0x0000000706400000| Untracked 
|  34|0x0000000706600000, 0x0000000706600000, 0x0000000706800000|  0%| F|  |TAMS 0x0000000706600000, 0x0000000706600000| Untracked 
|  35|0x0000000706800000, 0x0000000706800000, 0x0000000706a00000|  0%| F|  |TAMS 0x0000000706800000, 0x0000000706800000| Untracked 
|  36|0x0000000706a00000, 0x0000000706a00000, 0x0000000706c00000|  0%| F|  |TAMS 0x0000000706a00000, 0x0000000706a00000| Untracked 
|  37|0x0000000706c00000, 0x0000000706c00000, 0x0000000706e00000|  0%| F|  |TAMS 0x0000000706c00000, 0x0000000706c00000| Untracked 
|  38|0x0000000706e00000, 0x0000000706e00000, 0x0000000707000000|  0%| F|  |TAMS 0x0000000706e00000, 0x0000000706e00000| Untracked 
|  39|0x0000000707000000, 0x0000000707000000, 0x0000000707200000|  0%| F|  |TAMS 0x0000000707000000, 0x0000000707000000| Untracked 
|  40|0x0000000707200000, 0x0000000707200000, 0x0000000707400000|  0%| F|  |TAMS 0x0000000707200000, 0x0000000707200000| Untracked 
|  41|0x0000000707400000, 0x0000000707400000, 0x0000000707600000|  0%| F|  |TAMS 0x0000000707400000, 0x0000000707400000| Untracked 
|  42|0x0000000707600000, 0x0000000707600000, 0x0000000707800000|  0%| F|  |TAMS 0x0000000707600000, 0x0000000707600000| Untracked 
|  43|0x0000000707800000, 0x0000000707800000, 0x0000000707a00000|  0%| F|  |TAMS 0x0000000707800000, 0x0000000707800000| Untracked 
|  44|0x0000000707a00000, 0x0000000707a00000, 0x0000000707c00000|  0%| F|  |TAMS 0x0000000707a00000, 0x0000000707a00000| Untracked 
|  45|0x0000000707c00000, 0x0000000707c00000, 0x0000000707e00000|  0%| F|  |TAMS 0x0000000707c00000, 0x0000000707c00000| Untracked 
|  46|0x0000000707e00000, 0x0000000707e00000, 0x0000000708000000|  0%| F|  |TAMS 0x0000000707e00000, 0x0000000707e00000| Untracked 
|  47|0x0000000708000000, 0x0000000708000000, 0x0000000708200000|  0%| F|  |TAMS 0x0000000708000000, 0x0000000708000000| Untracked 
|  48|0x0000000708200000, 0x0000000708200000, 0x0000000708400000|  0%| F|  |TAMS 0x0000000708200000, 0x0000000708200000| Untracked 
|  49|0x0000000708400000, 0x0000000708400000, 0x0000000708600000|  0%| F|  |TAMS 0x0000000708400000, 0x0000000708400000| Untracked 
|  50|0x0000000708600000, 0x0000000708600000, 0x0000000708800000|  0%| F|  |TAMS 0x0000000708600000, 0x0000000708600000| Untracked 
|  51|0x0000000708800000, 0x0000000708800000, 0x0000000708a00000|  0%| F|  |TAMS 0x0000000708800000, 0x0000000708800000| Untracked 
|  52|0x0000000708a00000, 0x0000000708a00000, 0x0000000708c00000|  0%| F|  |TAMS 0x0000000708a00000, 0x0000000708a00000| Untracked 
|  53|0x0000000708c00000, 0x0000000708c00000, 0x0000000708e00000|  0%| F|  |TAMS 0x0000000708c00000, 0x0000000708c00000| Untracked 
|  54|0x0000000708e00000, 0x0000000708e00000, 0x0000000709000000|  0%| F|  |TAMS 0x0000000708e00000, 0x0000000708e00000| Untracked 
|  55|0x0000000709000000, 0x0000000709000000, 0x0000000709200000|  0%| F|  |TAMS 0x0000000709000000, 0x0000000709000000| Untracked 
|  56|0x0000000709200000, 0x0000000709200000, 0x0000000709400000|  0%| F|  |TAMS 0x0000000709200000, 0x0000000709200000| Untracked 
|  57|0x0000000709400000, 0x0000000709400000, 0x0000000709600000|  0%| F|  |TAMS 0x0000000709400000, 0x0000000709400000| Untracked 
|  58|0x0000000709600000, 0x0000000709600000, 0x0000000709800000|  0%| F|  |TAMS 0x0000000709600000, 0x0000000709600000| Untracked 
|  59|0x0000000709800000, 0x0000000709800000, 0x0000000709a00000|  0%| F|  |TAMS 0x0000000709800000, 0x0000000709800000| Untracked 
|  60|0x0000000709a00000, 0x0000000709a00000, 0x0000000709c00000|  0%| F|  |TAMS 0x0000000709a00000, 0x0000000709a00000| Untracked 
|  61|0x0000000709c00000, 0x0000000709c00000, 0x0000000709e00000|  0%| F|  |TAMS 0x0000000709c00000, 0x0000000709c00000| Untracked 
|  62|0x0000000709e00000, 0x0000000709e00000, 0x000000070a000000|  0%| F|  |TAMS 0x0000000709e00000, 0x0000000709e00000| Untracked 
|  63|0x000000070a000000, 0x000000070a000000, 0x000000070a200000|  0%| F|  |TAMS 0x000000070a000000, 0x000000070a000000| Untracked 
|  64|0x000000070a200000, 0x000000070a200000, 0x000000070a400000|  0%| F|  |TAMS 0x000000070a200000, 0x000000070a200000| Untracked 
|  65|0x000000070a400000, 0x000000070a400000, 0x000000070a600000|  0%| F|  |TAMS 0x000000070a400000, 0x000000070a400000| Untracked 
|  66|0x000000070a600000, 0x000000070a600000, 0x000000070a800000|  0%| F|  |TAMS 0x000000070a600000, 0x000000070a600000| Untracked 
|  67|0x000000070a800000, 0x000000070a800000, 0x000000070aa00000|  0%| F|  |TAMS 0x000000070a800000, 0x000000070a800000| Untracked 
|  68|0x000000070aa00000, 0x000000070aa00000, 0x000000070ac00000|  0%| F|  |TAMS 0x000000070aa00000, 0x000000070aa00000| Untracked 
|  69|0x000000070ac00000, 0x000000070ac00000, 0x000000070ae00000|  0%| F|  |TAMS 0x000000070ac00000, 0x000000070ac00000| Untracked 
|  70|0x000000070ae00000, 0x000000070ae00000, 0x000000070b000000|  0%| F|  |TAMS 0x000000070ae00000, 0x000000070ae00000| Untracked 
|  71|0x000000070b000000, 0x000000070b000000, 0x000000070b200000|  0%| F|  |TAMS 0x000000070b000000, 0x000000070b000000| Untracked 
|  72|0x000000070b200000, 0x000000070b200000, 0x000000070b400000|  0%| F|  |TAMS 0x000000070b200000, 0x000000070b200000| Untracked 
|  73|0x000000070b400000, 0x000000070b400000, 0x000000070b600000|  0%| F|  |TAMS 0x000000070b400000, 0x000000070b400000| Untracked 
|  74|0x000000070b600000, 0x000000070b600000, 0x000000070b800000|  0%| F|  |TAMS 0x000000070b600000, 0x000000070b600000| Untracked 
|  75|0x000000070b800000, 0x000000070b800000, 0x000000070ba00000|  0%| F|  |TAMS 0x000000070b800000, 0x000000070b800000| Untracked 
|  76|0x000000070ba00000, 0x000000070ba00000, 0x000000070bc00000|  0%| F|  |TAMS 0x000000070ba00000, 0x000000070ba00000| Untracked 
|  77|0x000000070bc00000, 0x000000070bc00000, 0x000000070be00000|  0%| F|  |TAMS 0x000000070bc00000, 0x000000070bc00000| Untracked 
|  78|0x000000070be00000, 0x000000070be00000, 0x000000070c000000|  0%| F|  |TAMS 0x000000070be00000, 0x000000070be00000| Untracked 
|  79|0x000000070c000000, 0x000000070c000000, 0x000000070c200000|  0%| F|  |TAMS 0x000000070c000000, 0x000000070c000000| Untracked 
|  80|0x000000070c200000, 0x000000070c200000, 0x000000070c400000|  0%| F|  |TAMS 0x000000070c200000, 0x000000070c200000| Untracked 
|  81|0x000000070c400000, 0x000000070c400000, 0x000000070c600000|  0%| F|  |TAMS 0x000000070c400000, 0x000000070c400000| Untracked 
|  82|0x000000070c600000, 0x000000070c600000, 0x000000070c800000|  0%| F|  |TAMS 0x000000070c600000, 0x000000070c600000| Untracked 
|  83|0x000000070c800000, 0x000000070c800000, 0x000000070ca00000|  0%| F|  |TAMS 0x000000070c800000, 0x000000070c800000| Untracked 
|  84|0x000000070ca00000, 0x000000070ca00000, 0x000000070cc00000|  0%| F|  |TAMS 0x000000070ca00000, 0x000000070ca00000| Untracked 
|  85|0x000000070cc00000, 0x000000070cc00000, 0x000000070ce00000|  0%| F|  |TAMS 0x000000070cc00000, 0x000000070cc00000| Untracked 
|  86|0x000000070ce00000, 0x000000070ce00000, 0x000000070d000000|  0%| F|  |TAMS 0x000000070ce00000, 0x000000070ce00000| Untracked 
|  87|0x000000070d000000, 0x000000070d000000, 0x000000070d200000|  0%| F|  |TAMS 0x000000070d000000, 0x000000070d000000| Untracked 
|  88|0x000000070d200000, 0x000000070d200000, 0x000000070d400000|  0%| F|  |TAMS 0x000000070d200000, 0x000000070d200000| Untracked 
|  89|0x000000070d400000, 0x000000070d400000, 0x000000070d600000|  0%| F|  |TAMS 0x000000070d400000, 0x000000070d400000| Untracked 
|  90|0x000000070d600000, 0x000000070d600000, 0x000000070d800000|  0%| F|  |TAMS 0x000000070d600000, 0x000000070d600000| Untracked 
|  91|0x000000070d800000, 0x000000070d800000, 0x000000070da00000|  0%| F|  |TAMS 0x000000070d800000, 0x000000070d800000| Untracked 
|  92|0x000000070da00000, 0x000000070da00000, 0x000000070dc00000|  0%| F|  |TAMS 0x000000070da00000, 0x000000070da00000| Untracked 
|  93|0x000000070dc00000, 0x000000070dc00000, 0x000000070de00000|  0%| F|  |TAMS 0x000000070dc00000, 0x000000070dc00000| Untracked 
|  94|0x000000070de00000, 0x000000070de00000, 0x000000070e000000|  0%| F|  |TAMS 0x000000070de00000, 0x000000070de00000| Untracked 
|  95|0x000000070e000000, 0x000000070e000000, 0x000000070e200000|  0%| F|  |TAMS 0x000000070e000000, 0x000000070e000000| Untracked 
|  96|0x000000070e200000, 0x000000070e200000, 0x000000070e400000|  0%| F|  |TAMS 0x000000070e200000, 0x000000070e200000| Untracked 
|  97|0x000000070e400000, 0x000000070e400000, 0x000000070e600000|  0%| F|  |TAMS 0x000000070e400000, 0x000000070e400000| Untracked 
|  98|0x000000070e600000, 0x000000070e600000, 0x000000070e800000|  0%| F|  |TAMS 0x000000070e600000, 0x000000070e600000| Untracked 
|  99|0x000000070e800000, 0x000000070e800000, 0x000000070ea00000|  0%| F|  |TAMS 0x000000070e800000, 0x000000070e800000| Untracked 
| 100|0x000000070ea00000, 0x000000070ea00000, 0x000000070ec00000|  0%| F|  |TAMS 0x000000070ea00000, 0x000000070ea00000| Untracked 
| 101|0x000000070ec00000, 0x000000070ec00000, 0x000000070ee00000|  0%| F|  |TAMS 0x000000070ec00000, 0x000000070ec00000| Untracked 
| 102|0x000000070ee00000, 0x000000070ee00000, 0x000000070f000000|  0%| F|  |TAMS 0x000000070ee00000, 0x000000070ee00000| Untracked 
| 103|0x000000070f000000, 0x000000070f000000, 0x000000070f200000|  0%| F|  |TAMS 0x000000070f000000, 0x000000070f000000| Untracked 
| 104|0x000000070f200000, 0x000000070f200000, 0x000000070f400000|  0%| F|  |TAMS 0x000000070f200000, 0x000000070f200000| Untracked 
| 105|0x000000070f400000, 0x000000070f400000, 0x000000070f600000|  0%| F|  |TAMS 0x000000070f400000, 0x000000070f400000| Untracked 
| 106|0x000000070f600000, 0x000000070f600000, 0x000000070f800000|  0%| F|  |TAMS 0x000000070f600000, 0x000000070f600000| Untracked 
| 107|0x000000070f800000, 0x000000070f800000, 0x000000070fa00000|  0%| F|  |TAMS 0x000000070f800000, 0x000000070f800000| Untracked 
| 108|0x000000070fa00000, 0x000000070fa00000, 0x000000070fc00000|  0%| F|  |TAMS 0x000000070fa00000, 0x000000070fa00000| Untracked 
| 109|0x000000070fc00000, 0x000000070fc00000, 0x000000070fe00000|  0%| F|  |TAMS 0x000000070fc00000, 0x000000070fc00000| Untracked 
| 110|0x000000070fe00000, 0x000000070fe00000, 0x0000000710000000|  0%| F|  |TAMS 0x000000070fe00000, 0x000000070fe00000| Untracked 
| 111|0x0000000710000000, 0x0000000710000000, 0x0000000710200000|  0%| F|  |TAMS 0x0000000710000000, 0x0000000710000000| Untracked 
| 112|0x0000000710200000, 0x0000000710200000, 0x0000000710400000|  0%| F|  |TAMS 0x0000000710200000, 0x0000000710200000| Untracked 
| 113|0x0000000710400000, 0x0000000710400000, 0x0000000710600000|  0%| F|  |TAMS 0x0000000710400000, 0x0000000710400000| Untracked 
| 114|0x0000000710600000, 0x0000000710600000, 0x0000000710800000|  0%| F|  |TAMS 0x0000000710600000, 0x0000000710600000| Untracked 
| 115|0x0000000710800000, 0x0000000710800000, 0x0000000710a00000|  0%| F|  |TAMS 0x0000000710800000, 0x0000000710800000| Untracked 
| 116|0x0000000710a00000, 0x0000000710a00000, 0x0000000710c00000|  0%| F|  |TAMS 0x0000000710a00000, 0x0000000710a00000| Untracked 
| 117|0x0000000710c00000, 0x0000000710c00000, 0x0000000710e00000|  0%| F|  |TAMS 0x0000000710c00000, 0x0000000710c00000| Untracked 
| 118|0x0000000710e00000, 0x0000000710e00000, 0x0000000711000000|  0%| F|  |TAMS 0x0000000710e00000, 0x0000000710e00000| Untracked 
| 119|0x0000000711000000, 0x0000000711000000, 0x0000000711200000|  0%| F|  |TAMS 0x0000000711000000, 0x0000000711000000| Untracked 
| 120|0x0000000711200000, 0x0000000711200000, 0x0000000711400000|  0%| F|  |TAMS 0x0000000711200000, 0x0000000711200000| Untracked 
| 121|0x0000000711400000, 0x0000000711400000, 0x0000000711600000|  0%| F|  |TAMS 0x0000000711400000, 0x0000000711400000| Untracked 
| 122|0x0000000711600000, 0x0000000711600000, 0x0000000711800000|  0%| F|  |TAMS 0x0000000711600000, 0x0000000711600000| Untracked 
| 123|0x0000000711800000, 0x0000000711800000, 0x0000000711a00000|  0%| F|  |TAMS 0x0000000711800000, 0x0000000711800000| Untracked 
| 124|0x0000000711a00000, 0x0000000711b7bcd0, 0x0000000711c00000| 74%| E|  |TAMS 0x0000000711a00000, 0x0000000711a00000| Complete 
| 125|0x0000000711c00000, 0x0000000711e00000, 0x0000000711e00000|100%| E|CS|TAMS 0x0000000711c00000, 0x0000000711c00000| Complete 
| 126|0x0000000711e00000, 0x0000000712000000, 0x0000000712000000|100%| E|CS|TAMS 0x0000000711e00000, 0x0000000711e00000| Complete 

Card table byte_map: [0x000001d1b8f50000,0x000001d1b9740000] _byte_map_base: 0x000001d1b573f000

Marking Bits (Prev, Next): (CMBitMap*) 0x000001d1a604de20, (CMBitMap*) 0x000001d1a604de60
 Prev Bits: [0x000001d1b9f30000, 0x000001d1bdea8000)
 Next Bits: [0x000001d1bdeb0000, 0x000001d1c1e28000)

Polling page: 0x000001d1a3f40000

Metaspace:

Usage:
  Non-class:      8.94 MB used.
      Class:    960.02 KB used.
       Both:      9.87 MB used.

Virtual space:
  Non-class space:       64.00 MB reserved,       9.00 MB ( 14%) committed,  1 nodes.
      Class space:        1.00 GB reserved,       1.00 MB ( <1%) committed,  1 nodes.
             Both:        1.06 GB reserved,      10.00 MB ( <1%) committed. 

Chunk freelists:
   Non-Class:  6.86 MB
       Class:  15.01 MB
        Both:  21.87 MB

MaxMetaspaceSize: unlimited
CompressedClassSpaceSize: 1.00 GB
Initial GC threshold: 21.00 MB
Current GC threshold: 21.00 MB
CDS: off
MetaspaceReclaimPolicy: balanced
 - commit_granule_bytes: 65536.
 - commit_granule_words: 8192.
 - virtual_space_node_default_size: 8388608.
 - enlarge_chunks_in_place: 1.
 - new_chunks_are_fully_committed: 0.
 - uncommit_free_chunks: 1.
 - use_allocation_guard: 0.
 - handle_deallocations: 1.


Internal statistics:

num_allocs_failed_limit: 0.
num_arena_births: 28.
num_arena_deaths: 0.
num_vsnodes_births: 2.
num_vsnodes_deaths: 0.
num_space_committed: 160.
num_space_uncommitted: 0.
num_chunks_returned_to_freelist: 0.
num_chunks_taken_from_freelist: 69.
num_chunk_merges: 0.
num_chunk_splits: 40.
num_chunks_enlarged: 23.
num_inconsistent_stats: 0.

CodeHeap 'non-profiled nmethods': size=120000Kb used=137Kb max_used=137Kb free=119862Kb
 bounds [0x000001d1b1230000, 0x000001d1b14a0000, 0x000001d1b8760000]
CodeHeap 'profiled nmethods': size=120000Kb used=663Kb max_used=663Kb free=119336Kb
 bounds [0x000001d1a9760000, 0x000001d1a99d0000, 0x000001d1b0c90000]
CodeHeap 'non-nmethods': size=5760Kb used=1141Kb max_used=1160Kb free=4618Kb
 bounds [0x000001d1b0c90000, 0x000001d1b0f00000, 0x000001d1b1230000]
 total_blobs=899 nmethods=469 adapters=343
 compilation: enabled
              stopped_count=0, restarted_count=0
 full_count=0

Compilation events (20 events):
Event: 0.453 Thread 0x000001d1c450d410  462       4       java.lang.ref.Reference::reachabilityFence (1 bytes)
Event: 0.453 Thread 0x000001d1c452cce0  463       3       jdk.internal.jimage.ImageBufferCache::getCapacity (21 bytes)
Event: 0.453 Thread 0x000001d1c450d410 nmethod 462 0x000001d1b1251710 code [0x000001d1b1251880, 0x000001d1b12518d8]
Event: 0.453 Thread 0x000001d1c452cce0 nmethod 463 0x000001d1a9804390 code [0x000001d1a9804540, 0x000001d1a9804868]
Event: 0.453 Thread 0x000001d1c450d410  442       4       jdk.internal.misc.Unsafe::getInt (7 bytes)
Event: 0.453 Thread 0x000001d1c452cce0  464       3       java.nio.Buffer::nextGetIndex (32 bytes)
Event: 0.454 Thread 0x000001d1c452cce0 nmethod 464 0x000001d1a9804990 code [0x000001d1a9804b40, 0x000001d1a9804d08]
Event: 0.454 Thread 0x000001d1c452cce0  465       3       java.nio.HeapByteBuffer::byteOffset (7 bytes)
Event: 0.454 Thread 0x000001d1c450d410 nmethod 442 0x000001d1b1251a10 code [0x000001d1b1251b80, 0x000001d1b1251bf8]
Event: 0.454 Thread 0x000001d1c450d410  443       4       jdk.internal.misc.Unsafe::getLong (7 bytes)
Event: 0.454 Thread 0x000001d1c452cce0 nmethod 465 0x000001d1a9804e10 code [0x000001d1a9804fa0, 0x000001d1a98050b8]
Event: 0.454 Thread 0x000001d1c452cce0  466       1       jdk.internal.jimage.decompressor.CompressedResourceHeader::getSize (3 bytes)
Event: 0.454 Thread 0x000001d1c452cce0 nmethod 466 0x000001d1b1251d10 code [0x000001d1b1251ea0, 0x000001d1b1251f58]
Event: 0.454 Thread 0x000001d1c450d410 nmethod 443 0x000001d1b1252010 code [0x000001d1b1252180, 0x000001d1b12521f8]
Event: 0.454 Thread 0x000001d1c452cce0  467  s    3       java.io.ByteArrayOutputStream::write (43 bytes)
Event: 0.455 Thread 0x000001d1c452cce0 nmethod 467 0x000001d1a9805190 code [0x000001d1a9805360, 0x000001d1a9805808]
Event: 0.455 Thread 0x000001d1c452cce0  468   !   3       java.util.zip.Inflater::finished (19 bytes)
Event: 0.455 Thread 0x000001d1c452cce0 nmethod 468 0x000001d1a9805a10 code [0x000001d1a9805ba0, 0x000001d1a9805d98]
Event: 0.455 Thread 0x000001d1c452cce0  469       1       java.security.CodeSource::getLocationNoFragString (5 bytes)
Event: 0.455 Thread 0x000001d1c452cce0 nmethod 469 0x000001d1b1252310 code [0x000001d1b12524a0, 0x000001d1b1252578]

GC Heap History (0 events):
No events

Dll operation events (1 events):
Event: 0.009 Loaded shared library C:\Program Files\JetBrains\WebStorm 2023.3.5\jbr\bin\java.dll

Deoptimization events (0 events):
No events

Classes unloaded (0 events):
No events

Classes redefined (0 events):
No events

Internal exceptions (9 events):
Event: 0.290 Thread 0x000001d1a5fe31e0 Exception <a 'sun/nio/fs/WindowsException'{0x0000000711cfb1e8}> (0x0000000711cfb1e8) 
thrown [s\src\hotspot\share\prims\jni.cpp, line 517]
Event: 0.310 Thread 0x000001d1a5fe31e0 Exception <a 'java/lang/NoSuchMethodError'{0x0000000711d26550}: 'int java.lang.invoke.DirectMethodHandle$Holder.invokeStaticInit(java.lang.Object, java.lang.Object, java.lang.Object, java.lang.Object)'> (0x0000000711d26550) 
thrown [s\src\hotspot\share\interpreter\linkResolver.cpp, line 771]
Event: 0.312 Thread 0x000001d1a5fe31e0 Exception <a 'java/lang/NoSuchMethodError'{0x0000000711d311b0}: 'java.lang.Object java.lang.invoke.DirectMethodHandle$Holder.invokeInterface(java.lang.Object, java.lang.Object)'> (0x0000000711d311b0) 
thrown [s\src\hotspot\share\interpreter\linkResolver.cpp, line 771]
Event: 0.313 Thread 0x000001d1a5fe31e0 Exception <a 'java/lang/IncompatibleClassChangeError'{0x0000000711d34d30}: Found class java.lang.Object, but interface was expected> (0x0000000711d34d30) 
thrown [s\src\hotspot\share\interpreter\linkResolver.cpp, line 838]
Event: 0.314 Thread 0x000001d1a5fe31e0 Exception <a 'java/lang/NoSuchMethodError'{0x0000000711d380e0}: 'void java.lang.invoke.DirectMethodHandle$Holder.invokeStatic(java.lang.Object, java.lang.Object)'> (0x0000000711d380e0) 
thrown [s\src\hotspot\share\interpreter\linkResolver.cpp, line 771]
Event: 0.314 Thread 0x000001d1a5fe31e0 Exception <a 'java/lang/NoSuchMethodError'{0x0000000711d3b9f8}: 'void java.lang.invoke.DirectMethodHandle$Holder.invokeStaticInit(java.lang.Object, java.lang.Object)'> (0x0000000711d3b9f8) 
thrown [s\src\hotspot\share\interpreter\linkResolver.cpp, line 771]
Event: 0.317 Thread 0x000001d1a5fe31e0 Exception <a 'java/lang/NoSuchMethodError'{0x0000000711d424b0}: 'int java.lang.invoke.DirectMethodHandle$Holder.invokeStaticInit(java.lang.Object, java.lang.Object)'> (0x0000000711d424b0) 
thrown [s\src\hotspot\share\interpreter\linkResolver.cpp, line 771]
Event: 0.363 Thread 0x000001d1a5fe31e0 Exception <a 'java/lang/NoSuchMethodError'{0x0000000711a29718}: 'java.lang.Object java.lang.invoke.DirectMethodHandle$Holder.invokeStaticInit(java.lang.Object, int, int, int, int)'> (0x0000000711a29718) 
thrown [s\src\hotspot\share\interpreter\linkResolver.cpp, line 771]
Event: 0.444 Thread 0x000001d1a5fe31e0 Exception <a 'java/lang/NoSuchMethodError'{0x0000000711ada998}: 'java.lang.Object java.lang.invoke.DirectMethodHandle$Holder.invokeStaticInit(java.lang.Object, java.lang.Object, int, int, int, int)'> (0x0000000711ada998) 
thrown [s\src\hotspot\share\interpreter\linkResolver.cpp, line 771]

VM Operations (6 events):
Event: 0.140 Executing VM operation: HandshakeAllThreads
Event: 0.140 Executing VM operation: HandshakeAllThreads done
Event: 0.158 Executing VM operation: HandshakeAllThreads
Event: 0.158 Executing VM operation: HandshakeAllThreads done
Event: 0.379 Executing VM operation: HandshakeAllThreads
Event: 0.379 Executing VM operation: HandshakeAllThreads done

Events (20 events):
Event: 0.446 loading class sun/security/provider/SHA2$SHA256
Event: 0.446 loading class sun/security/provider/SHA2
Event: 0.446 loading class sun/security/provider/SHA2 done
Event: 0.446 loading class sun/security/provider/SHA2$SHA256 done
Event: 0.451 loading class java/io/UncheckedIOException
Event: 0.451 loading class java/io/UncheckedIOException done
Event: 0.451 loading class java/util/concurrent/Executor
Event: 0.451 loading class java/util/concurrent/Executor done
Event: 0.451 loading class java/util/concurrent/ExecutionException
Event: 0.451 loading class java/util/concurrent/ExecutionException done
Event: 0.451 loading class java/lang/SecurityException
Event: 0.451 loading class java/lang/SecurityException done
Event: 0.452 loading class java/net/ConnectException
Event: 0.453 loading class java/net/SocketException
Event: 0.453 loading class java/net/SocketException done
Event: 0.453 loading class java/net/ConnectException done
Event: 0.453 loading class javax/net/ssl/SSLHandshakeException
Event: 0.453 loading class javax/net/ssl/SSLException
Event: 0.453 loading class javax/net/ssl/SSLException done
Event: 0.453 loading class javax/net/ssl/SSLHandshakeException done


Dynamic libraries:
0x00007ff7e4dd0000 - 0x00007ff7e4dda000 	C:\Program Files\JetBrains\WebStorm 2023.3.5\jbr\bin\java.exe
0x00007ffaed3d0000 - 0x00007ffaed5c8000 	C:\WINDOWS\SYSTEM32\ntdll.dll
0x00007ffaec910000 - 0x00007ffaec9d1000 	C:\WINDOWS\System32\KERNEL32.DLL
0x00007ffaeafa0000 - 0x00007ffaeb29d000 	C:\WINDOWS\System32\KERNELBASE.dll
0x00007ffaeb2a0000 - 0x00007ffaeb3a0000 	C:\WINDOWS\System32\ucrtbase.dll
0x00007ffae4cf0000 - 0x00007ffae4d07000 	C:\Program Files\JetBrains\WebStorm 2023.3.5\jbr\bin\jli.dll
0x00007ffad67c0000 - 0x00007ffad67db000 	C:\Program Files\JetBrains\WebStorm 2023.3.5\jbr\bin\VCRUNTIME140.dll
0x00007ffaec9e0000 - 0x00007ffaecb7d000 	C:\WINDOWS\System32\USER32.dll
0x00007ffaeb3a0000 - 0x00007ffaeb3c2000 	C:\WINDOWS\System32\win32u.dll
0x00007ffad7100000 - 0x00007ffad739a000 	C:\WINDOWS\WinSxS\amd64_microsoft.windows.common-controls_6595b64144ccf1df_6.0.19041.4355_none_60b8b9eb71f62e16\COMCTL32.dll
0x00007ffaed360000 - 0x00007ffaed38b000 	C:\WINDOWS\System32\GDI32.dll
0x00007ffaece00000 - 0x00007ffaece9e000 	C:\WINDOWS\System32\msvcrt.dll
0x00007ffaeaaf0000 - 0x00007ffaeac07000 	C:\WINDOWS\System32\gdi32full.dll
0x00007ffaeacc0000 - 0x00007ffaead5d000 	C:\WINDOWS\System32\msvcp_win.dll
0x00007ffaec840000 - 0x00007ffaec86f000 	C:\WINDOWS\System32\IMM32.DLL
0x00007ffae73d0000 - 0x00007ffae73dc000 	C:\Program Files\JetBrains\WebStorm 2023.3.5\jbr\bin\vcruntime140_1.dll
0x00007ffab2730000 - 0x00007ffab27bd000 	C:\Program Files\JetBrains\WebStorm 2023.3.5\jbr\bin\msvcp140.dll
0x00007ffa67770000 - 0x00007ffa683f3000 	C:\Program Files\JetBrains\WebStorm 2023.3.5\jbr\bin\server\jvm.dll
0x00007ffaecea0000 - 0x00007ffaecf50000 	C:\WINDOWS\System32\ADVAPI32.dll
0x00007ffaec870000 - 0x00007ffaec910000 	C:\WINDOWS\System32\sechost.dll
0x00007ffaec0f0000 - 0x00007ffaec213000 	C:\WINDOWS\System32\RPCRT4.dll
0x00007ffaeb3d0000 - 0x00007ffaeb3f7000 	C:\WINDOWS\System32\bcrypt.dll
0x00007ffaea8d0000 - 0x00007ffaea91b000 	C:\WINDOWS\SYSTEM32\POWRPROF.dll
0x00007ffabdde0000 - 0x00007ffabdde9000 	C:\WINDOWS\SYSTEM32\WSOCK32.dll
0x00007ffad6010000 - 0x00007ffad6037000 	C:\WINDOWS\SYSTEM32\WINMM.dll
0x00007ffaed1e0000 - 0x00007ffaed24b000 	C:\WINDOWS\System32\WS2_32.dll
0x00007ffae4090000 - 0x00007ffae409a000 	C:\WINDOWS\SYSTEM32\VERSION.dll
0x00007ffaea8b0000 - 0x00007ffaea8c2000 	C:\WINDOWS\SYSTEM32\UMPDC.dll
0x00007ffae9250000 - 0x00007ffae9262000 	C:\WINDOWS\SYSTEM32\kernel.appcore.dll
0x00007ffae7380000 - 0x00007ffae738a000 	C:\Program Files\JetBrains\WebStorm 2023.3.5\jbr\bin\jimage.dll
0x00007ffad1140000 - 0x00007ffad1324000 	C:\WINDOWS\SYSTEM32\DBGHELP.DLL
0x00007ffad3170000 - 0x00007ffad31a4000 	C:\WINDOWS\SYSTEM32\dbgcore.DLL
0x00007ffaead60000 - 0x00007ffaeade2000 	C:\WINDOWS\System32\bcryptPrimitives.dll
0x00007ffae3ff0000 - 0x00007ffae4015000 	C:\Program Files\JetBrains\WebStorm 2023.3.5\jbr\bin\java.dll
0x00007ffae3c80000 - 0x00007ffae3c98000 	C:\Program Files\JetBrains\WebStorm 2023.3.5\jbr\bin\zip.dll
0x00007ffaeb980000 - 0x00007ffaec0ef000 	C:\WINDOWS\System32\SHELL32.dll
0x00007ffae8a90000 - 0x00007ffae922f000 	C:\WINDOWS\SYSTEM32\windows.storage.dll
0x00007ffaec3c0000 - 0x00007ffaec713000 	C:\WINDOWS\System32\combase.dll
0x00007ffaea2f0000 - 0x00007ffaea31e000 	C:\WINDOWS\SYSTEM32\Wldp.dll
0x00007ffaec2d0000 - 0x00007ffaec39d000 	C:\WINDOWS\System32\OLEAUT32.dll
0x00007ffaec220000 - 0x00007ffaec2cd000 	C:\WINDOWS\System32\SHCORE.dll
0x00007ffaed180000 - 0x00007ffaed1d5000 	C:\WINDOWS\System32\shlwapi.dll
0x00007ffaea9b0000 - 0x00007ffaea9d4000 	C:\WINDOWS\SYSTEM32\profapi.dll
0x00007ffae3860000 - 0x00007ffae3879000 	C:\Program Files\JetBrains\WebStorm 2023.3.5\jbr\bin\net.dll
0x00007ffad93d0000 - 0x00007ffad94dd000 	C:\WINDOWS\SYSTEM32\WINHTTP.dll
0x00007ffaea0d0000 - 0x00007ffaea13a000 	C:\WINDOWS\system32\mswsock.dll
0x00007ffae3710000 - 0x00007ffae3726000 	C:\Program Files\JetBrains\WebStorm 2023.3.5\jbr\bin\nio.dll
0x00007ffae4f60000 - 0x00007ffae4f6e000 	C:\Program Files\JetBrains\WebStorm 2023.3.5\jbr\bin\sunmscapi.dll
0x00007ffaeae40000 - 0x00007ffaeaf9e000 	C:\WINDOWS\System32\CRYPT32.dll
0x00007ffaea440000 - 0x00007ffaea469000 	C:\WINDOWS\SYSTEM32\ncrypt.dll
0x00007ffaea400000 - 0x00007ffaea43b000 	C:\WINDOWS\SYSTEM32\NTASN1.dll
0x00007ffaea330000 - 0x00007ffaea348000 	C:\WINDOWS\SYSTEM32\CRYPTSP.dll
0x00007ffae9a10000 - 0x00007ffae9a44000 	C:\WINDOWS\system32\rsaenh.dll
0x00007ffaea920000 - 0x00007ffaea94e000 	C:\WINDOWS\SYSTEM32\USERENV.dll
0x00007ffaea260000 - 0x00007ffaea26c000 	C:\WINDOWS\SYSTEM32\CRYPTBASE.dll
0x00007ffae9dd0000 - 0x00007ffae9e0b000 	C:\WINDOWS\SYSTEM32\IPHLPAPI.DLL
0x00007ffaeb470000 - 0x00007ffaeb478000 	C:\WINDOWS\System32\NSI.dll
0x00007ffae0650000 - 0x00007ffae0667000 	C:\WINDOWS\SYSTEM32\dhcpcsvc6.DLL
0x00007ffae2770000 - 0x00007ffae278d000 	C:\WINDOWS\SYSTEM32\dhcpcsvc.DLL
0x00007ffae9e10000 - 0x00007ffae9eda000 	C:\WINDOWS\SYSTEM32\DNSAPI.dll

dbghelp: loaded successfully - version: 4.0.5 - missing functions: none
symbol engine: initialized successfully - sym options: 0x614 - pdb path: .;C:\Program Files\JetBrains\WebStorm 2023.3.5\jbr\bin;C:\WINDOWS\SYSTEM32;C:\WINDOWS\WinSxS\amd64_microsoft.windows.common-controls_6595b64144ccf1df_6.0.19041.4355_none_60b8b9eb71f62e16;C:\Program Files\JetBrains\WebStorm 2023.3.5\jbr\bin\server

VM Arguments:
java_command: git4idea.http.GitAskPassApp Password for 'https://trofimenko69@github.com': 
java_class_path (initial): C:/Program Files/JetBrains/WebStorm 2023.3.5/plugins/vcs-git/lib/git4idea-rt.jar;C:/Program Files/JetBrains/WebStorm 2023.3.5/lib/externalProcess-rt.jar
Launcher Type: SUN_STANDARD

[Global flags]
     intx CICompilerCount                          = 3                                         {product} {ergonomic}
     uint ConcGCThreads                            = 1                                         {product} {ergonomic}
     uint G1ConcRefinementThreads                  = 4                                         {product} {ergonomic}
   size_t G1HeapRegionSize                         = 2097152                                   {product} {ergonomic}
    uintx GCDrainStackTargetSize                   = 64                                        {product} {ergonomic}
   size_t InitialHeapSize                          = 266338304                                 {product} {ergonomic}
   size_t MarkStackSize                            = 4194304                                   {product} {ergonomic}
   size_t MaxHeapSize                              = 4259315712                                {product} {ergonomic}
   size_t MaxNewSize                               = 2554331136                                {product} {ergonomic}
   size_t MinHeapDeltaBytes                        = 2097152                                   {product} {ergonomic}
   size_t MinHeapSize                              = 8388608                                   {product} {ergonomic}
    uintx NonNMethodCodeHeapSize                   = 5832780                                {pd product} {ergonomic}
    uintx NonProfiledCodeHeapSize                  = 122912730                              {pd product} {ergonomic}
    uintx ProfiledCodeHeapSize                     = 122912730                              {pd product} {ergonomic}
    uintx ReservedCodeCacheSize                    = 251658240                              {pd product} {ergonomic}
     bool SegmentedCodeCache                       = true                                      {product} {ergonomic}
   size_t SoftMaxHeapSize                          = 4259315712                             {manageable} {ergonomic}
     bool UseCompressedClassPointers               = true                           {product lp64_product} {ergonomic}
     bool UseCompressedOops                        = true                           {product lp64_product} {ergonomic}
     bool UseG1GC                                  = true                                      {product} {ergonomic}
     bool UseLargePagesIndividualAllocation        = false                                  {pd product} {ergonomic}

Logging:
Log output configuration:
 #0: stdout all=warning uptime,level,tags
 #1: stderr all=off uptime,level,tags

Environment Variables:
PATH=C:/Program Files/Git/mingw64/libexec/git-core;C:/Program Files/Git/mingw64/libexec/git-core;C:\Program Files\Git\mingw64\bin;C:\Program Files\Git\usr\bin;C:\Users\User\bin;C:\WINDOWS\system32;C:\WINDOWS;C:\WINDOWS\System32\Wbem;C:\WINDOWS\System32\WindowsPowerShell\v1.0\;C:\WINDOWS\System32\OpenSSH\;C:\Program Files\dotnet\;C:\Program Files (x86)\Visual Leak Detector\bin\Win32;C:\Program Files (x86)\Visual Leak Detector\bin\Win64;C:\Program Files\Git\cmd;C:\Program Files\Azure Data Studio\bin;C:\ProgramData\chocolatey\bin;C:\Program Files (x86)\Steel Bank Common Lisp\;C:\Program Files\WireGuard\;%NVM_HOME%;%NVM_SYMLINK%;C:\Program Files\Docker\Docker\resources\bin;C:\Program Files (x86)\NetSarang\Xshell 7\;C:\Users\User\AppData\Local\nvs\node\18.0.0\x64;C:\Users\User\AppData\Roaming\nvm;C:\Program Files\nodejs;C:\Users\User\AppData\Local\Programs\Microsoft VS Code\bin
USERNAME=User
DISPLAY=:0.0
LC_ALL=en_US.UTF-8
TERM=cygwin
TMPDIR=C:\Users\User\AppData\Local\Temp
OS=Windows_NT
PROCESSOR_IDENTIFIER=Intel64 Family 6 Model 78 Stepping 3, GenuineIntel
TMP=C:\Users\User\AppData\Local\Temp
TEMP=C:\Users\User\AppData\Local\Temp



Periodic native trim disabled

JNI global refs:
JNI global refs: 18, weak refs: 0

JNI global refs memory usage: 843, weak refs: 209

OOME stack traces (most recent first):
Classloader memory used:
Loader bootstrap                                                                       : 1228K
Loader jdk.internal.loader.ClassLoaders$PlatformClassLoader                            : 34547B
Loader jdk.internal.loader.ClassLoaders$AppClassLoader                                 : 1808B


---------------  S Y S T E M  ---------------

OS:
 Windows 10 , 64 bit Build 19041 (10.0.19041.4717)
OS uptime: 0 days 19:40 hours
Hyper-V role detected

CPU: total 4 (initial active 4) (2 cores per cpu, 2 threads per core) family 6 model 78 stepping 3 microcode 0xe2, cx8, cmov, fxsr, ht, mmx, 3dnowpref, sse, sse2, sse3, ssse3, sse4.1, sse4.2, popcnt, lzcnt, tsc, tscinvbit, avx, avx2, aes, erms, clmul, bmi1, bmi2, rtm, adx, fma, vzeroupper, clflush, clflushopt, hv
Processor Information for processor 0
  Max Mhz: 2501, Current Mhz: 1500, Mhz Limit: 2501
Processor Information for processor 1
  Max Mhz: 2501, Current Mhz: 1500, Mhz Limit: 2501
Processor Information for processor 2
  Max Mhz: 2501, Current Mhz: 2501, Mhz Limit: 2501
Processor Information for processor 3
  Max Mhz: 2501, Current Mhz: 1500, Mhz Limit: 2501

Memory: 4k page, system-wide physical 16242M (2868M free)
TotalPageFile size 16242M (AvailPageFile size 6M)
current process WorkingSet (physical memory assigned to process): 49M, peak: 49M
current process commit charge ("private bytes"): 335M, peak: 336M

vm_info: OpenJDK 64-Bit Server VM (17.0.10+1-b1087.21) for windows-amd64 JRE (17.0.10+1-b1087.21), built on 2024-03-02 by "builduser" with MS VC++ 16.10 / 16.11 (VS2019)

END.
