#
# There is insufficient memory for the Java Runtime Environment to continue.
# Native memory allocation (malloc) failed to allocate 257504 bytes for Chunk::new
# Possible reasons:
#   The system is out of physical RAM or swap space
#   The process is running with CompressedOops enabled, and the Java Heap may be blocking the growth of the native heap
# Possible solutions:
#   Reduce memory load on the system
#   Increase physical memory or swap space
#   Check if swap backing store is full
#   Decrease Java heap size (-Xmx/-Xms)
#   Decrease number of Java threads
#   Decrease Java thread stack sizes (-Xss)
#   Set larger code cache with -XX:ReservedCodeCacheSize=
#   JVM is running with Zero Based Compressed Oops mode in which the Java heap is
#     placed in the first 32GB address space. The Java Heap base address is the
#     maximum limit for the native heap growth. Please use -XX:HeapBaseMinAddress
#     to set the Java Heap base and to place the Java Heap above 32GB virtual address.
# This output file may be truncated or incomplete.
#
#  Out of Memory Error (arena.cpp:191), pid=46732, tid=13060
#
# JRE version: OpenJDK Runtime Environment JBR-17.0.10+1-1087.21-jcef (17.0.10+1) (build 17.0.10+1-b1087.21)
# Java VM: OpenJDK 64-Bit Server VM JBR-17.0.10+1-1087.21-jcef (17.0.10+1-b1087.21, mixed mode, tiered, compressed oops, compressed class ptrs, g1 gc, windows-amd64)
# No core dump will be written. Minidumps are not enabled by default on client versions of Windows
#

---------------  S U M M A R Y ------------

Command Line: git4idea.http.GitAskPassApp Username for 'https://github.com': 

Host: Intel(R) Core(TM) i5-6300U CPU @ 2.40GHz, 4 cores, 15G,  Windows 10 , 64 bit Build 19041 (10.0.19041.4717)
Time: Wed Sep  4 16:21:12 2024 RTZ 2 (s 10 , 64 bit Build 19041 (10.0.19041.4717) elapsed time: 6.862591 seconds (0d 0h 0m 6s)

---------------  T H R E A D  ---------------

Current thread (0x0000017e04086000):  JavaThread "C2 CompilerThread0" daemon [_thread_in_native, id=13060, stack(0x00000058b2f00000,0x00000058b3000000)]


Current CompileTask:
C2:   6862 1042       4       jdk.internal.org.objectweb.asm.SymbolTable::addConstantUtf8 (98 bytes)

Stack: [0x00000058b2f00000,0x00000058b3000000]
Native frames: (J=compiled Java code, j=interpreted, Vv=VM code, C=native code)
V  [jvm.dll+0x688ac9]
V  [jvm.dll+0x84220a]
V  [jvm.dll+0x843e4e]
V  [jvm.dll+0x8444b3]
V  [jvm.dll+0x24ba8f]
V  [jvm.dll+0xac524]
V  [jvm.dll+0xacb6c]
V  [jvm.dll+0x36b9c7]
V  [jvm.dll+0x335dba]
V  [jvm.dll+0x33525a]
V  [jvm.dll+0x21d751]
V  [jvm.dll+0x21cb71]
V  [jvm.dll+0x1a603d]
V  [jvm.dll+0x22ca18]
V  [jvm.dll+0x22ab50]
V  [jvm.dll+0x7f6687]
V  [jvm.dll+0x7f0a8a]
V  [jvm.dll+0x687945]
C  [ucrtbase.dll+0x21bb2]
C  [KERNEL32.DLL+0x17374]
C  [ntdll.dll+0x4cc91]


---------------  P R O C E S S  ---------------

Threads class SMR info:
_java_thread_list=0x0000017e048ea940, length=16, elements={
0x0000017e5fbb0240, 0x0000017e04052620, 0x0000017e040532b0, 0x0000017e040676b0,
0x0000017e04068180, 0x0000017e0406aa60, 0x0000017e0406b330, 0x0000017e04086000,
0x0000017e04086910, 0x0000017e0408c960, 0x0000017e041c3660, 0x0000017e041e9440,
0x0000017e0485cbd0, 0x0000017e048c9250, 0x0000017e048cae20, 0x0000017e04925ad0
}

Java Threads: ( => current thread )
  0x0000017e5fbb0240 JavaThread "main" [_thread_blocked, id=21788, stack(0x00000058b2200000,0x00000058b2300000)]
  0x0000017e04052620 JavaThread "Reference Handler" daemon [_thread_blocked, id=37612, stack(0x00000058b2900000,0x00000058b2a00000)]
  0x0000017e040532b0 JavaThread "Finalizer" daemon [_thread_blocked, id=30524, stack(0x00000058b2a00000,0x00000058b2b00000)]
  0x0000017e040676b0 JavaThread "Signal Dispatcher" daemon [_thread_blocked, id=20748, stack(0x00000058b2b00000,0x00000058b2c00000)]
  0x0000017e04068180 JavaThread "Attach Listener" daemon [_thread_blocked, id=49056, stack(0x00000058b2c00000,0x00000058b2d00000)]
  0x0000017e0406aa60 JavaThread "Service Thread" daemon [_thread_blocked, id=26720, stack(0x00000058b2d00000,0x00000058b2e00000)]
  0x0000017e0406b330 JavaThread "Monitor Deflation Thread" daemon [_thread_blocked, id=7232, stack(0x00000058b2e00000,0x00000058b2f00000)]
=>0x0000017e04086000 JavaThread "C2 CompilerThread0" daemon [_thread_in_native, id=13060, stack(0x00000058b2f00000,0x00000058b3000000)]
  0x0000017e04086910 JavaThread "C1 CompilerThread0" daemon [_thread_in_native, id=5572, stack(0x00000058b3000000,0x00000058b3100000)]
  0x0000017e0408c960 JavaThread "Sweeper thread" daemon [_thread_blocked, id=16768, stack(0x00000058b3100000,0x00000058b3200000)]
  0x0000017e041c3660 JavaThread "Notification Thread" daemon [_thread_blocked, id=29040, stack(0x00000058b3200000,0x00000058b3300000)]
  0x0000017e041e9440 JavaThread "Common-Cleaner" daemon [_thread_blocked, id=44044, stack(0x00000058b3400000,0x00000058b3500000)]
  0x0000017e0485cbd0 JavaThread "HttpClient-1-SelectorManager" daemon [_thread_in_native, id=40936, stack(0x00000058b3500000,0x00000058b3600000)]
  0x0000017e048c9250 JavaThread "HttpClient-1-Worker-0" daemon [_thread_blocked, id=9068, stack(0x00000058b3700000,0x00000058b3800000)]
  0x0000017e048cae20 JavaThread "HttpClient-1-Worker-1" daemon [_thread_blocked, id=13848, stack(0x00000058b3800000,0x00000058b3900000)]
  0x0000017e04925ad0 JavaThread "C2 CompilerThread1" daemon [_thread_in_native, id=29396, stack(0x00000058b3900000,0x00000058b3a00000)]

Other Threads:
  0x0000017e0402f620 VMThread "VM Thread" [stack: 0x00000058b2800000,0x00000058b2900000] [id=43724]
  0x0000017e041c3b40 WatcherThread [stack: 0x00000058b3300000,0x00000058b3400000] [id=24336]
  0x0000017e5fc1a040 GCTaskThread "GC Thread#0" [stack: 0x00000058b2300000,0x00000058b2400000] [id=27936]
  0x0000017e0490b6f0 GCTaskThread "GC Thread#1" [stack: 0x00000058b3a00000,0x00000058b3b00000] [id=31672]
  0x0000017e048dfd70 GCTaskThread "GC Thread#2" [stack: 0x00000058b3b00000,0x00000058b3c00000] [id=39316]
  0x0000017e049131e0 GCTaskThread "GC Thread#3" [stack: 0x00000058b3c00000,0x00000058b3d00000] [id=38648]
  0x0000017e5fc2ac70 ConcurrentGCThread "G1 Main Marker" [stack: 0x00000058b2400000,0x00000058b2500000] [id=14520]
  0x0000017e5fc2b5a0 ConcurrentGCThread "G1 Conc#0" [stack: 0x00000058b2500000,0x00000058b2600000] [id=50068]
  0x0000017e5fc6de20 ConcurrentGCThread "G1 Refine#0" [stack: 0x00000058b2600000,0x00000058b2700000] [id=18460]
  0x0000017e5fc6e760 ConcurrentGCThread "G1 Service" [stack: 0x00000058b2700000,0x00000058b2800000] [id=29588]

Threads with active compile tasks:
C2 CompilerThread0     6898 1042       4       jdk.internal.org.objectweb.asm.SymbolTable::addConstantUtf8 (98 bytes)
C1 CompilerThread0     6898 1077       3       jdk.internal.misc.Unsafe::copyMemoryChecks (21 bytes)
C2 CompilerThread1     6898 1061       4       java.lang.AbstractStringBuilder::append (45 bytes)

VM state: not at safepoint (normal execution)

VM Mutex/Monitor currently owned by a thread: None

Heap address: 0x0000000702200000, size: 4062 MB, Compressed Oops mode: Zero based, Oop shift amount: 3

CDS archive(s) not mapped
Compressed class space mapped at: 0x0000000800000000-0x0000000840000000, reserved size: 1073741824
Narrow klass base: 0x0000000800000000, Narrow klass shift: 0, Narrow klass range: 0x40000000

GC Precious Log:
 CPUs: 4 total, 4 available
 Memory: 16242M
 Large Page Support: Disabled
 NUMA Support: Disabled
 Compressed Oops: Enabled (Zero based)
 Heap Region Size: 2M
 Heap Min Capacity: 8M
 Heap Initial Capacity: 254M
 Heap Max Capacity: 4062M
 Pre-touch: Disabled
 Parallel Workers: 4
 Concurrent Workers: 1
 Concurrent Refinement Workers: 4
 Periodic GC: Disabled

Heap:
 garbage-first heap   total 260096K, used 2215K [0x0000000702200000, 0x0000000800000000)
  region size 2048K, 2 young (4096K), 1 survivors (2048K)
 Metaspace       used 16606K, committed 16768K, reserved 1114112K
  class space    used 1745K, committed 1792K, reserved 1048576K

Heap Regions: E=young(eden), S=young(survivor), O=old, HS=humongous(starts), HC=humongous(continues), CS=collection set, F=free, OA=open archive, CA=closed archive, TAMS=top-at-mark-start (previous, next)
|   0|0x0000000702200000, 0x0000000702229e00, 0x0000000702400000|  8%| O|  |TAMS 0x0000000702200000, 0x0000000702200000| Untracked 
|   1|0x0000000702400000, 0x0000000702400000, 0x0000000702600000|  0%| F|  |TAMS 0x0000000702400000, 0x0000000702400000| Untracked 
|   2|0x0000000702600000, 0x0000000702600000, 0x0000000702800000|  0%| F|  |TAMS 0x0000000702600000, 0x0000000702600000| Untracked 
|   3|0x0000000702800000, 0x0000000702800000, 0x0000000702a00000|  0%| F|  |TAMS 0x0000000702800000, 0x0000000702800000| Untracked 
|   4|0x0000000702a00000, 0x0000000702a00000, 0x0000000702c00000|  0%| F|  |TAMS 0x0000000702a00000, 0x0000000702a00000| Untracked 
|   5|0x0000000702c00000, 0x0000000702c00000, 0x0000000702e00000|  0%| F|  |TAMS 0x0000000702c00000, 0x0000000702c00000| Untracked 
|   6|0x0000000702e00000, 0x0000000702e00000, 0x0000000703000000|  0%| F|  |TAMS 0x0000000702e00000, 0x0000000702e00000| Untracked 
|   7|0x0000000703000000, 0x0000000703000000, 0x0000000703200000|  0%| F|  |TAMS 0x0000000703000000, 0x0000000703000000| Untracked 
|   8|0x0000000703200000, 0x0000000703200000, 0x0000000703400000|  0%| F|  |TAMS 0x0000000703200000, 0x0000000703200000| Untracked 
|   9|0x0000000703400000, 0x0000000703400000, 0x0000000703600000|  0%| F|  |TAMS 0x0000000703400000, 0x0000000703400000| Untracked 
|  10|0x0000000703600000, 0x0000000703600000, 0x0000000703800000|  0%| F|  |TAMS 0x0000000703600000, 0x0000000703600000| Untracked 
|  11|0x0000000703800000, 0x0000000703800000, 0x0000000703a00000|  0%| F|  |TAMS 0x0000000703800000, 0x0000000703800000| Untracked 
|  12|0x0000000703a00000, 0x0000000703a00000, 0x0000000703c00000|  0%| F|  |TAMS 0x0000000703a00000, 0x0000000703a00000| Untracked 
|  13|0x0000000703c00000, 0x0000000703c00000, 0x0000000703e00000|  0%| F|  |TAMS 0x0000000703c00000, 0x0000000703c00000| Untracked 
|  14|0x0000000703e00000, 0x0000000703e00000, 0x0000000704000000|  0%| F|  |TAMS 0x0000000703e00000, 0x0000000703e00000| Untracked 
|  15|0x0000000704000000, 0x0000000704000000, 0x0000000704200000|  0%| F|  |TAMS 0x0000000704000000, 0x0000000704000000| Untracked 
|  16|0x0000000704200000, 0x0000000704200000, 0x0000000704400000|  0%| F|  |TAMS 0x0000000704200000, 0x0000000704200000| Untracked 
|  17|0x0000000704400000, 0x0000000704400000, 0x0000000704600000|  0%| F|  |TAMS 0x0000000704400000, 0x0000000704400000| Untracked 
|  18|0x0000000704600000, 0x0000000704600000, 0x0000000704800000|  0%| F|  |TAMS 0x0000000704600000, 0x0000000704600000| Untracked 
|  19|0x0000000704800000, 0x0000000704800000, 0x0000000704a00000|  0%| F|  |TAMS 0x0000000704800000, 0x0000000704800000| Untracked 
|  20|0x0000000704a00000, 0x0000000704a00000, 0x0000000704c00000|  0%| F|  |TAMS 0x0000000704a00000, 0x0000000704a00000| Untracked 
|  21|0x0000000704c00000, 0x0000000704c00000, 0x0000000704e00000|  0%| F|  |TAMS 0x0000000704c00000, 0x0000000704c00000| Untracked 
|  22|0x0000000704e00000, 0x0000000704e00000, 0x0000000705000000|  0%| F|  |TAMS 0x0000000704e00000, 0x0000000704e00000| Untracked 
|  23|0x0000000705000000, 0x0000000705000000, 0x0000000705200000|  0%| F|  |TAMS 0x0000000705000000, 0x0000000705000000| Untracked 
|  24|0x0000000705200000, 0x0000000705200000, 0x0000000705400000|  0%| F|  |TAMS 0x0000000705200000, 0x0000000705200000| Untracked 
|  25|0x0000000705400000, 0x0000000705400000, 0x0000000705600000|  0%| F|  |TAMS 0x0000000705400000, 0x0000000705400000| Untracked 
|  26|0x0000000705600000, 0x0000000705600000, 0x0000000705800000|  0%| F|  |TAMS 0x0000000705600000, 0x0000000705600000| Untracked 
|  27|0x0000000705800000, 0x0000000705800000, 0x0000000705a00000|  0%| F|  |TAMS 0x0000000705800000, 0x0000000705800000| Untracked 
|  28|0x0000000705a00000, 0x0000000705a00000, 0x0000000705c00000|  0%| F|  |TAMS 0x0000000705a00000, 0x0000000705a00000| Untracked 
|  29|0x0000000705c00000, 0x0000000705c00000, 0x0000000705e00000|  0%| F|  |TAMS 0x0000000705c00000, 0x0000000705c00000| Untracked 
|  30|0x0000000705e00000, 0x0000000705e00000, 0x0000000706000000|  0%| F|  |TAMS 0x0000000705e00000, 0x0000000705e00000| Untracked 
|  31|0x0000000706000000, 0x0000000706000000, 0x0000000706200000|  0%| F|  |TAMS 0x0000000706000000, 0x0000000706000000| Untracked 
|  32|0x0000000706200000, 0x0000000706200000, 0x0000000706400000|  0%| F|  |TAMS 0x0000000706200000, 0x0000000706200000| Untracked 
|  33|0x0000000706400000, 0x0000000706400000, 0x0000000706600000|  0%| F|  |TAMS 0x0000000706400000, 0x0000000706400000| Untracked 
|  34|0x0000000706600000, 0x0000000706600000, 0x0000000706800000|  0%| F|  |TAMS 0x0000000706600000, 0x0000000706600000| Untracked 
|  35|0x0000000706800000, 0x0000000706800000, 0x0000000706a00000|  0%| F|  |TAMS 0x0000000706800000, 0x0000000706800000| Untracked 
|  36|0x0000000706a00000, 0x0000000706a00000, 0x0000000706c00000|  0%| F|  |TAMS 0x0000000706a00000, 0x0000000706a00000| Untracked 
|  37|0x0000000706c00000, 0x0000000706c00000, 0x0000000706e00000|  0%| F|  |TAMS 0x0000000706c00000, 0x0000000706c00000| Untracked 
|  38|0x0000000706e00000, 0x0000000706e00000, 0x0000000707000000|  0%| F|  |TAMS 0x0000000706e00000, 0x0000000706e00000| Untracked 
|  39|0x0000000707000000, 0x0000000707000000, 0x0000000707200000|  0%| F|  |TAMS 0x0000000707000000, 0x0000000707000000| Untracked 
|  40|0x0000000707200000, 0x0000000707200000, 0x0000000707400000|  0%| F|  |TAMS 0x0000000707200000, 0x0000000707200000| Untracked 
|  41|0x0000000707400000, 0x0000000707400000, 0x0000000707600000|  0%| F|  |TAMS 0x0000000707400000, 0x0000000707400000| Untracked 
|  42|0x0000000707600000, 0x0000000707600000, 0x0000000707800000|  0%| F|  |TAMS 0x0000000707600000, 0x0000000707600000| Untracked 
|  43|0x0000000707800000, 0x0000000707800000, 0x0000000707a00000|  0%| F|  |TAMS 0x0000000707800000, 0x0000000707800000| Untracked 
|  44|0x0000000707a00000, 0x0000000707a00000, 0x0000000707c00000|  0%| F|  |TAMS 0x0000000707a00000, 0x0000000707a00000| Untracked 
|  45|0x0000000707c00000, 0x0000000707c00000, 0x0000000707e00000|  0%| F|  |TAMS 0x0000000707c00000, 0x0000000707c00000| Untracked 
|  46|0x0000000707e00000, 0x0000000707e00000, 0x0000000708000000|  0%| F|  |TAMS 0x0000000707e00000, 0x0000000707e00000| Untracked 
|  47|0x0000000708000000, 0x0000000708000000, 0x0000000708200000|  0%| F|  |TAMS 0x0000000708000000, 0x0000000708000000| Untracked 
|  48|0x0000000708200000, 0x0000000708200000, 0x0000000708400000|  0%| F|  |TAMS 0x0000000708200000, 0x0000000708200000| Untracked 
|  49|0x0000000708400000, 0x0000000708400000, 0x0000000708600000|  0%| F|  |TAMS 0x0000000708400000, 0x0000000708400000| Untracked 
|  50|0x0000000708600000, 0x0000000708600000, 0x0000000708800000|  0%| F|  |TAMS 0x0000000708600000, 0x0000000708600000| Untracked 
|  51|0x0000000708800000, 0x0000000708800000, 0x0000000708a00000|  0%| F|  |TAMS 0x0000000708800000, 0x0000000708800000| Untracked 
|  52|0x0000000708a00000, 0x0000000708a00000, 0x0000000708c00000|  0%| F|  |TAMS 0x0000000708a00000, 0x0000000708a00000| Untracked 
|  53|0x0000000708c00000, 0x0000000708c00000, 0x0000000708e00000|  0%| F|  |TAMS 0x0000000708c00000, 0x0000000708c00000| Untracked 
|  54|0x0000000708e00000, 0x0000000708e00000, 0x0000000709000000|  0%| F|  |TAMS 0x0000000708e00000, 0x0000000708e00000| Untracked 
|  55|0x0000000709000000, 0x0000000709000000, 0x0000000709200000|  0%| F|  |TAMS 0x0000000709000000, 0x0000000709000000| Untracked 
|  56|0x0000000709200000, 0x0000000709200000, 0x0000000709400000|  0%| F|  |TAMS 0x0000000709200000, 0x0000000709200000| Untracked 
|  57|0x0000000709400000, 0x0000000709400000, 0x0000000709600000|  0%| F|  |TAMS 0x0000000709400000, 0x0000000709400000| Untracked 
|  58|0x0000000709600000, 0x0000000709600000, 0x0000000709800000|  0%| F|  |TAMS 0x0000000709600000, 0x0000000709600000| Untracked 
|  59|0x0000000709800000, 0x0000000709800000, 0x0000000709a00000|  0%| F|  |TAMS 0x0000000709800000, 0x0000000709800000| Untracked 
|  60|0x0000000709a00000, 0x0000000709a00000, 0x0000000709c00000|  0%| F|  |TAMS 0x0000000709a00000, 0x0000000709a00000| Untracked 
|  61|0x0000000709c00000, 0x0000000709c00000, 0x0000000709e00000|  0%| F|  |TAMS 0x0000000709c00000, 0x0000000709c00000| Untracked 
|  62|0x0000000709e00000, 0x0000000709e00000, 0x000000070a000000|  0%| F|  |TAMS 0x0000000709e00000, 0x0000000709e00000| Untracked 
|  63|0x000000070a000000, 0x000000070a000000, 0x000000070a200000|  0%| F|  |TAMS 0x000000070a000000, 0x000000070a000000| Untracked 
|  64|0x000000070a200000, 0x000000070a200000, 0x000000070a400000|  0%| F|  |TAMS 0x000000070a200000, 0x000000070a200000| Untracked 
|  65|0x000000070a400000, 0x000000070a400000, 0x000000070a600000|  0%| F|  |TAMS 0x000000070a400000, 0x000000070a400000| Untracked 
|  66|0x000000070a600000, 0x000000070a600000, 0x000000070a800000|  0%| F|  |TAMS 0x000000070a600000, 0x000000070a600000| Untracked 
|  67|0x000000070a800000, 0x000000070a800000, 0x000000070aa00000|  0%| F|  |TAMS 0x000000070a800000, 0x000000070a800000| Untracked 
|  68|0x000000070aa00000, 0x000000070aa00000, 0x000000070ac00000|  0%| F|  |TAMS 0x000000070aa00000, 0x000000070aa00000| Untracked 
|  69|0x000000070ac00000, 0x000000070ac00000, 0x000000070ae00000|  0%| F|  |TAMS 0x000000070ac00000, 0x000000070ac00000| Untracked 
|  70|0x000000070ae00000, 0x000000070ae00000, 0x000000070b000000|  0%| F|  |TAMS 0x000000070ae00000, 0x000000070ae00000| Untracked 
|  71|0x000000070b000000, 0x000000070b000000, 0x000000070b200000|  0%| F|  |TAMS 0x000000070b000000, 0x000000070b000000| Untracked 
|  72|0x000000070b200000, 0x000000070b200000, 0x000000070b400000|  0%| F|  |TAMS 0x000000070b200000, 0x000000070b200000| Untracked 
|  73|0x000000070b400000, 0x000000070b400000, 0x000000070b600000|  0%| F|  |TAMS 0x000000070b400000, 0x000000070b400000| Untracked 
|  74|0x000000070b600000, 0x000000070b600000, 0x000000070b800000|  0%| F|  |TAMS 0x000000070b600000, 0x000000070b600000| Untracked 
|  75|0x000000070b800000, 0x000000070b800000, 0x000000070ba00000|  0%| F|  |TAMS 0x000000070b800000, 0x000000070b800000| Untracked 
|  76|0x000000070ba00000, 0x000000070ba00000, 0x000000070bc00000|  0%| F|  |TAMS 0x000000070ba00000, 0x000000070ba00000| Untracked 
|  77|0x000000070bc00000, 0x000000070bc00000, 0x000000070be00000|  0%| F|  |TAMS 0x000000070bc00000, 0x000000070bc00000| Untracked 
|  78|0x000000070be00000, 0x000000070be00000, 0x000000070c000000|  0%| F|  |TAMS 0x000000070be00000, 0x000000070be00000| Untracked 
|  79|0x000000070c000000, 0x000000070c000000, 0x000000070c200000|  0%| F|  |TAMS 0x000000070c000000, 0x000000070c000000| Untracked 
|  80|0x000000070c200000, 0x000000070c200000, 0x000000070c400000|  0%| F|  |TAMS 0x000000070c200000, 0x000000070c200000| Untracked 
|  81|0x000000070c400000, 0x000000070c400000, 0x000000070c600000|  0%| F|  |TAMS 0x000000070c400000, 0x000000070c400000| Untracked 
|  82|0x000000070c600000, 0x000000070c600000, 0x000000070c800000|  0%| F|  |TAMS 0x000000070c600000, 0x000000070c600000| Untracked 
|  83|0x000000070c800000, 0x000000070c800000, 0x000000070ca00000|  0%| F|  |TAMS 0x000000070c800000, 0x000000070c800000| Untracked 
|  84|0x000000070ca00000, 0x000000070ca00000, 0x000000070cc00000|  0%| F|  |TAMS 0x000000070ca00000, 0x000000070ca00000| Untracked 
|  85|0x000000070cc00000, 0x000000070cc00000, 0x000000070ce00000|  0%| F|  |TAMS 0x000000070cc00000, 0x000000070cc00000| Untracked 
|  86|0x000000070ce00000, 0x000000070ce00000, 0x000000070d000000|  0%| F|  |TAMS 0x000000070ce00000, 0x000000070ce00000| Untracked 
|  87|0x000000070d000000, 0x000000070d000000, 0x000000070d200000|  0%| F|  |TAMS 0x000000070d000000, 0x000000070d000000| Untracked 
|  88|0x000000070d200000, 0x000000070d200000, 0x000000070d400000|  0%| F|  |TAMS 0x000000070d200000, 0x000000070d200000| Untracked 
|  89|0x000000070d400000, 0x000000070d400000, 0x000000070d600000|  0%| F|  |TAMS 0x000000070d400000, 0x000000070d400000| Untracked 
|  90|0x000000070d600000, 0x000000070d600000, 0x000000070d800000|  0%| F|  |TAMS 0x000000070d600000, 0x000000070d600000| Untracked 
|  91|0x000000070d800000, 0x000000070d800000, 0x000000070da00000|  0%| F|  |TAMS 0x000000070d800000, 0x000000070d800000| Untracked 
|  92|0x000000070da00000, 0x000000070da00000, 0x000000070dc00000|  0%| F|  |TAMS 0x000000070da00000, 0x000000070da00000| Untracked 
|  93|0x000000070dc00000, 0x000000070dc00000, 0x000000070de00000|  0%| F|  |TAMS 0x000000070dc00000, 0x000000070dc00000| Untracked 
|  94|0x000000070de00000, 0x000000070de00000, 0x000000070e000000|  0%| F|  |TAMS 0x000000070de00000, 0x000000070de00000| Untracked 
|  95|0x000000070e000000, 0x000000070e000000, 0x000000070e200000|  0%| F|  |TAMS 0x000000070e000000, 0x000000070e000000| Untracked 
|  96|0x000000070e200000, 0x000000070e200000, 0x000000070e400000|  0%| F|  |TAMS 0x000000070e200000, 0x000000070e200000| Untracked 
|  97|0x000000070e400000, 0x000000070e400000, 0x000000070e600000|  0%| F|  |TAMS 0x000000070e400000, 0x000000070e400000| Untracked 
|  98|0x000000070e600000, 0x000000070e600000, 0x000000070e800000|  0%| F|  |TAMS 0x000000070e600000, 0x000000070e600000| Untracked 
|  99|0x000000070e800000, 0x000000070e800000, 0x000000070ea00000|  0%| F|  |TAMS 0x000000070e800000, 0x000000070e800000| Untracked 
| 100|0x000000070ea00000, 0x000000070ea00000, 0x000000070ec00000|  0%| F|  |TAMS 0x000000070ea00000, 0x000000070ea00000| Untracked 
| 101|0x000000070ec00000, 0x000000070ec00000, 0x000000070ee00000|  0%| F|  |TAMS 0x000000070ec00000, 0x000000070ec00000| Untracked 
| 102|0x000000070ee00000, 0x000000070ee00000, 0x000000070f000000|  0%| F|  |TAMS 0x000000070ee00000, 0x000000070ee00000| Untracked 
| 103|0x000000070f000000, 0x000000070f000000, 0x000000070f200000|  0%| F|  |TAMS 0x000000070f000000, 0x000000070f000000| Untracked 
| 104|0x000000070f200000, 0x000000070f200000, 0x000000070f400000|  0%| F|  |TAMS 0x000000070f200000, 0x000000070f200000| Untracked 
| 105|0x000000070f400000, 0x000000070f400000, 0x000000070f600000|  0%| F|  |TAMS 0x000000070f400000, 0x000000070f400000| Untracked 
| 106|0x000000070f600000, 0x000000070f600000, 0x000000070f800000|  0%| F|  |TAMS 0x000000070f600000, 0x000000070f600000| Untracked 
| 107|0x000000070f800000, 0x000000070f800000, 0x000000070fa00000|  0%| F|  |TAMS 0x000000070f800000, 0x000000070f800000| Untracked 
| 108|0x000000070fa00000, 0x000000070fa00000, 0x000000070fc00000|  0%| F|  |TAMS 0x000000070fa00000, 0x000000070fa00000| Untracked 
| 109|0x000000070fc00000, 0x000000070fc00000, 0x000000070fe00000|  0%| F|  |TAMS 0x000000070fc00000, 0x000000070fc00000| Untracked 
| 110|0x000000070fe00000, 0x000000070fe00000, 0x0000000710000000|  0%| F|  |TAMS 0x000000070fe00000, 0x000000070fe00000| Untracked 
| 111|0x0000000710000000, 0x0000000710000000, 0x0000000710200000|  0%| F|  |TAMS 0x0000000710000000, 0x0000000710000000| Untracked 
| 112|0x0000000710200000, 0x0000000710200000, 0x0000000710400000|  0%| F|  |TAMS 0x0000000710200000, 0x0000000710200000| Untracked 
| 113|0x0000000710400000, 0x0000000710400000, 0x0000000710600000|  0%| F|  |TAMS 0x0000000710400000, 0x0000000710400000| Untracked 
| 114|0x0000000710600000, 0x0000000710600000, 0x0000000710800000|  0%| F|  |TAMS 0x0000000710600000, 0x0000000710600000| Untracked 
| 115|0x0000000710800000, 0x0000000710800000, 0x0000000710a00000|  0%| F|  |TAMS 0x0000000710800000, 0x0000000710800000| Untracked 
| 116|0x0000000710a00000, 0x0000000710a00000, 0x0000000710c00000|  0%| F|  |TAMS 0x0000000710a00000, 0x0000000710a00000| Untracked 
| 117|0x0000000710c00000, 0x0000000710c00000, 0x0000000710e00000|  0%| F|  |TAMS 0x0000000710c00000, 0x0000000710c00000| Untracked 
| 118|0x0000000710e00000, 0x0000000710e00000, 0x0000000711000000|  0%| F|  |TAMS 0x0000000710e00000, 0x0000000710e00000| Untracked 
| 119|0x0000000711000000, 0x0000000711000000, 0x0000000711200000|  0%| F|  |TAMS 0x0000000711000000, 0x0000000711000000| Untracked 
| 120|0x0000000711200000, 0x0000000711400000, 0x0000000711400000|100%| S|CS|TAMS 0x0000000711200000, 0x0000000711200000| Complete 
| 121|0x0000000711400000, 0x0000000711400000, 0x0000000711600000|  0%| F|  |TAMS 0x0000000711400000, 0x0000000711400000| Untracked 
| 122|0x0000000711600000, 0x0000000711600000, 0x0000000711800000|  0%| F|  |TAMS 0x0000000711600000, 0x0000000711600000| Untracked 
| 123|0x0000000711800000, 0x0000000711800000, 0x0000000711a00000|  0%| F|  |TAMS 0x0000000711800000, 0x0000000711800000| Untracked 
| 124|0x0000000711a00000, 0x0000000711a00000, 0x0000000711c00000|  0%| F|  |TAMS 0x0000000711a00000, 0x0000000711a00000| Untracked 
| 125|0x0000000711c00000, 0x0000000711c22ba0, 0x0000000711e00000|  6%| E|  |TAMS 0x0000000711c00000, 0x0000000711c00000| Complete 
| 126|0x0000000711e00000, 0x0000000712000000, 0x0000000712000000|100%| E|CS|TAMS 0x0000000711e00000, 0x0000000711e00000| Complete 

Card table byte_map: [0x0000017e74920000,0x0000017e75110000] _byte_map_base: 0x0000017e7110f000

Marking Bits (Prev, Next): (CMBitMap*) 0x0000017e5fc1a570, (CMBitMap*) 0x0000017e5fc1a5b0
 Prev Bits: [0x0000017e75900000, 0x0000017e79878000)
 Next Bits: [0x0000017e79880000, 0x0000017e7d7f8000)

Polling page: 0x0000017e64ae0000

Metaspace:

Usage:
  Non-class:     14.53 MB used.
      Class:      1.71 MB used.
       Both:     16.24 MB used.

Virtual space:
  Non-class space:       64.00 MB reserved,      14.62 MB ( 23%) committed,  1 nodes.
      Class space:        1.00 GB reserved,       1.81 MB ( <1%) committed,  1 nodes.
             Both:        1.06 GB reserved,      16.44 MB (  2%) committed. 

Chunk freelists:
   Non-Class:  773.00 KB
       Class:  14.17 MB
        Both:  14.93 MB

MaxMetaspaceSize: unlimited
CompressedClassSpaceSize: 1.00 GB
Initial GC threshold: 21.00 MB
Current GC threshold: 21.00 MB
CDS: off
MetaspaceReclaimPolicy: balanced
 - commit_granule_bytes: 65536.
 - commit_granule_words: 8192.
 - virtual_space_node_default_size: 8388608.
 - enlarge_chunks_in_place: 1.
 - new_chunks_are_fully_committed: 0.
 - uncommit_free_chunks: 1.
 - use_allocation_guard: 0.
 - handle_deallocations: 1.


Internal statistics:

num_allocs_failed_limit: 0.
num_arena_births: 146.
num_arena_deaths: 0.
num_vsnodes_births: 2.
num_vsnodes_deaths: 0.
num_space_committed: 263.
num_space_uncommitted: 0.
num_chunks_returned_to_freelist: 0.
num_chunks_taken_from_freelist: 303.
num_chunk_merges: 0.
num_chunk_splits: 177.
num_chunks_enlarged: 104.
num_inconsistent_stats: 0.

CodeHeap 'non-profiled nmethods': size=120000Kb used=320Kb max_used=320Kb free=119679Kb
 bounds [0x0000017e6c5d0000, 0x0000017e6c840000, 0x0000017e73b00000]
CodeHeap 'profiled nmethods': size=120000Kb used=1821Kb max_used=1821Kb free=118178Kb
 bounds [0x0000017e64b00000, 0x0000017e64d70000, 0x0000017e6c030000]
CodeHeap 'non-nmethods': size=5760Kb used=1188Kb max_used=1213Kb free=4571Kb
 bounds [0x0000017e6c030000, 0x0000017e6c2a0000, 0x0000017e6c5d0000]
 total_blobs=1559 nmethods=1076 adapters=396
 compilation: enabled
              stopped_count=0, restarted_count=0
 full_count=0

Compilation events (20 events):
Event: 6.840 Thread 0x0000017e04086910 1049       3       jdk.internal.misc.Unsafe::checkOffset (32 bytes)
Event: 6.840 Thread 0x0000017e04925ad0 1050   !   4       java.util.zip.Inflater::finished (19 bytes)
Event: 6.841 Thread 0x0000017e04086910 nmethod 1049 0x0000017e64cb1d90 code [0x0000017e64cb1f40, 0x0000017e64cb21c8]
Event: 6.841 Thread 0x0000017e04086910 1051   !   3       jdk.internal.loader.BuiltinClassLoader::defineClass (162 bytes)
Event: 6.842 Thread 0x0000017e04925ad0 nmethod 1050 0x0000017e6c61ed90 code [0x0000017e6c61ef00, 0x0000017e6c61f0d8]
Event: 6.848 Thread 0x0000017e04086910 nmethod 1051 0x0000017e64cb2310 code [0x0000017e64cb27e0, 0x0000017e64cb5008]
Event: 6.850 Thread 0x0000017e04086910 1052       3       java.nio.ByteBuffer::array (35 bytes)
Event: 6.851 Thread 0x0000017e04086910 nmethod 1052 0x0000017e64cb6310 code [0x0000017e64cb64e0, 0x0000017e64cb67b8]
Event: 6.851 Thread 0x0000017e04086910 1053       3       java.lang.System$2::findBootstrapClassOrNull (5 bytes)
Event: 6.852 Thread 0x0000017e04086910 nmethod 1053 0x0000017e64cb6910 code [0x0000017e64cb6ac0, 0x0000017e64cb6cd8]
Event: 6.852 Thread 0x0000017e04086910 1054       3       java.lang.ClassLoader::findBootstrapClassOrNull (14 bytes)
Event: 6.852 Thread 0x0000017e04086910 nmethod 1054 0x0000017e64cb6e10 code [0x0000017e64cb6fc0, 0x0000017e64cb7178]
Event: 6.854 Thread 0x0000017e04086910 1055       3       java.lang.invoke.InnerClassLambdaMetafactory::getLoadOpcode (26 bytes)
Event: 6.854 Thread 0x0000017e04086910 nmethod 1055 0x0000017e64cb7210 code [0x0000017e64cb73c0, 0x0000017e64cb75f8]
Event: 6.854 Thread 0x0000017e04086910 1056       3       java.lang.invoke.InnerClassLambdaMetafactory::getParameterSize (27 bytes)
Event: 6.854 Thread 0x0000017e04086910 nmethod 1056 0x0000017e64cb7710 code [0x0000017e64cb78c0, 0x0000017e64cb7ad8]
Event: 6.854 Thread 0x0000017e04086910 1057       3       jdk.internal.org.objectweb.asm.MethodVisitor::visitVarInsn (17 bytes)
Event: 6.855 Thread 0x0000017e04086910 nmethod 1057 0x0000017e64cb7b90 code [0x0000017e64cb7d40, 0x0000017e64cb7f48]
Event: 6.855 Thread 0x0000017e04086910 1058       1       java.util.concurrent.locks.AbstractQueuedSynchronizer::getState (5 bytes)
Event: 6.855 Thread 0x0000017e04086910 nmethod 1058 0x0000017e6c61f190 code [0x0000017e6c61f320, 0x0000017e6c61f3f8]

GC Heap History (2 events):
Event: 6.268 GC heap before
{Heap before GC invocations=0 (full 0):
 garbage-first heap   total 260096K, used 12288K [0x0000000702200000, 0x0000000800000000)
  region size 2048K, 6 young (12288K), 0 survivors (0K)
 Metaspace       used 15366K, committed 15616K, reserved 1114112K
  class space    used 1595K, committed 1728K, reserved 1048576K
}
Event: 6.320 GC heap after
{Heap after GC invocations=1 (full 0):
 garbage-first heap   total 260096K, used 2215K [0x0000000702200000, 0x0000000800000000)
  region size 2048K, 1 young (2048K), 1 survivors (2048K)
 Metaspace       used 15366K, committed 15616K, reserved 1114112K
  class space    used 1595K, committed 1728K, reserved 1048576K
}

Dll operation events (1 events):
Event: 0.050 Loaded shared library C:\Program Files\JetBrains\WebStorm 2023.3.5\jbr\bin\java.dll

Deoptimization events (20 events):
Event: 5.886 Thread 0x0000017e0485cbd0 Uncommon trap: trap_request=0xffffff45 fr.pc=0x0000017e6c5f1dec relative=0x00000000000002ac
Event: 5.886 Thread 0x0000017e0485cbd0 Uncommon trap: reason=unstable_if action=reinterpret pc=0x0000017e6c5f1dec method=java.lang.invoke.VarHandle.checkExactAccessMode(Ljava/lang/invoke/VarHandle$AccessDescriptor;)V @ 4 c2
Event: 5.886 Thread 0x0000017e0485cbd0 DEOPT PACKING pc=0x0000017e6c5f1dec sp=0x00000058b35ff210
Event: 5.886 Thread 0x0000017e0485cbd0 DEOPT UNPACKING pc=0x0000017e6c0869a3 sp=0x00000058b35ff180 mode 2
Event: 6.742 Thread 0x0000017e048c9250 Uncommon trap: trap_request=0xffffffc6 fr.pc=0x0000017e6c619928 relative=0x00000000000000e8
Event: 6.742 Thread 0x0000017e048c9250 Uncommon trap: reason=bimorphic_or_optimized_type_check action=maybe_recompile pc=0x0000017e6c619928 method=sun.security.util.math.intpoly.IntegerPolynomial$MutableElement.setProduct(Lsun/security/util/math/IntegerModuloP;)Lsun/security/util/math/intpoly/
Event: 6.742 Thread 0x0000017e048c9250 DEOPT PACKING pc=0x0000017e6c619928 sp=0x00000058b37fe130
Event: 6.742 Thread 0x0000017e048c9250 DEOPT UNPACKING pc=0x0000017e6c0869a3 sp=0x00000058b37fe058 mode 2
Event: 6.742 Thread 0x0000017e048c9250 Uncommon trap: trap_request=0xffffffc6 fr.pc=0x0000017e6c619928 relative=0x00000000000000e8
Event: 6.742 Thread 0x0000017e048c9250 Uncommon trap: reason=bimorphic_or_optimized_type_check action=maybe_recompile pc=0x0000017e6c619928 method=sun.security.util.math.intpoly.IntegerPolynomial$MutableElement.setProduct(Lsun/security/util/math/IntegerModuloP;)Lsun/security/util/math/intpoly/
Event: 6.742 Thread 0x0000017e048c9250 DEOPT PACKING pc=0x0000017e6c619928 sp=0x00000058b37fe130
Event: 6.742 Thread 0x0000017e048c9250 DEOPT UNPACKING pc=0x0000017e6c0869a3 sp=0x00000058b37fe058 mode 2
Event: 6.742 Thread 0x0000017e048c9250 Uncommon trap: trap_request=0xffffffc6 fr.pc=0x0000017e6c619928 relative=0x00000000000000e8
Event: 6.742 Thread 0x0000017e048c9250 Uncommon trap: reason=bimorphic_or_optimized_type_check action=maybe_recompile pc=0x0000017e6c619928 method=sun.security.util.math.intpoly.IntegerPolynomial$MutableElement.setProduct(Lsun/security/util/math/IntegerModuloP;)Lsun/security/util/math/intpoly/
Event: 6.742 Thread 0x0000017e048c9250 DEOPT PACKING pc=0x0000017e6c619928 sp=0x00000058b37fe130
Event: 6.742 Thread 0x0000017e048c9250 DEOPT UNPACKING pc=0x0000017e6c0869a3 sp=0x00000058b37fe058 mode 2
Event: 6.742 Thread 0x0000017e048c9250 Uncommon trap: trap_request=0xffffffc6 fr.pc=0x0000017e6c619928 relative=0x00000000000000e8
Event: 6.742 Thread 0x0000017e048c9250 Uncommon trap: reason=bimorphic_or_optimized_type_check action=maybe_recompile pc=0x0000017e6c619928 method=sun.security.util.math.intpoly.IntegerPolynomial$MutableElement.setProduct(Lsun/security/util/math/IntegerModuloP;)Lsun/security/util/math/intpoly/
Event: 6.742 Thread 0x0000017e048c9250 DEOPT PACKING pc=0x0000017e6c619928 sp=0x00000058b37fe130
Event: 6.742 Thread 0x0000017e048c9250 DEOPT UNPACKING pc=0x0000017e6c0869a3 sp=0x00000058b37fe058 mode 2

Classes unloaded (0 events):
No events

Classes redefined (0 events):
No events

Internal exceptions (20 events):
Event: 3.769 Thread 0x0000017e5fbb0240 Exception <a 'java/lang/NoSuchMethodError'{0x0000000711a0cbb8}: 'java.lang.Object java.lang.invoke.DirectMethodHandle$Holder.invokeStaticInit(java.lang.Object, int, int, int, int)'> (0x0000000711a0cbb8) 
thrown [s\src\hotspot\share\interpreter\linkResolver.cpp, line 771]
Event: 4.618 Thread 0x0000017e5fbb0240 Exception <a 'java/lang/NoSuchMethodError'{0x0000000711ac35b8}: 'java.lang.Object java.lang.invoke.DirectMethodHandle$Holder.invokeStaticInit(java.lang.Object, java.lang.Object, int, int, int, int)'> (0x0000000711ac35b8) 
thrown [s\src\hotspot\share\interpreter\linkResolver.cpp, line 771]
Event: 4.738 Thread 0x0000017e5fbb0240 Exception <a 'java/lang/NoSuchMethodError'{0x0000000711b2c2b8}: 'java.lang.Object java.lang.invoke.DirectMethodHandle$Holder.invokeStatic(java.lang.Object, java.lang.Object, int)'> (0x0000000711b2c2b8) 
thrown [s\src\hotspot\share\interpreter\linkResolver.cpp, line 771]
Event: 4.739 Thread 0x0000017e5fbb0240 Exception <a 'java/lang/NoSuchMethodError'{0x0000000711b2fa30}: 'java.lang.Object java.lang.invoke.DirectMethodHandle$Holder.invokeStaticInit(java.lang.Object, java.lang.Object, int)'> (0x0000000711b2fa30) 
thrown [s\src\hotspot\share\interpreter\linkResolver.cpp, line 771]
Event: 4.741 Thread 0x0000017e5fbb0240 Exception <a 'java/lang/NoSuchMethodError'{0x0000000711b35de0}: 'java.lang.Object java.lang.invoke.DirectMethodHandle$Holder.newInvokeSpecial(java.lang.Object, java.lang.Object, int)'> (0x0000000711b35de0) 
thrown [s\src\hotspot\share\interpreter\linkResolver.cpp, line 771]
Event: 4.750 Thread 0x0000017e5fbb0240 Exception <a 'java/lang/NoSuchMethodError'{0x0000000711b45740}: 'int java.lang.invoke.DirectMethodHandle$Holder.invokeStaticInit(java.lang.Object, java.lang.Object, java.lang.Object)'> (0x0000000711b45740) 
thrown [s\src\hotspot\share\interpreter\linkResolver.cpp, line 771]
Event: 4.758 Thread 0x0000017e5fbb0240 Exception <a 'java/lang/NoSuchMethodError'{0x0000000711b55920}: 'int java.lang.invoke.DirectMethodHandle$Holder.invokeSpecial(java.lang.Object, java.lang.Object, java.lang.Object)'> (0x0000000711b55920) 
thrown [s\src\hotspot\share\interpreter\linkResolver.cpp, line 771]
Event: 4.763 Thread 0x0000017e5fbb0240 Exception <a 'java/lang/NoSuchMethodError'{0x0000000711b5dd00}: 'int java.lang.invoke.DirectMethodHandle$Holder.invokeSpecialIFC(java.lang.Object, java.lang.Object, java.lang.Object)'> (0x0000000711b5dd00) 
thrown [s\src\hotspot\share\interpreter\linkResolver.cpp, line 771]
Event: 5.010 Thread 0x0000017e5fbb0240 Exception <a 'java/lang/NoSuchMethodError'{0x0000000711bea640}: 'java.lang.Object java.lang.invoke.DirectMethodHandle$Holder.invokeStaticInit(java.lang.Object)'> (0x0000000711bea640) 
thrown [s\src\hotspot\share\interpreter\linkResolver.cpp, line 771]
Event: 5.490 Thread 0x0000017e5fbb0240 Exception <a 'java/lang/NoSuchMethodError'{0x0000000711948ed8}: 'java.lang.Object java.lang.invoke.DirectMethodHandle$Holder.newInvokeSpecial(java.lang.Object, java.lang.Object, java.lang.Object, java.lang.Object, java.lang.Object)'> (0x0000000711948ed8) 
thrown [s\src\hotspot\share\interpreter\linkResolver.cpp, line 771]
Event: 5.784 Thread 0x0000017e5fbb0240 Exception <a 'java/lang/NoSuchMethodError'{0x0000000711710080}: 'java.lang.Object java.lang.invoke.DirectMethodHandle$Holder.invokeSpecial(java.lang.Object, java.lang.Object, java.lang.Object, java.lang.Object, int)'> (0x0000000711710080) 
thrown [s\src\hotspot\share\interpreter\linkResolver.cpp, line 771]
Event: 5.785 Thread 0x0000017e5fbb0240 Exception <a 'java/lang/NoSuchMethodError'{0x0000000711713c48}: 'java.lang.Object java.lang.invoke.Invokers$Holder.linkToTargetMethod(java.lang.Object, java.lang.Object, int, java.lang.Object)'> (0x0000000711713c48) 
thrown [s\src\hotspot\share\interpreter\linkResolver.cpp, line 771]
Event: 5.828 Thread 0x0000017e5fbb0240 Exception <a 'java/lang/NoSuchMethodError'{0x0000000711774820}: 'void java.lang.invoke.DirectMethodHandle$Holder.invokeSpecial(java.lang.Object, java.lang.Object, java.lang.Object)'> (0x0000000711774820) 
thrown [s\src\hotspot\share\interpreter\linkResolver.cpp, line 771]
Event: 5.890 Thread 0x0000017e0485cbd0 Exception <a 'java/lang/NoSuchMethodError'{0x00000007119e7408}: 'void java.lang.invoke.DirectMethodHandle$Holder.invokeStatic(java.lang.Object, java.lang.Object, int)'> (0x00000007119e7408) 
thrown [s\src\hotspot\share\interpreter\linkResolver.cpp, line 771]
Event: 5.890 Thread 0x0000017e5fbb0240 Exception <a 'java/lang/NoSuchMethodError'{0x00000007117fb3b0}: 'void java.lang.invoke.DirectMethodHandle$Holder.invokeSpecial(java.lang.Object, java.lang.Object, java.lang.Object, java.lang.Object, java.lang.Object)'> (0x00000007117fb3b0) 
thrown [s\src\hotspot\share\interpreter\linkResolver.cpp, line 771]
Event: 6.000 Thread 0x0000017e048c9250 Exception <a 'java/lang/NoSuchMethodError'{0x000000071149f880}: 'void java.lang.invoke.DirectMethodHandle$Holder.invokeInterface(java.lang.Object, java.lang.Object, java.lang.Object)'> (0x000000071149f880) 
thrown [s\src\hotspot\share\interpreter\linkResolver.cpp, line 771]
Event: 6.013 Thread 0x0000017e048c9250 Exception <a 'java/lang/NoSuchMethodError'{0x00000007114b5d68}: 'int java.lang.invoke.DirectMethodHandle$Holder.invokeStaticInit(java.lang.Object, int, int)'> (0x00000007114b5d68) 
thrown [s\src\hotspot\share\interpreter\linkResolver.cpp, line 771]
Event: 6.033 Thread 0x0000017e048c9250 Exception <a 'java/lang/NoSuchMethodError'{0x00000007114f9448}: 'void java.lang.invoke.DirectMethodHandle$Holder.invokeVirtual(java.lang.Object, java.lang.Object)'> (0x00000007114f9448) 
thrown [s\src\hotspot\share\interpreter\linkResolver.cpp, line 771]
Event: 6.609 Thread 0x0000017e048c9250 Exception <a 'java/lang/NoSuchMethodError'{0x0000000711e0f4f8}: 'void java.lang.invoke.DirectMethodHandle$Holder.invokeInterface(java.lang.Object, java.lang.Object)'> (0x0000000711e0f4f8) 
thrown [s\src\hotspot\share\interpreter\linkResolver.cpp, line 771]
Event: 6.810 Thread 0x0000017e048c9250 Exception <a 'java/lang/NoSuchMethodError'{0x0000000711ecbae8}: 'void java.lang.invoke.DirectMethodHandle$Holder.invokeStatic(java.lang.Object, java.lang.Object, java.lang.Object, java.lang.Object)'> (0x0000000711ecbae8) 
thrown [s\src\hotspot\share\interpreter\linkResolver.cpp, line 771]

VM Operations (20 events):
Event: 1.383 Executing VM operation: Cleanup
Event: 1.384 Executing VM operation: Cleanup done
Event: 1.498 Executing VM operation: HandshakeAllThreads
Event: 1.498 Executing VM operation: HandshakeAllThreads done
Event: 1.724 Executing VM operation: HandshakeAllThreads
Event: 1.724 Executing VM operation: HandshakeAllThreads done
Event: 2.731 Executing VM operation: Cleanup
Event: 2.733 Executing VM operation: Cleanup done
Event: 3.746 Executing VM operation: Cleanup
Event: 3.748 Executing VM operation: Cleanup done
Event: 3.903 Executing VM operation: HandshakeAllThreads
Event: 3.903 Executing VM operation: HandshakeAllThreads done
Event: 4.904 Executing VM operation: Cleanup
Event: 4.905 Executing VM operation: Cleanup done
Event: 5.021 Executing VM operation: HandshakeAllThreads
Event: 5.021 Executing VM operation: HandshakeAllThreads done
Event: 6.036 Executing VM operation: Cleanup
Event: 6.052 Executing VM operation: Cleanup done
Event: 6.268 Executing VM operation: G1CollectForAllocation
Event: 6.320 Executing VM operation: G1CollectForAllocation done

Events (20 events):
Event: 6.773 loading class sun/security/ssl/Finished$T13VerifyDataGenerator
Event: 6.773 loading class sun/security/ssl/Finished$T13VerifyDataGenerator done
Event: 6.773 loading class sun/security/ssl/Finished$1
Event: 6.773 loading class sun/security/ssl/Finished$1 done
Event: 6.773 loading class sun/security/ssl/SSLBasicKeyDerivation
Event: 6.774 loading class sun/security/ssl/SSLBasicKeyDerivation done
Event: 6.774 loading class sun/security/ssl/SSLBasicKeyDerivation$SecretSizeSpec
Event: 6.774 loading class sun/security/ssl/SSLBasicKeyDerivation$SecretSizeSpec done
Event: 6.806 loading class jdk/internal/event/TLSHandshakeEvent
Event: 6.806 loading class jdk/internal/event/TLSHandshakeEvent done
Event: 6.807 loading class com/sun/crypto/provider/GaloisCounterMode$GCMEncrypt
Event: 6.807 loading class com/sun/crypto/provider/GaloisCounterMode$GCMEncrypt done
Event: 6.807 loading class com/sun/crypto/provider/GaloisCounterMode$GCTRGHASH
Event: 6.808 loading class com/sun/crypto/provider/GaloisCounterMode$GCTRGHASH done
Event: 6.808 loading class sun/security/ssl/CipherSuite$1
Event: 6.808 loading class sun/security/ssl/CipherSuite$1 done
Event: 6.812 loading class java/util/concurrent/CompletionException
Event: 6.812 loading class java/util/concurrent/CompletionException done
Event: 6.851 loading class java/net/ProtocolException
Event: 6.852 loading class java/net/ProtocolException done


Dynamic libraries:
0x00007ff7f6660000 - 0x00007ff7f666a000 	C:\Program Files\JetBrains\WebStorm 2023.3.5\jbr\bin\java.exe
0x00007ffaed3d0000 - 0x00007ffaed5c8000 	C:\WINDOWS\SYSTEM32\ntdll.dll
0x00007ffaec910000 - 0x00007ffaec9d1000 	C:\WINDOWS\System32\KERNEL32.DLL
0x00007ffaeafa0000 - 0x00007ffaeb29d000 	C:\WINDOWS\System32\KERNELBASE.dll
0x00007ffaeb2a0000 - 0x00007ffaeb3a0000 	C:\WINDOWS\System32\ucrtbase.dll
0x00007ffae53f0000 - 0x00007ffae5407000 	C:\Program Files\JetBrains\WebStorm 2023.3.5\jbr\bin\jli.dll
0x00007ffaec9e0000 - 0x00007ffaecb7d000 	C:\WINDOWS\System32\USER32.dll
0x00007ffaeb3a0000 - 0x00007ffaeb3c2000 	C:\WINDOWS\System32\win32u.dll
0x00007ffaed360000 - 0x00007ffaed38b000 	C:\WINDOWS\System32\GDI32.dll
0x00007ffaeaaf0000 - 0x00007ffaeac07000 	C:\WINDOWS\System32\gdi32full.dll
0x00007ffaeacc0000 - 0x00007ffaead5d000 	C:\WINDOWS\System32\msvcp_win.dll
0x00007ffad7f30000 - 0x00007ffad7f4b000 	C:\Program Files\JetBrains\WebStorm 2023.3.5\jbr\bin\VCRUNTIME140.dll
0x00007ffad7100000 - 0x00007ffad739a000 	C:\WINDOWS\WinSxS\amd64_microsoft.windows.common-controls_6595b64144ccf1df_6.0.19041.4355_none_60b8b9eb71f62e16\COMCTL32.dll
0x00007ffaece00000 - 0x00007ffaece9e000 	C:\WINDOWS\System32\msvcrt.dll
0x00007ffaec840000 - 0x00007ffaec86f000 	C:\WINDOWS\System32\IMM32.DLL
0x00007ffae4cb0000 - 0x00007ffae4cbc000 	C:\Program Files\JetBrains\WebStorm 2023.3.5\jbr\bin\vcruntime140_1.dll
0x00007ffab33e0000 - 0x00007ffab346d000 	C:\Program Files\JetBrains\WebStorm 2023.3.5\jbr\bin\msvcp140.dll
0x00007ffa7fb20000 - 0x00007ffa807a3000 	C:\Program Files\JetBrains\WebStorm 2023.3.5\jbr\bin\server\jvm.dll
0x00007ffaecea0000 - 0x00007ffaecf50000 	C:\WINDOWS\System32\ADVAPI32.dll
0x00007ffaec870000 - 0x00007ffaec910000 	C:\WINDOWS\System32\sechost.dll
0x00007ffaec0f0000 - 0x00007ffaec213000 	C:\WINDOWS\System32\RPCRT4.dll
0x00007ffaeb3d0000 - 0x00007ffaeb3f7000 	C:\WINDOWS\System32\bcrypt.dll
0x00007ffaea8d0000 - 0x00007ffaea91b000 	C:\WINDOWS\SYSTEM32\POWRPROF.dll
0x00007ffabdde0000 - 0x00007ffabdde9000 	C:\WINDOWS\SYSTEM32\WSOCK32.dll
0x00007ffaed1e0000 - 0x00007ffaed24b000 	C:\WINDOWS\System32\WS2_32.dll
0x00007ffad6010000 - 0x00007ffad6037000 	C:\WINDOWS\SYSTEM32\WINMM.dll
0x00007ffae4090000 - 0x00007ffae409a000 	C:\WINDOWS\SYSTEM32\VERSION.dll
0x00007ffaea8b0000 - 0x00007ffaea8c2000 	C:\WINDOWS\SYSTEM32\UMPDC.dll
0x00007ffae9250000 - 0x00007ffae9262000 	C:\WINDOWS\SYSTEM32\kernel.appcore.dll
0x00007ffae73a0000 - 0x00007ffae73aa000 	C:\Program Files\JetBrains\WebStorm 2023.3.5\jbr\bin\jimage.dll
0x00007ffad1140000 - 0x00007ffad1324000 	C:\WINDOWS\SYSTEM32\DBGHELP.DLL
0x00007ffad3170000 - 0x00007ffad31a4000 	C:\WINDOWS\SYSTEM32\dbgcore.DLL
0x00007ffaead60000 - 0x00007ffaeade2000 	C:\WINDOWS\System32\bcryptPrimitives.dll
0x00007ffae7280000 - 0x00007ffae72a5000 	C:\Program Files\JetBrains\WebStorm 2023.3.5\jbr\bin\java.dll
0x00007ffae53d0000 - 0x00007ffae53e8000 	C:\Program Files\JetBrains\WebStorm 2023.3.5\jbr\bin\zip.dll
0x00007ffaeb980000 - 0x00007ffaec0ef000 	C:\WINDOWS\System32\SHELL32.dll
0x00007ffae8a90000 - 0x00007ffae922f000 	C:\WINDOWS\SYSTEM32\windows.storage.dll
0x00007ffaec3c0000 - 0x00007ffaec713000 	C:\WINDOWS\System32\combase.dll
0x00007ffaea2f0000 - 0x00007ffaea31e000 	C:\WINDOWS\SYSTEM32\Wldp.dll
0x00007ffaec2d0000 - 0x00007ffaec39d000 	C:\WINDOWS\System32\OLEAUT32.dll
0x00007ffaec220000 - 0x00007ffaec2cd000 	C:\WINDOWS\System32\SHCORE.dll
0x00007ffaed180000 - 0x00007ffaed1d5000 	C:\WINDOWS\System32\shlwapi.dll
0x00007ffaea9b0000 - 0x00007ffaea9d4000 	C:\WINDOWS\SYSTEM32\profapi.dll
0x00007ffae4e30000 - 0x00007ffae4e49000 	C:\Program Files\JetBrains\WebStorm 2023.3.5\jbr\bin\net.dll
0x00007ffad93d0000 - 0x00007ffad94dd000 	C:\WINDOWS\SYSTEM32\WINHTTP.dll
0x00007ffaea0d0000 - 0x00007ffaea13a000 	C:\WINDOWS\system32\mswsock.dll
0x00007ffae4d30000 - 0x00007ffae4d46000 	C:\Program Files\JetBrains\WebStorm 2023.3.5\jbr\bin\nio.dll
0x00007ffaea330000 - 0x00007ffaea348000 	C:\WINDOWS\SYSTEM32\CRYPTSP.dll
0x00007ffae9a10000 - 0x00007ffae9a44000 	C:\WINDOWS\system32\rsaenh.dll
0x00007ffaea920000 - 0x00007ffaea94e000 	C:\WINDOWS\SYSTEM32\USERENV.dll
0x00007ffaea260000 - 0x00007ffaea26c000 	C:\WINDOWS\SYSTEM32\CRYPTBASE.dll
0x00007ffae9dd0000 - 0x00007ffae9e0b000 	C:\WINDOWS\SYSTEM32\IPHLPAPI.DLL
0x00007ffaeb470000 - 0x00007ffaeb478000 	C:\WINDOWS\System32\NSI.dll
0x00007ffae0650000 - 0x00007ffae0667000 	C:\WINDOWS\SYSTEM32\dhcpcsvc6.DLL
0x00007ffae2770000 - 0x00007ffae278d000 	C:\WINDOWS\SYSTEM32\dhcpcsvc.DLL
0x00007ffae9e10000 - 0x00007ffae9eda000 	C:\WINDOWS\SYSTEM32\DNSAPI.dll
0x00007ffae5880000 - 0x00007ffae588e000 	C:\Program Files\JetBrains\WebStorm 2023.3.5\jbr\bin\sunmscapi.dll
0x00007ffaeae40000 - 0x00007ffaeaf9e000 	C:\WINDOWS\System32\CRYPT32.dll
0x00007ffaea440000 - 0x00007ffaea469000 	C:\WINDOWS\SYSTEM32\ncrypt.dll
0x00007ffaea400000 - 0x00007ffaea43b000 	C:\WINDOWS\SYSTEM32\NTASN1.dll
0x00007ffae5860000 - 0x00007ffae5867000 	C:\WINDOWS\system32\wshunix.dll
0x00007ffae5510000 - 0x00007ffae5519000 	C:\Program Files\JetBrains\WebStorm 2023.3.5\jbr\bin\extnet.dll

dbghelp: loaded successfully - version: 4.0.5 - missing functions: none
symbol engine: initialized successfully - sym options: 0x614 - pdb path: .;C:\Program Files\JetBrains\WebStorm 2023.3.5\jbr\bin;C:\WINDOWS\SYSTEM32;C:\WINDOWS\WinSxS\amd64_microsoft.windows.common-controls_6595b64144ccf1df_6.0.19041.4355_none_60b8b9eb71f62e16;C:\Program Files\JetBrains\WebStorm 2023.3.5\jbr\bin\server

VM Arguments:
java_command: git4idea.http.GitAskPassApp Username for 'https://github.com': 
java_class_path (initial): C:/Program Files/JetBrains/WebStorm 2023.3.5/plugins/vcs-git/lib/git4idea-rt.jar;C:/Program Files/JetBrains/WebStorm 2023.3.5/lib/externalProcess-rt.jar
Launcher Type: SUN_STANDARD

[Global flags]
     intx CICompilerCount                          = 3                                         {product} {ergonomic}
     uint ConcGCThreads                            = 1                                         {product} {ergonomic}
     uint G1ConcRefinementThreads                  = 4                                         {product} {ergonomic}
   size_t G1HeapRegionSize                         = 2097152                                   {product} {ergonomic}
    uintx GCDrainStackTargetSize                   = 64                                        {product} {ergonomic}
   size_t InitialHeapSize                          = 266338304                                 {product} {ergonomic}
   size_t MarkStackSize                            = 4194304                                   {product} {ergonomic}
   size_t MaxHeapSize                              = 4259315712                                {product} {ergonomic}
   size_t MaxNewSize                               = 2554331136                                {product} {ergonomic}
   size_t MinHeapDeltaBytes                        = 2097152                                   {product} {ergonomic}
   size_t MinHeapSize                              = 8388608                                   {product} {ergonomic}
    uintx NonNMethodCodeHeapSize                   = 5832780                                {pd product} {ergonomic}
    uintx NonProfiledCodeHeapSize                  = 122912730                              {pd product} {ergonomic}
    uintx ProfiledCodeHeapSize                     = 122912730                              {pd product} {ergonomic}
    uintx ReservedCodeCacheSize                    = 251658240                              {pd product} {ergonomic}
     bool SegmentedCodeCache                       = true                                      {product} {ergonomic}
   size_t SoftMaxHeapSize                          = 4259315712                             {manageable} {ergonomic}
     bool UseCompressedClassPointers               = true                           {product lp64_product} {ergonomic}
     bool UseCompressedOops                        = true                           {product lp64_product} {ergonomic}
     bool UseG1GC                                  = true                                      {product} {ergonomic}
     bool UseLargePagesIndividualAllocation        = false                                  {pd product} {ergonomic}

Logging:
Log output configuration:
 #0: stdout all=warning uptime,level,tags
 #1: stderr all=off uptime,level,tags

Environment Variables:
PATH=C:/Program Files/Git/mingw64/libexec/git-core;C:/Program Files/Git/mingw64/libexec/git-core;C:\Program Files\Git\mingw64\bin;C:\Program Files\Git\usr\bin;C:\Users\User\bin;C:\WINDOWS\system32;C:\WINDOWS;C:\WINDOWS\System32\Wbem;C:\WINDOWS\System32\WindowsPowerShell\v1.0\;C:\WINDOWS\System32\OpenSSH\;C:\Program Files\dotnet\;C:\Program Files (x86)\Visual Leak Detector\bin\Win32;C:\Program Files (x86)\Visual Leak Detector\bin\Win64;C:\Program Files\Git\cmd;C:\Program Files\Azure Data Studio\bin;C:\ProgramData\chocolatey\bin;C:\Program Files (x86)\Steel Bank Common Lisp\;C:\Program Files\WireGuard\;%NVM_HOME%;%NVM_SYMLINK%;C:\Program Files\Docker\Docker\resources\bin;C:\Program Files (x86)\NetSarang\Xshell 7\;C:\Users\User\AppData\Local\nvs\node\18.0.0\x64;C:\Users\User\AppData\Roaming\nvm;C:\Program Files\nodejs;C:\Users\User\AppData\Local\Programs\Microsoft VS Code\bin
USERNAME=User
DISPLAY=:0.0
LC_ALL=en_US.UTF-8
TERM=cygwin
TMPDIR=C:\Users\User\AppData\Local\Temp
OS=Windows_NT
PROCESSOR_IDENTIFIER=Intel64 Family 6 Model 78 Stepping 3, GenuineIntel
TMP=C:\Users\User\AppData\Local\Temp
TEMP=C:\Users\User\AppData\Local\Temp



Periodic native trim disabled

JNI global refs:
JNI global refs: 19, weak refs: 0

JNI global refs memory usage: 843, weak refs: 841

OOME stack traces (most recent first):
Classloader memory used:
Loader bootstrap                                                                       : 1860K
Loader jdk.internal.loader.ClassLoaders$PlatformClassLoader                            : 216K
Loader jdk.internal.loader.ClassLoaders$AppClassLoader                                 : 1815B
Loader jdk.internal.reflect.DelegatingClassLoader                                      : 864B


---------------  S Y S T E M  ---------------

OS:
 Windows 10 , 64 bit Build 19041 (10.0.19041.4717)
OS uptime: 1 days 20:44 hours
Hyper-V role detected

CPU: total 4 (initial active 4) (2 cores per cpu, 2 threads per core) family 6 model 78 stepping 3 microcode 0xe2, cx8, cmov, fxsr, ht, mmx, 3dnowpref, sse, sse2, sse3, ssse3, sse4.1, sse4.2, popcnt, lzcnt, tsc, tscinvbit, avx, avx2, aes, erms, clmul, bmi1, bmi2, rtm, adx, fma, vzeroupper, clflush, clflushopt, hv
Processor Information for all 4 processors :
  Max Mhz: 2501, Current Mhz: 1400, Mhz Limit: 1375

Memory: 4k page, system-wide physical 16242M (2843M free)
TotalPageFile size 16242M (AvailPageFile size 5M)
current process WorkingSet (physical memory assigned to process): 72M, peak: 72M
current process commit charge ("private bytes"): 345M, peak: 346M

vm_info: OpenJDK 64-Bit Server VM (17.0.10+1-b1087.21) for windows-amd64 JRE (17.0.10+1-b1087.21), built on 2024-03-02 by "builduser" with MS VC++ 16.10 / 16.11 (VS2019)

END.
