#
# There is insufficient memory for the Java Runtime Environment to continue.
# Native memory allocation (mmap) failed to map 266338304 bytes for G1 virtual space
# Possible reasons:
#   The system is out of physical RAM or swap space
#   The process is running with CompressedOops enabled, and the Java Heap may be blocking the growth of the native heap
# Possible solutions:
#   Reduce memory load on the system
#   Increase physical memory or swap space
#   Check if swap backing store is full
#   Decrease Java heap size (-Xmx/-Xms)
#   Decrease number of Java threads
#   Decrease Java thread stack sizes (-Xss)
#   Set larger code cache with -XX:ReservedCodeCacheSize=
#   JVM is running with Zero Based Compressed Oops mode in which the Java heap is
#     placed in the first 32GB address space. The Java Heap base address is the
#     maximum limit for the native heap growth. Please use -XX:HeapBaseMinAddress
#     to set the Java Heap base and to place the Java Heap above 32GB virtual address.
# This output file may be truncated or incomplete.
#
#  Out of Memory Error (os_windows.cpp:3825), pid=3656, tid=14980
#
# JRE version:  (17.0.10+1) (build )
# Java VM: OpenJDK 64-Bit Server VM (17.0.10+1-b1087.21, mixed mode, sharing, tiered, compressed oops, compressed class ptrs, g1 gc, windows-amd64)
# No core dump will be written. Minidumps are not enabled by default on client versions of Windows
#

---------------  S U M M A R Y ------------

Command Line: git4idea.http.GitAskPassApp Username for 'https://github.com': 

Host: Intel(R) Core(TM) i5-6300U CPU @ 2.40GHz, 4 cores, 15G,  Windows 10 , 64 bit Build 19041 (10.0.19041.4842)
Time: Mon Sep 23 16:42:09 2024 RTZ 2 (s 10 , 64 bit Build 19041 (10.0.19041.4842) elapsed time: 0.013926 seconds (0d 0h 0m 0s)

---------------  T H R E A D  ---------------

Current thread (0x00000163c4c81c90):  JavaThread "Unknown thread" [_thread_in_vm, id=14980, stack(0x0000003977900000,0x0000003977a00000)]

Stack: [0x0000003977900000,0x0000003977a00000]
Native frames: (J=compiled Java code, j=interpreted, Vv=VM code, C=native code)
V  [jvm.dll+0x688ac9]
V  [jvm.dll+0x84220a]
V  [jvm.dll+0x843e4e]
V  [jvm.dll+0x8444b3]
V  [jvm.dll+0x24ba8f]
V  [jvm.dll+0x685899]
V  [jvm.dll+0x67a14a]
V  [jvm.dll+0x30c7eb]
V  [jvm.dll+0x313c96]
V  [jvm.dll+0x363a2e]
V  [jvm.dll+0x363c5f]
V  [jvm.dll+0x2e25b8]
V  [jvm.dll+0x2e3524]
V  [jvm.dll+0x812d71]
V  [jvm.dll+0x3718e1]
V  [jvm.dll+0x7f18d6]
V  [jvm.dll+0x3f553f]
V  [jvm.dll+0x3f7171]
C  [jli.dll+0x528f]
C  [ucrtbase.dll+0x21bb2]
C  [KERNEL32.DLL+0x17374]
C  [ntdll.dll+0x4cc91]


---------------  P R O C E S S  ---------------

Threads class SMR info:
_java_thread_list=0x00007ffdf43bef58, length=0, elements={
}

Java Threads: ( => current thread )

Other Threads:
  0x00000163c4cea6c0 GCTaskThread "GC Thread#0" [stack: 0x0000003977a00000,0x0000003977b00000] [id=15776]
  0x00000163c4cfc300 ConcurrentGCThread "G1 Main Marker" [stack: 0x0000003977b00000,0x0000003977c00000] [id=10316]
  0x00000163c4cfcc30 ConcurrentGCThread "G1 Conc#0" [stack: 0x0000003977c00000,0x0000003977d00000] [id=10772]

[error occurred during error reporting (printing all threads), id 0xc0000005, EXCEPTION_ACCESS_VIOLATION (0xc0000005) at pc=0x00007ffdf3b73187]

VM state: not at safepoint (not fully initialized)

VM Mutex/Monitor currently owned by a thread:  ([mutex/lock_event])
[0x00000163c4c7c650] Heap_lock - owner thread: 0x00000163c4c81c90

Heap address: 0x0000000702200000, size: 4062 MB, Compressed Oops mode: Zero based, Oop shift amount: 3

CDS archive(s) mapped at: [0x0000000000000000-0x0000000000000000-0x0000000000000000), size 0, SharedBaseAddress: 0x0000000800000000, ArchiveRelocationMode: 1.
Narrow klass base: 0x0000000000000000, Narrow klass shift: 0, Narrow klass range: 0x0

GC Precious Log:
<Empty>

Heap:
 garbage-first heap   total 0K, used 0K [0x0000000702200000, 0x0000000800000000)
  region size 2048K, 0 young (0K), 0 survivors (0K)
 Metaspace       used 0K, committed 0K, reserved 0K
  class space    used 0K, committed 0K, reserved 0K

Heap Regions: E=young(eden), S=young(survivor), O=old, HS=humongous(starts), HC=humongous(continues), CS=collection set, F=free, OA=open archive, CA=closed archive, TAMS=top-at-mark-start (previous, next)

Card table byte_map: [0x00000163d9a20000,0x00000163da210000] _byte_map_base: 0x00000163d620f000

Marking Bits (Prev, Next): (CMBitMap*) 0x00000163c4cebc00, (CMBitMap*) 0x00000163c4cebc40
 Prev Bits: [0x00000163daa00000, 0x00000163de978000)
 Next Bits: [0x00000163de980000, 0x00000163e28f8000)

GC Heap History (0 events):
No events

Dll operation events (1 events):
Event: 0.007 Loaded shared library C:\Program Files\JetBrains\WebStorm 2023.3.5\jbr\bin\java.dll

Deoptimization events (0 events):
No events

Classes unloaded (0 events):
No events

Classes redefined (0 events):
No events

Internal exceptions (0 events):
No events

VM Operations (0 events):
No events

Events (0 events):
No events


Dynamic libraries:
0x00007ff6c6080000 - 0x00007ff6c608a000 	C:\Program Files\JetBrains\WebStorm 2023.3.5\jbr\bin\java.exe
0x00007ffe93690000 - 0x00007ffe93888000 	C:\WINDOWS\SYSTEM32\ntdll.dll
0x00007ffe92d30000 - 0x00007ffe92df1000 	C:\WINDOWS\System32\KERNEL32.DLL
0x00007ffe91050000 - 0x00007ffe9134d000 	C:\WINDOWS\System32\KERNELBASE.dll
0x00007ffe90da0000 - 0x00007ffe90ea0000 	C:\WINDOWS\System32\ucrtbase.dll
0x00007ffe7afe0000 - 0x00007ffe7aff7000 	C:\Program Files\JetBrains\WebStorm 2023.3.5\jbr\bin\jli.dll
0x00007ffe7bfc0000 - 0x00007ffe7bfdb000 	C:\Program Files\JetBrains\WebStorm 2023.3.5\jbr\bin\VCRUNTIME140.dll
0x00007ffe924a0000 - 0x00007ffe9263d000 	C:\WINDOWS\System32\USER32.dll
0x00007ffe7edc0000 - 0x00007ffe7f05a000 	C:\WINDOWS\WinSxS\amd64_microsoft.windows.common-controls_6595b64144ccf1df_6.0.19041.4355_none_60b8b9eb71f62e16\COMCTL32.dll
0x00007ffe90d40000 - 0x00007ffe90d62000 	C:\WINDOWS\System32\win32u.dll
0x00007ffe92640000 - 0x00007ffe926de000 	C:\WINDOWS\System32\msvcrt.dll
0x00007ffe93270000 - 0x00007ffe9329b000 	C:\WINDOWS\System32\GDI32.dll
0x00007ffe915a0000 - 0x00007ffe916b7000 	C:\WINDOWS\System32\gdi32full.dll
0x00007ffe914b0000 - 0x00007ffe9154d000 	C:\WINDOWS\System32\msvcp_win.dll
0x00007ffe916c0000 - 0x00007ffe916ef000 	C:\WINDOWS\System32\IMM32.DLL
0x00007ffe8d2f0000 - 0x00007ffe8d2fc000 	C:\Program Files\JetBrains\WebStorm 2023.3.5\jbr\bin\vcruntime140_1.dll
0x00007ffe55030000 - 0x00007ffe550bd000 	C:\Program Files\JetBrains\WebStorm 2023.3.5\jbr\bin\msvcp140.dll
0x00007ffdf3880000 - 0x00007ffdf4503000 	C:\Program Files\JetBrains\WebStorm 2023.3.5\jbr\bin\server\jvm.dll
0x00007ffe918d0000 - 0x00007ffe91980000 	C:\WINDOWS\System32\ADVAPI32.dll
0x00007ffe91830000 - 0x00007ffe918d0000 	C:\WINDOWS\System32\sechost.dll
0x00007ffe916f0000 - 0x00007ffe91813000 	C:\WINDOWS\System32\RPCRT4.dll
0x00007ffe90d70000 - 0x00007ffe90d97000 	C:\WINDOWS\System32\bcrypt.dll
0x00007ffe90c20000 - 0x00007ffe90c6b000 	C:\WINDOWS\SYSTEM32\POWRPROF.dll
0x00007ffe6ce70000 - 0x00007ffe6ce79000 	C:\WINDOWS\SYSTEM32\WSOCK32.dll
0x00007ffe80700000 - 0x00007ffe80727000 	C:\WINDOWS\SYSTEM32\WINMM.dll
0x00007ffe92740000 - 0x00007ffe927ab000 	C:\WINDOWS\System32\WS2_32.dll
0x00007ffe8a310000 - 0x00007ffe8a31a000 	C:\WINDOWS\SYSTEM32\VERSION.dll
0x00007ffe90bf0000 - 0x00007ffe90c02000 	C:\WINDOWS\SYSTEM32\UMPDC.dll
0x00007ffe8f520000 - 0x00007ffe8f532000 	C:\WINDOWS\SYSTEM32\kernel.appcore.dll
0x00007ffe7c310000 - 0x00007ffe7c31a000 	C:\Program Files\JetBrains\WebStorm 2023.3.5\jbr\bin\jimage.dll
0x00007ffe81200000 - 0x00007ffe813e4000 	C:\WINDOWS\SYSTEM32\DBGHELP.DLL
0x00007ffe74e80000 - 0x00007ffe74eb4000 	C:\WINDOWS\SYSTEM32\dbgcore.DLL
0x00007ffe90f50000 - 0x00007ffe90fd2000 	C:\WINDOWS\System32\bcryptPrimitives.dll
0x00007ffe55320000 - 0x00007ffe55345000 	C:\Program Files\JetBrains\WebStorm 2023.3.5\jbr\bin\java.dll

dbghelp: loaded successfully - version: 4.0.5 - missing functions: none
symbol engine: initialized successfully - sym options: 0x614 - pdb path: .;C:\Program Files\JetBrains\WebStorm 2023.3.5\jbr\bin;C:\WINDOWS\SYSTEM32;C:\WINDOWS\WinSxS\amd64_microsoft.windows.common-controls_6595b64144ccf1df_6.0.19041.4355_none_60b8b9eb71f62e16;C:\Program Files\JetBrains\WebStorm 2023.3.5\jbr\bin\server

VM Arguments:
java_command: git4idea.http.GitAskPassApp Username for 'https://github.com': 
java_class_path (initial): C:/Program Files/JetBrains/WebStorm 2023.3.5/plugins/vcs-git/lib/git4idea-rt.jar;C:/Program Files/JetBrains/WebStorm 2023.3.5/lib/externalProcess-rt.jar
Launcher Type: SUN_STANDARD

[Global flags]
     intx CICompilerCount                          = 3                                         {product} {ergonomic}
     uint ConcGCThreads                            = 1                                         {product} {ergonomic}
     uint G1ConcRefinementThreads                  = 4                                         {product} {ergonomic}
   size_t G1HeapRegionSize                         = 2097152                                   {product} {ergonomic}
    uintx GCDrainStackTargetSize                   = 64                                        {product} {ergonomic}
   size_t InitialHeapSize                          = 266338304                                 {product} {ergonomic}
   size_t MarkStackSize                            = 4194304                                   {product} {ergonomic}
   size_t MaxHeapSize                              = 4259315712                                {product} {ergonomic}
   size_t MinHeapDeltaBytes                        = 2097152                                   {product} {ergonomic}
   size_t MinHeapSize                              = 8388608                                   {product} {ergonomic}
    uintx NonNMethodCodeHeapSize                   = 5832780                                {pd product} {ergonomic}
    uintx NonProfiledCodeHeapSize                  = 122912730                              {pd product} {ergonomic}
    uintx ProfiledCodeHeapSize                     = 122912730                              {pd product} {ergonomic}
    uintx ReservedCodeCacheSize                    = 251658240                              {pd product} {ergonomic}
     bool SegmentedCodeCache                       = true                                      {product} {ergonomic}
   size_t SoftMaxHeapSize                          = 4259315712                             {manageable} {ergonomic}
     bool UseCompressedClassPointers               = true                           {product lp64_product} {ergonomic}
     bool UseCompressedOops                        = true                           {product lp64_product} {ergonomic}
     bool UseG1GC                                  = true                                      {product} {ergonomic}
     bool UseLargePagesIndividualAllocation        = false                                  {pd product} {ergonomic}

Logging:
Log output configuration:
 #0: stdout all=warning uptime,level,tags
 #1: stderr all=off uptime,level,tags

Environment Variables:
PATH=C:/Program Files/Git/mingw64/libexec/git-core;C:/Program Files/Git/mingw64/libexec/git-core;C:\Program Files\Git\mingw64\bin;C:\Program Files\Git\usr\bin;C:\Users\User\bin;C:\WINDOWS\system32;C:\WINDOWS;C:\WINDOWS\System32\Wbem;C:\WINDOWS\System32\WindowsPowerShell\v1.0\;C:\WINDOWS\System32\OpenSSH\;C:\Program Files\dotnet\;C:\Program Files (x86)\Visual Leak Detector\bin\Win32;C:\Program Files (x86)\Visual Leak Detector\bin\Win64;C:\Program Files\Git\cmd;C:\ProgramData\chocolatey\bin;C:\Program Files (x86)\Steel Bank Common Lisp\;C:\Program Files\WireGuard\;C:\Users\User\AppData\Roaming\nvm;C:\Program Files\nodejs;C:\Program Files\Docker\Docker\resources\bin;C:\Program Files (x86)\NetSarang\Xshell 7\;C:\Users\User\AppData\Local\nvs\node\18.0.0\x64;C:\Users\User\AppData\Roaming\nvm;C:\Program Files\nodejs;C:\Users\User\AppData\Local\Programs\Microsoft VS Code\bin
USERNAME=User
DISPLAY=:0.0
LC_ALL=en_US.UTF-8
TERM=cygwin
TMPDIR=C:\Users\User\AppData\Local\Temp
OS=Windows_NT
PROCESSOR_IDENTIFIER=Intel64 Family 6 Model 78 Stepping 3, GenuineIntel
TMP=C:\Users\User\AppData\Local\Temp
TEMP=C:\Users\User\AppData\Local\Temp



Periodic native trim disabled

JNI global refs:
JNI global refs: 0, weak refs: 0

JNI global refs memory usage: 0, weak refs: 0

OOME stack traces (most recent first):
Classloader memory used:


---------------  S Y S T E M  ---------------

OS:
 Windows 10 , 64 bit Build 19041 (10.0.19041.4842)
OS uptime: 1 days 19:57 hours
Hyper-V role detected

CPU: total 4 (initial active 4) (2 cores per cpu, 2 threads per core) family 6 model 78 stepping 3 microcode 0xe2, cx8, cmov, fxsr, ht, mmx, 3dnowpref, sse, sse2, sse3, ssse3, sse4.1, sse4.2, popcnt, lzcnt, tsc, tscinvbit, avx, avx2, aes, erms, clmul, bmi1, bmi2, rtm, adx, fma, vzeroupper, clflush, clflushopt, hv
Processor Information for all 4 processors :
  Max Mhz: 2501, Current Mhz: 2501, Mhz Limit: 2501

Memory: 4k page, system-wide physical 16242M (2364M free)
TotalPageFile size 16242M (AvailPageFile size 108M)
current process WorkingSet (physical memory assigned to process): 10M, peak: 10M
current process commit charge ("private bytes"): 52M, peak: 306M

vm_info: OpenJDK 64-Bit Server VM (17.0.10+1-b1087.21) for windows-amd64 JRE (17.0.10+1-b1087.21), built on 2024-03-02 by "builduser" with MS VC++ 16.10 / 16.11 (VS2019)

END.
