#
# There is insufficient memory for the Java Runtime Environment to continue.
# Native memory allocation (mmap) failed to map 65536 bytes for Failed to commit metaspace.
# Possible reasons:
#   The system is out of physical RAM or swap space
#   The process is running with CompressedOops enabled, and the Java Heap may be blocking the growth of the native heap
# Possible solutions:
#   Reduce memory load on the system
#   Increase physical memory or swap space
#   Check if swap backing store is full
#   Decrease Java heap size (-Xmx/-Xms)
#   Decrease number of Java threads
#   Decrease Java thread stack sizes (-Xss)
#   Set larger code cache with -XX:ReservedCodeCacheSize=
#   JVM is running with Zero Based Compressed Oops mode in which the Java heap is
#     placed in the first 32GB address space. The Java Heap base address is the
#     maximum limit for the native heap growth. Please use -XX:HeapBaseMinAddress
#     to set the Java Heap base and to place the Java Heap above 32GB virtual address.
# This output file may be truncated or incomplete.
#
#  Out of Memory Error (virtualSpaceNode.cpp:110), pid=3116, tid=9236
#
# JRE version: OpenJDK Runtime Environment JBR-17.0.10+1-1087.21-jcef (17.0.10+1) (build 17.0.10+1-b1087.21)
# Java VM: OpenJDK 64-Bit Server VM JBR-17.0.10+1-1087.21-jcef (17.0.10+1-b1087.21, mixed mode, tiered, compressed oops, compressed class ptrs, g1 gc, windows-amd64)
# No core dump will be written. Minidumps are not enabled by default on client versions of Windows
#

---------------  S U M M A R Y ------------

Command Line: git4idea.http.GitAskPassApp Username for 'https://github.com': 

Host: Intel(R) Core(TM) i5-6300U CPU @ 2.40GHz, 4 cores, 15G,  Windows 10 , 64 bit Build 19041 (10.0.19041.4717)
Time: Thu Aug 22 12:31:59 2024 RTZ 2 (s 10 , 64 bit Build 19041 (10.0.19041.4717) elapsed time: 0.467498 seconds (0d 0h 0m 0s)

---------------  T H R E A D  ---------------

Current thread (0x000001aed094fd90):  JavaThread "main" [_thread_in_vm, id=9236, stack(0x000000aad0700000,0x000000aad0800000)]

Stack: [0x000000aad0700000,0x000000aad0800000]
Native frames: (J=compiled Java code, j=interpreted, Vv=VM code, C=native code)
V  [jvm.dll+0x688ac9]
V  [jvm.dll+0x84220a]
V  [jvm.dll+0x843e4e]
V  [jvm.dll+0x8444b3]
V  [jvm.dll+0x24ba8f]
V  [jvm.dll+0x83d1eb]
V  [jvm.dll+0x62d0e6]
V  [jvm.dll+0x62d14a]
V  [jvm.dll+0x62f97a]
V  [jvm.dll+0x62da86]
V  [jvm.dll+0x373cb2]
V  [jvm.dll+0x1e664b]
V  [jvm.dll+0x54d9b5]
V  [jvm.dll+0x1f592b]
V  [jvm.dll+0x7ba9bb]
V  [jvm.dll+0x7bbe2c]
V  [jvm.dll+0x7bc178]
V  [jvm.dll+0x2434ee]
V  [jvm.dll+0x387aee]
C  0x000001aedb61b6ee

The last pc belongs to new (printed below).
Java frames: (J=compiled Java code, j=interpreted, Vv=VM code)
j  sun.security.ssl.HelloRequest.<clinit>()V+20 java.base@17.0.10
v  ~StubRoutines::call_stub
j  sun.security.ssl.SSLHandshake.<clinit>()V+20 java.base@17.0.10
v  ~StubRoutines::call_stub
j  sun.security.ssl.OutputRecord.<clinit>()V+130 java.base@17.0.10
v  ~StubRoutines::call_stub
j  sun.security.ssl.SSLSocketImpl.<init>(Lsun/security/ssl/SSLContextImpl;)V+78 java.base@17.0.10
j  sun.security.ssl.SSLSocketFactoryImpl.createSocket()Ljava/net/Socket;+8 java.base@17.0.10
j  javax.net.ssl.SSLContextSpi.getDefaultSocket()Ljavax/net/ssl/SSLSocket;+6 java.base@17.0.10
j  javax.net.ssl.SSLContextSpi.engineGetDefaultSSLParameters()Ljavax/net/ssl/SSLParameters;+1 java.base@17.0.10
j  javax.net.ssl.SSLContext.getDefaultSSLParameters()Ljavax/net/ssl/SSLParameters;+4 java.base@17.0.10
j  jdk.internal.net.http.HttpClientImpl.getDefaultParams(Ljavax/net/ssl/SSLContext;)Ljavax/net/ssl/SSLParameters;+1 java.net.http@17.0.10
j  jdk.internal.net.http.HttpClientImpl.<init>(Ljdk/internal/net/http/HttpClientBuilderImpl;Ljdk/internal/net/http/HttpClientImpl$SingleFacadeFactory;)V+418 java.net.http@17.0.10
j  jdk.internal.net.http.HttpClientImpl.create(Ljdk/internal/net/http/HttpClientBuilderImpl;)Ljdk/internal/net/http/HttpClientFacade;+14 java.net.http@17.0.10
j  jdk.internal.net.http.HttpClientBuilderImpl.build()Ljava/net/http/HttpClient;+1 java.net.http@17.0.10
j  externalApp.ExternalAppUtil.sendIdeRequest(Ljava/lang/String;ILjava/lang/String;Ljava/lang/String;)LexternalApp/ExternalAppUtil$Result;+77
j  git4idea.http.GitAskPassApp.main([Ljava/lang/String;)V+37
v  ~StubRoutines::call_stub
new  187 new  [0x000001aedb61b560, 0x000001aedb61b780]  544 bytes
[MachCode]
  0x000001aedb61b560: 4883 ec08 | c5fa 1104 | 24eb 1f48 | 83ec 10c5 | fb11 0424 | eb14 4883 | ec10 4889 | 0424 48c7 
  0x000001aedb61b580: 4424 0800 | 0000 00eb | 0150 410f | b755 010f | cac1 ea10 | 488b 4de8 | 488b 4908 | 488b 4908 
  0x000001aedb61b5a0: 488b 4108 | 807c 1004 | 070f 85df | 0000 0066 | 8b54 d148 | 488b 4928 | 488b 4cd1 | 0851 80b9 
  0x000001aedb61b5c0: 5b01 0000 | 040f 85c2 | 0000 008b | 5108 f7c2 | 0100 0000 | 0f85 b300 | 0000 498b | 8708 0100 
  0x000001aedb61b5e0: 0048 8d1c | 1049 3b9f | 1801 0000 | 0f87 9b00 | 0000 4989 | 9f08 0100 | 00e9 0000 | 0000 4883 
  0x000001aedb61b600: ea10 0f84 | 0f00 0000 | 33c9 c1ea | 0348 894c | d008 48ff | ca75 f648 | c700 0100 | 0000 5933 
  0x000001aedb61b620: f689 700c | 49ba 0000 | 0000 0800 | 0000 492b | ca89 4808 | 49ba 8939 | 69dc f87f | 0000 4180 
  0x000001aedb61b640: 3a00 0f84 | 4000 0000 | 5048 8bc8 | 4883 ec20 | f7c4 0f00 | 0000 0f84 | 1a00 0000 | 4883 ec08 
  0x000001aedb61b660: 49ba 90f1 | 1edc f87f | 0000 41ff | d248 83c4 | 08e9 0d00 | 0000 49ba | 90f1 1edc | f87f 0000 
  0x000001aedb61b680: 41ff d248 | 83c4 2058 | e9cd 0000 | 0059 488b | 55e8 488b | 5208 488b | 5208 450f | b745 0141 
  0x000001aedb61b6a0: 0fc8 41c1 | e810 e805 | 0000 00e9 | aa00 0000 | 488d 4424 | 084c 896d | c049 8bcf | c5f8 7749 
  0x000001aedb61b6c0: 89af a802 | 0000 4989 | 8798 0200 | 0048 83ec | 20f7 c40f | 0000 000f | 841a 0000 | 0048 83ec 
  0x000001aedb61b6e0: 0849 baa0 | 7ae8 dbf8 | 7f00 0041 | ffd2 4883 | c408 e90d | 0000 0049 | baa0 7ae8 | dbf8 7f00 
  0x000001aedb61b700: 0041 ffd2 | 4883 c420 | 49c7 8798 | 0200 0000 | 0000 0049 | c787 a802 | 0000 0000 | 0000 49c7 
  0x000001aedb61b720: 87a0 0200 | 0000 0000 | 00c5 f877 | 4981 7f08 | 0000 0000 | 0f84 0500 | 0000 e9c1 | 57fe ff49 
  0x000001aedb61b740: 8b87 f002 | 0000 49c7 | 87f0 0200 | 0000 0000 | 004c 8b6d | c04c 8b75 | c8c3 410f | b65d 0349 
  0x000001aedb61b760: 83c5 0349 | ba80 a66b | dcf8 7f00 | 0041 ff24 | da0f 1f80 | 0000 0000 | 0000 0000 | 0000 0000 
[/MachCode]

---------------  P R O C E S S  ---------------

Threads class SMR info:
_java_thread_list=0x000001aef31eda10, length=12, elements={
0x000001aed094fd90, 0x000001aef3038770, 0x000001aef303a010, 0x000001aeeeccce30,
0x000001aeeeccd800, 0x000001aeeecce5d0, 0x000001aef306e910, 0x000001aef306fda0,
0x000001aef308f680, 0x000001aef3092740, 0x000001aef320bdf0, 0x000001aef3222010
}

Java Threads: ( => current thread )
=>0x000001aed094fd90 JavaThread "main" [_thread_in_vm, id=9236, stack(0x000000aad0700000,0x000000aad0800000)]
  0x000001aef3038770 JavaThread "Reference Handler" daemon [_thread_blocked, id=5968, stack(0x000000aad0e00000,0x000000aad0f00000)]
  0x000001aef303a010 JavaThread "Finalizer" daemon [_thread_blocked, id=12140, stack(0x000000aad0f00000,0x000000aad1000000)]
  0x000001aeeeccce30 JavaThread "Signal Dispatcher" daemon [_thread_blocked, id=6416, stack(0x000000aad1000000,0x000000aad1100000)]
  0x000001aeeeccd800 JavaThread "Attach Listener" daemon [_thread_blocked, id=17444, stack(0x000000aad1100000,0x000000aad1200000)]
  0x000001aeeecce5d0 JavaThread "Service Thread" daemon [_thread_blocked, id=15216, stack(0x000000aad1200000,0x000000aad1300000)]
  0x000001aef306e910 JavaThread "Monitor Deflation Thread" daemon [_thread_blocked, id=244, stack(0x000000aad1300000,0x000000aad1400000)]
  0x000001aef306fda0 JavaThread "C2 CompilerThread0" daemon [_thread_blocked, id=10456, stack(0x000000aad1400000,0x000000aad1500000)]
  0x000001aef308f680 JavaThread "C1 CompilerThread0" daemon [_thread_blocked, id=9188, stack(0x000000aad1500000,0x000000aad1600000)]
  0x000001aef3092740 JavaThread "Sweeper thread" daemon [_thread_blocked, id=18580, stack(0x000000aad1600000,0x000000aad1700000)]
  0x000001aef320bdf0 JavaThread "Notification Thread" daemon [_thread_blocked, id=7428, stack(0x000000aad1700000,0x000000aad1800000)]
  0x000001aef3222010 JavaThread "Common-Cleaner" daemon [_thread_blocked, id=1748, stack(0x000000aad1900000,0x000000aad1a00000)]

Other Threads:
  0x000001aeeecb7d70 VMThread "VM Thread" [stack: 0x000000aad0d00000,0x000000aad0e00000] [id=9900]
  0x000001aef30c5920 WatcherThread [stack: 0x000000aad1800000,0x000000aad1900000] [id=15160]
  0x000001aed09b8890 GCTaskThread "GC Thread#0" [stack: 0x000000aad0800000,0x000000aad0900000] [id=4544]
  0x000001aed09c95b0 ConcurrentGCThread "G1 Main Marker" [stack: 0x000000aad0900000,0x000000aad0a00000] [id=16856]
  0x000001aed09c9fd0 ConcurrentGCThread "G1 Conc#0" [stack: 0x000000aad0a00000,0x000000aad0b00000] [id=4952]
  0x000001aed0a0e560 ConcurrentGCThread "G1 Refine#0" [stack: 0x000000aad0b00000,0x000000aad0c00000] [id=18752]
  0x000001aeeeb544e0 ConcurrentGCThread "G1 Service" [stack: 0x000000aad0c00000,0x000000aad0d00000] [id=18292]

Threads with active compile tasks:

VM state: not at safepoint (normal execution)

VM Mutex/Monitor currently owned by a thread:  ([mutex/lock_event])
[0x000001aed094cde0] Metaspace_lock - owner thread: 0x000001aed094fd90

Heap address: 0x0000000702200000, size: 4062 MB, Compressed Oops mode: Zero based, Oop shift amount: 3

CDS archive(s) not mapped
Compressed class space mapped at: 0x0000000800000000-0x0000000840000000, reserved size: 1073741824
Narrow klass base: 0x0000000800000000, Narrow klass shift: 0, Narrow klass range: 0x40000000

GC Precious Log:
 CPUs: 4 total, 4 available
 Memory: 16242M
 Large Page Support: Disabled
 NUMA Support: Disabled
 Compressed Oops: Enabled (Zero based)
 Heap Region Size: 2M
 Heap Min Capacity: 8M
 Heap Initial Capacity: 254M
 Heap Max Capacity: 4062M
 Pre-touch: Disabled
 Parallel Workers: 4
 Concurrent Workers: 1
 Concurrent Refinement Workers: 4
 Periodic GC: Disabled

Heap:
 garbage-first heap   total 260096K, used 4096K [0x0000000702200000, 0x0000000800000000)
  region size 2048K, 3 young (6144K), 0 survivors (0K)
 Metaspace       used 11321K, committed 11456K, reserved 1114112K
  class space    used 1091K, committed 1152K, reserved 1048576K

Heap Regions: E=young(eden), S=young(survivor), O=old, HS=humongous(starts), HC=humongous(continues), CS=collection set, F=free, OA=open archive, CA=closed archive, TAMS=top-at-mark-start (previous, next)
|   0|0x0000000702200000, 0x0000000702200000, 0x0000000702400000|  0%| F|  |TAMS 0x0000000702200000, 0x0000000702200000| Untracked 
|   1|0x0000000702400000, 0x0000000702400000, 0x0000000702600000|  0%| F|  |TAMS 0x0000000702400000, 0x0000000702400000| Untracked 
|   2|0x0000000702600000, 0x0000000702600000, 0x0000000702800000|  0%| F|  |TAMS 0x0000000702600000, 0x0000000702600000| Untracked 
|   3|0x0000000702800000, 0x0000000702800000, 0x0000000702a00000|  0%| F|  |TAMS 0x0000000702800000, 0x0000000702800000| Untracked 
|   4|0x0000000702a00000, 0x0000000702a00000, 0x0000000702c00000|  0%| F|  |TAMS 0x0000000702a00000, 0x0000000702a00000| Untracked 
|   5|0x0000000702c00000, 0x0000000702c00000, 0x0000000702e00000|  0%| F|  |TAMS 0x0000000702c00000, 0x0000000702c00000| Untracked 
|   6|0x0000000702e00000, 0x0000000702e00000, 0x0000000703000000|  0%| F|  |TAMS 0x0000000702e00000, 0x0000000702e00000| Untracked 
|   7|0x0000000703000000, 0x0000000703000000, 0x0000000703200000|  0%| F|  |TAMS 0x0000000703000000, 0x0000000703000000| Untracked 
|   8|0x0000000703200000, 0x0000000703200000, 0x0000000703400000|  0%| F|  |TAMS 0x0000000703200000, 0x0000000703200000| Untracked 
|   9|0x0000000703400000, 0x0000000703400000, 0x0000000703600000|  0%| F|  |TAMS 0x0000000703400000, 0x0000000703400000| Untracked 
|  10|0x0000000703600000, 0x0000000703600000, 0x0000000703800000|  0%| F|  |TAMS 0x0000000703600000, 0x0000000703600000| Untracked 
|  11|0x0000000703800000, 0x0000000703800000, 0x0000000703a00000|  0%| F|  |TAMS 0x0000000703800000, 0x0000000703800000| Untracked 
|  12|0x0000000703a00000, 0x0000000703a00000, 0x0000000703c00000|  0%| F|  |TAMS 0x0000000703a00000, 0x0000000703a00000| Untracked 
|  13|0x0000000703c00000, 0x0000000703c00000, 0x0000000703e00000|  0%| F|  |TAMS 0x0000000703c00000, 0x0000000703c00000| Untracked 
|  14|0x0000000703e00000, 0x0000000703e00000, 0x0000000704000000|  0%| F|  |TAMS 0x0000000703e00000, 0x0000000703e00000| Untracked 
|  15|0x0000000704000000, 0x0000000704000000, 0x0000000704200000|  0%| F|  |TAMS 0x0000000704000000, 0x0000000704000000| Untracked 
|  16|0x0000000704200000, 0x0000000704200000, 0x0000000704400000|  0%| F|  |TAMS 0x0000000704200000, 0x0000000704200000| Untracked 
|  17|0x0000000704400000, 0x0000000704400000, 0x0000000704600000|  0%| F|  |TAMS 0x0000000704400000, 0x0000000704400000| Untracked 
|  18|0x0000000704600000, 0x0000000704600000, 0x0000000704800000|  0%| F|  |TAMS 0x0000000704600000, 0x0000000704600000| Untracked 
|  19|0x0000000704800000, 0x0000000704800000, 0x0000000704a00000|  0%| F|  |TAMS 0x0000000704800000, 0x0000000704800000| Untracked 
|  20|0x0000000704a00000, 0x0000000704a00000, 0x0000000704c00000|  0%| F|  |TAMS 0x0000000704a00000, 0x0000000704a00000| Untracked 
|  21|0x0000000704c00000, 0x0000000704c00000, 0x0000000704e00000|  0%| F|  |TAMS 0x0000000704c00000, 0x0000000704c00000| Untracked 
|  22|0x0000000704e00000, 0x0000000704e00000, 0x0000000705000000|  0%| F|  |TAMS 0x0000000704e00000, 0x0000000704e00000| Untracked 
|  23|0x0000000705000000, 0x0000000705000000, 0x0000000705200000|  0%| F|  |TAMS 0x0000000705000000, 0x0000000705000000| Untracked 
|  24|0x0000000705200000, 0x0000000705200000, 0x0000000705400000|  0%| F|  |TAMS 0x0000000705200000, 0x0000000705200000| Untracked 
|  25|0x0000000705400000, 0x0000000705400000, 0x0000000705600000|  0%| F|  |TAMS 0x0000000705400000, 0x0000000705400000| Untracked 
|  26|0x0000000705600000, 0x0000000705600000, 0x0000000705800000|  0%| F|  |TAMS 0x0000000705600000, 0x0000000705600000| Untracked 
|  27|0x0000000705800000, 0x0000000705800000, 0x0000000705a00000|  0%| F|  |TAMS 0x0000000705800000, 0x0000000705800000| Untracked 
|  28|0x0000000705a00000, 0x0000000705a00000, 0x0000000705c00000|  0%| F|  |TAMS 0x0000000705a00000, 0x0000000705a00000| Untracked 
|  29|0x0000000705c00000, 0x0000000705c00000, 0x0000000705e00000|  0%| F|  |TAMS 0x0000000705c00000, 0x0000000705c00000| Untracked 
|  30|0x0000000705e00000, 0x0000000705e00000, 0x0000000706000000|  0%| F|  |TAMS 0x0000000705e00000, 0x0000000705e00000| Untracked 
|  31|0x0000000706000000, 0x0000000706000000, 0x0000000706200000|  0%| F|  |TAMS 0x0000000706000000, 0x0000000706000000| Untracked 
|  32|0x0000000706200000, 0x0000000706200000, 0x0000000706400000|  0%| F|  |TAMS 0x0000000706200000, 0x0000000706200000| Untracked 
|  33|0x0000000706400000, 0x0000000706400000, 0x0000000706600000|  0%| F|  |TAMS 0x0000000706400000, 0x0000000706400000| Untracked 
|  34|0x0000000706600000, 0x0000000706600000, 0x0000000706800000|  0%| F|  |TAMS 0x0000000706600000, 0x0000000706600000| Untracked 
|  35|0x0000000706800000, 0x0000000706800000, 0x0000000706a00000|  0%| F|  |TAMS 0x0000000706800000, 0x0000000706800000| Untracked 
|  36|0x0000000706a00000, 0x0000000706a00000, 0x0000000706c00000|  0%| F|  |TAMS 0x0000000706a00000, 0x0000000706a00000| Untracked 
|  37|0x0000000706c00000, 0x0000000706c00000, 0x0000000706e00000|  0%| F|  |TAMS 0x0000000706c00000, 0x0000000706c00000| Untracked 
|  38|0x0000000706e00000, 0x0000000706e00000, 0x0000000707000000|  0%| F|  |TAMS 0x0000000706e00000, 0x0000000706e00000| Untracked 
|  39|0x0000000707000000, 0x0000000707000000, 0x0000000707200000|  0%| F|  |TAMS 0x0000000707000000, 0x0000000707000000| Untracked 
|  40|0x0000000707200000, 0x0000000707200000, 0x0000000707400000|  0%| F|  |TAMS 0x0000000707200000, 0x0000000707200000| Untracked 
|  41|0x0000000707400000, 0x0000000707400000, 0x0000000707600000|  0%| F|  |TAMS 0x0000000707400000, 0x0000000707400000| Untracked 
|  42|0x0000000707600000, 0x0000000707600000, 0x0000000707800000|  0%| F|  |TAMS 0x0000000707600000, 0x0000000707600000| Untracked 
|  43|0x0000000707800000, 0x0000000707800000, 0x0000000707a00000|  0%| F|  |TAMS 0x0000000707800000, 0x0000000707800000| Untracked 
|  44|0x0000000707a00000, 0x0000000707a00000, 0x0000000707c00000|  0%| F|  |TAMS 0x0000000707a00000, 0x0000000707a00000| Untracked 
|  45|0x0000000707c00000, 0x0000000707c00000, 0x0000000707e00000|  0%| F|  |TAMS 0x0000000707c00000, 0x0000000707c00000| Untracked 
|  46|0x0000000707e00000, 0x0000000707e00000, 0x0000000708000000|  0%| F|  |TAMS 0x0000000707e00000, 0x0000000707e00000| Untracked 
|  47|0x0000000708000000, 0x0000000708000000, 0x0000000708200000|  0%| F|  |TAMS 0x0000000708000000, 0x0000000708000000| Untracked 
|  48|0x0000000708200000, 0x0000000708200000, 0x0000000708400000|  0%| F|  |TAMS 0x0000000708200000, 0x0000000708200000| Untracked 
|  49|0x0000000708400000, 0x0000000708400000, 0x0000000708600000|  0%| F|  |TAMS 0x0000000708400000, 0x0000000708400000| Untracked 
|  50|0x0000000708600000, 0x0000000708600000, 0x0000000708800000|  0%| F|  |TAMS 0x0000000708600000, 0x0000000708600000| Untracked 
|  51|0x0000000708800000, 0x0000000708800000, 0x0000000708a00000|  0%| F|  |TAMS 0x0000000708800000, 0x0000000708800000| Untracked 
|  52|0x0000000708a00000, 0x0000000708a00000, 0x0000000708c00000|  0%| F|  |TAMS 0x0000000708a00000, 0x0000000708a00000| Untracked 
|  53|0x0000000708c00000, 0x0000000708c00000, 0x0000000708e00000|  0%| F|  |TAMS 0x0000000708c00000, 0x0000000708c00000| Untracked 
|  54|0x0000000708e00000, 0x0000000708e00000, 0x0000000709000000|  0%| F|  |TAMS 0x0000000708e00000, 0x0000000708e00000| Untracked 
|  55|0x0000000709000000, 0x0000000709000000, 0x0000000709200000|  0%| F|  |TAMS 0x0000000709000000, 0x0000000709000000| Untracked 
|  56|0x0000000709200000, 0x0000000709200000, 0x0000000709400000|  0%| F|  |TAMS 0x0000000709200000, 0x0000000709200000| Untracked 
|  57|0x0000000709400000, 0x0000000709400000, 0x0000000709600000|  0%| F|  |TAMS 0x0000000709400000, 0x0000000709400000| Untracked 
|  58|0x0000000709600000, 0x0000000709600000, 0x0000000709800000|  0%| F|  |TAMS 0x0000000709600000, 0x0000000709600000| Untracked 
|  59|0x0000000709800000, 0x0000000709800000, 0x0000000709a00000|  0%| F|  |TAMS 0x0000000709800000, 0x0000000709800000| Untracked 
|  60|0x0000000709a00000, 0x0000000709a00000, 0x0000000709c00000|  0%| F|  |TAMS 0x0000000709a00000, 0x0000000709a00000| Untracked 
|  61|0x0000000709c00000, 0x0000000709c00000, 0x0000000709e00000|  0%| F|  |TAMS 0x0000000709c00000, 0x0000000709c00000| Untracked 
|  62|0x0000000709e00000, 0x0000000709e00000, 0x000000070a000000|  0%| F|  |TAMS 0x0000000709e00000, 0x0000000709e00000| Untracked 
|  63|0x000000070a000000, 0x000000070a000000, 0x000000070a200000|  0%| F|  |TAMS 0x000000070a000000, 0x000000070a000000| Untracked 
|  64|0x000000070a200000, 0x000000070a200000, 0x000000070a400000|  0%| F|  |TAMS 0x000000070a200000, 0x000000070a200000| Untracked 
|  65|0x000000070a400000, 0x000000070a400000, 0x000000070a600000|  0%| F|  |TAMS 0x000000070a400000, 0x000000070a400000| Untracked 
|  66|0x000000070a600000, 0x000000070a600000, 0x000000070a800000|  0%| F|  |TAMS 0x000000070a600000, 0x000000070a600000| Untracked 
|  67|0x000000070a800000, 0x000000070a800000, 0x000000070aa00000|  0%| F|  |TAMS 0x000000070a800000, 0x000000070a800000| Untracked 
|  68|0x000000070aa00000, 0x000000070aa00000, 0x000000070ac00000|  0%| F|  |TAMS 0x000000070aa00000, 0x000000070aa00000| Untracked 
|  69|0x000000070ac00000, 0x000000070ac00000, 0x000000070ae00000|  0%| F|  |TAMS 0x000000070ac00000, 0x000000070ac00000| Untracked 
|  70|0x000000070ae00000, 0x000000070ae00000, 0x000000070b000000|  0%| F|  |TAMS 0x000000070ae00000, 0x000000070ae00000| Untracked 
|  71|0x000000070b000000, 0x000000070b000000, 0x000000070b200000|  0%| F|  |TAMS 0x000000070b000000, 0x000000070b000000| Untracked 
|  72|0x000000070b200000, 0x000000070b200000, 0x000000070b400000|  0%| F|  |TAMS 0x000000070b200000, 0x000000070b200000| Untracked 
|  73|0x000000070b400000, 0x000000070b400000, 0x000000070b600000|  0%| F|  |TAMS 0x000000070b400000, 0x000000070b400000| Untracked 
|  74|0x000000070b600000, 0x000000070b600000, 0x000000070b800000|  0%| F|  |TAMS 0x000000070b600000, 0x000000070b600000| Untracked 
|  75|0x000000070b800000, 0x000000070b800000, 0x000000070ba00000|  0%| F|  |TAMS 0x000000070b800000, 0x000000070b800000| Untracked 
|  76|0x000000070ba00000, 0x000000070ba00000, 0x000000070bc00000|  0%| F|  |TAMS 0x000000070ba00000, 0x000000070ba00000| Untracked 
|  77|0x000000070bc00000, 0x000000070bc00000, 0x000000070be00000|  0%| F|  |TAMS 0x000000070bc00000, 0x000000070bc00000| Untracked 
|  78|0x000000070be00000, 0x000000070be00000, 0x000000070c000000|  0%| F|  |TAMS 0x000000070be00000, 0x000000070be00000| Untracked 
|  79|0x000000070c000000, 0x000000070c000000, 0x000000070c200000|  0%| F|  |TAMS 0x000000070c000000, 0x000000070c000000| Untracked 
|  80|0x000000070c200000, 0x000000070c200000, 0x000000070c400000|  0%| F|  |TAMS 0x000000070c200000, 0x000000070c200000| Untracked 
|  81|0x000000070c400000, 0x000000070c400000, 0x000000070c600000|  0%| F|  |TAMS 0x000000070c400000, 0x000000070c400000| Untracked 
|  82|0x000000070c600000, 0x000000070c600000, 0x000000070c800000|  0%| F|  |TAMS 0x000000070c600000, 0x000000070c600000| Untracked 
|  83|0x000000070c800000, 0x000000070c800000, 0x000000070ca00000|  0%| F|  |TAMS 0x000000070c800000, 0x000000070c800000| Untracked 
|  84|0x000000070ca00000, 0x000000070ca00000, 0x000000070cc00000|  0%| F|  |TAMS 0x000000070ca00000, 0x000000070ca00000| Untracked 
|  85|0x000000070cc00000, 0x000000070cc00000, 0x000000070ce00000|  0%| F|  |TAMS 0x000000070cc00000, 0x000000070cc00000| Untracked 
|  86|0x000000070ce00000, 0x000000070ce00000, 0x000000070d000000|  0%| F|  |TAMS 0x000000070ce00000, 0x000000070ce00000| Untracked 
|  87|0x000000070d000000, 0x000000070d000000, 0x000000070d200000|  0%| F|  |TAMS 0x000000070d000000, 0x000000070d000000| Untracked 
|  88|0x000000070d200000, 0x000000070d200000, 0x000000070d400000|  0%| F|  |TAMS 0x000000070d200000, 0x000000070d200000| Untracked 
|  89|0x000000070d400000, 0x000000070d400000, 0x000000070d600000|  0%| F|  |TAMS 0x000000070d400000, 0x000000070d400000| Untracked 
|  90|0x000000070d600000, 0x000000070d600000, 0x000000070d800000|  0%| F|  |TAMS 0x000000070d600000, 0x000000070d600000| Untracked 
|  91|0x000000070d800000, 0x000000070d800000, 0x000000070da00000|  0%| F|  |TAMS 0x000000070d800000, 0x000000070d800000| Untracked 
|  92|0x000000070da00000, 0x000000070da00000, 0x000000070dc00000|  0%| F|  |TAMS 0x000000070da00000, 0x000000070da00000| Untracked 
|  93|0x000000070dc00000, 0x000000070dc00000, 0x000000070de00000|  0%| F|  |TAMS 0x000000070dc00000, 0x000000070dc00000| Untracked 
|  94|0x000000070de00000, 0x000000070de00000, 0x000000070e000000|  0%| F|  |TAMS 0x000000070de00000, 0x000000070de00000| Untracked 
|  95|0x000000070e000000, 0x000000070e000000, 0x000000070e200000|  0%| F|  |TAMS 0x000000070e000000, 0x000000070e000000| Untracked 
|  96|0x000000070e200000, 0x000000070e200000, 0x000000070e400000|  0%| F|  |TAMS 0x000000070e200000, 0x000000070e200000| Untracked 
|  97|0x000000070e400000, 0x000000070e400000, 0x000000070e600000|  0%| F|  |TAMS 0x000000070e400000, 0x000000070e400000| Untracked 
|  98|0x000000070e600000, 0x000000070e600000, 0x000000070e800000|  0%| F|  |TAMS 0x000000070e600000, 0x000000070e600000| Untracked 
|  99|0x000000070e800000, 0x000000070e800000, 0x000000070ea00000|  0%| F|  |TAMS 0x000000070e800000, 0x000000070e800000| Untracked 
| 100|0x000000070ea00000, 0x000000070ea00000, 0x000000070ec00000|  0%| F|  |TAMS 0x000000070ea00000, 0x000000070ea00000| Untracked 
| 101|0x000000070ec00000, 0x000000070ec00000, 0x000000070ee00000|  0%| F|  |TAMS 0x000000070ec00000, 0x000000070ec00000| Untracked 
| 102|0x000000070ee00000, 0x000000070ee00000, 0x000000070f000000|  0%| F|  |TAMS 0x000000070ee00000, 0x000000070ee00000| Untracked 
| 103|0x000000070f000000, 0x000000070f000000, 0x000000070f200000|  0%| F|  |TAMS 0x000000070f000000, 0x000000070f000000| Untracked 
| 104|0x000000070f200000, 0x000000070f200000, 0x000000070f400000|  0%| F|  |TAMS 0x000000070f200000, 0x000000070f200000| Untracked 
| 105|0x000000070f400000, 0x000000070f400000, 0x000000070f600000|  0%| F|  |TAMS 0x000000070f400000, 0x000000070f400000| Untracked 
| 106|0x000000070f600000, 0x000000070f600000, 0x000000070f800000|  0%| F|  |TAMS 0x000000070f600000, 0x000000070f600000| Untracked 
| 107|0x000000070f800000, 0x000000070f800000, 0x000000070fa00000|  0%| F|  |TAMS 0x000000070f800000, 0x000000070f800000| Untracked 
| 108|0x000000070fa00000, 0x000000070fa00000, 0x000000070fc00000|  0%| F|  |TAMS 0x000000070fa00000, 0x000000070fa00000| Untracked 
| 109|0x000000070fc00000, 0x000000070fc00000, 0x000000070fe00000|  0%| F|  |TAMS 0x000000070fc00000, 0x000000070fc00000| Untracked 
| 110|0x000000070fe00000, 0x000000070fe00000, 0x0000000710000000|  0%| F|  |TAMS 0x000000070fe00000, 0x000000070fe00000| Untracked 
| 111|0x0000000710000000, 0x0000000710000000, 0x0000000710200000|  0%| F|  |TAMS 0x0000000710000000, 0x0000000710000000| Untracked 
| 112|0x0000000710200000, 0x0000000710200000, 0x0000000710400000|  0%| F|  |TAMS 0x0000000710200000, 0x0000000710200000| Untracked 
| 113|0x0000000710400000, 0x0000000710400000, 0x0000000710600000|  0%| F|  |TAMS 0x0000000710400000, 0x0000000710400000| Untracked 
| 114|0x0000000710600000, 0x0000000710600000, 0x0000000710800000|  0%| F|  |TAMS 0x0000000710600000, 0x0000000710600000| Untracked 
| 115|0x0000000710800000, 0x0000000710800000, 0x0000000710a00000|  0%| F|  |TAMS 0x0000000710800000, 0x0000000710800000| Untracked 
| 116|0x0000000710a00000, 0x0000000710a00000, 0x0000000710c00000|  0%| F|  |TAMS 0x0000000710a00000, 0x0000000710a00000| Untracked 
| 117|0x0000000710c00000, 0x0000000710c00000, 0x0000000710e00000|  0%| F|  |TAMS 0x0000000710c00000, 0x0000000710c00000| Untracked 
| 118|0x0000000710e00000, 0x0000000710e00000, 0x0000000711000000|  0%| F|  |TAMS 0x0000000710e00000, 0x0000000710e00000| Untracked 
| 119|0x0000000711000000, 0x0000000711000000, 0x0000000711200000|  0%| F|  |TAMS 0x0000000711000000, 0x0000000711000000| Untracked 
| 120|0x0000000711200000, 0x0000000711200000, 0x0000000711400000|  0%| F|  |TAMS 0x0000000711200000, 0x0000000711200000| Untracked 
| 121|0x0000000711400000, 0x0000000711400000, 0x0000000711600000|  0%| F|  |TAMS 0x0000000711400000, 0x0000000711400000| Untracked 
| 122|0x0000000711600000, 0x0000000711600000, 0x0000000711800000|  0%| F|  |TAMS 0x0000000711600000, 0x0000000711600000| Untracked 
| 123|0x0000000711800000, 0x0000000711800000, 0x0000000711a00000|  0%| F|  |TAMS 0x0000000711800000, 0x0000000711800000| Untracked 
| 124|0x0000000711a00000, 0x0000000711bfcb70, 0x0000000711c00000| 99%| E|  |TAMS 0x0000000711a00000, 0x0000000711a00000| Complete 
| 125|0x0000000711c00000, 0x0000000711e00000, 0x0000000711e00000|100%| E|CS|TAMS 0x0000000711c00000, 0x0000000711c00000| Complete 
| 126|0x0000000711e00000, 0x0000000712000000, 0x0000000712000000|100%| E|CS|TAMS 0x0000000711e00000, 0x0000000711e00000| Complete 

Card table byte_map: [0x000001aee38c0000,0x000001aee40b0000] _byte_map_base: 0x000001aee00af000

Marking Bits (Prev, Next): (CMBitMap*) 0x000001aed09b8eb0, (CMBitMap*) 0x000001aed09b8ef0
 Prev Bits: [0x000001aee48a0000, 0x000001aee8818000)
 Next Bits: [0x000001aee8820000, 0x000001aeec798000)

Polling page: 0x000001aece7d0000

Metaspace:

Usage:
  Non-class:      9.99 MB used.
      Class:      1.07 MB used.
       Both:     11.06 MB used.

Virtual space:
  Non-class space:       64.00 MB reserved,      10.06 MB ( 16%) committed,  1 nodes.
      Class space:        1.00 GB reserved,       1.12 MB ( <1%) committed,  1 nodes.
             Both:        1.06 GB reserved,      11.19 MB (  1%) committed. 

Chunk freelists:
   Non-Class:  5.00 MB
       Class:  14.73 MB
        Both:  19.73 MB

MaxMetaspaceSize: unlimited
CompressedClassSpaceSize: 1.00 GB
Initial GC threshold: 21.00 MB
Current GC threshold: 21.00 MB
CDS: off
MetaspaceReclaimPolicy: balanced
 - commit_granule_bytes: 65536.
 - commit_granule_words: 8192.
 - virtual_space_node_default_size: 8388608.
 - enlarge_chunks_in_place: 1.
 - new_chunks_are_fully_committed: 0.
 - uncommit_free_chunks: 1.
 - use_allocation_guard: 0.
 - handle_deallocations: 1.


Internal statistics:

num_allocs_failed_limit: 0.
num_arena_births: 56.
num_arena_deaths: 0.
num_vsnodes_births: 2.
num_vsnodes_deaths: 0.
num_space_committed: 179.
num_space_uncommitted: 0.
num_chunks_returned_to_freelist: 0.
num_chunks_taken_from_freelist: 115.
num_chunk_merges: 0.
num_chunk_splits: 61.
num_chunks_enlarged: 36.
num_inconsistent_stats: 0.

CodeHeap 'non-profiled nmethods': size=120000Kb used=173Kb max_used=173Kb free=119826Kb
 bounds [0x000001aedbba0000, 0x000001aedbe10000, 0x000001aee30d0000]
CodeHeap 'profiled nmethods': size=120000Kb used=821Kb max_used=821Kb free=119178Kb
 bounds [0x000001aed40d0000, 0x000001aed4340000, 0x000001aedb600000]
CodeHeap 'non-nmethods': size=5760Kb used=1151Kb max_used=1164Kb free=4608Kb
 bounds [0x000001aedb600000, 0x000001aedb870000, 0x000001aedbba0000]
 total_blobs=1006 nmethods=564 adapters=355
 compilation: enabled
              stopped_count=0, restarted_count=0
 full_count=0

Compilation events (20 events):
Event: 0.449 Thread 0x000001aef308f680  553       3       jdk.internal.org.objectweb.asm.SymbolTable::hash (15 bytes)
Event: 0.450 Thread 0x000001aef308f680 nmethod 553 0x000001aed4197590 code [0x000001aed4197740, 0x000001aed41978d8]
Event: 0.453 Thread 0x000001aef308f680  556       3       java.util.Optional::<init> (10 bytes)
Event: 0.453 Thread 0x000001aef308f680 nmethod 556 0x000001aed4197a10 code [0x000001aed4197ba0, 0x000001aed4197d58]
Event: 0.453 Thread 0x000001aef308f680  557       3       jdk.internal.jimage.ImageStringsReader::match (11 bytes)
Event: 0.454 Thread 0x000001aef308f680 nmethod 557 0x000001aed4197e10 code [0x000001aed4197fc0, 0x000001aed4198188]
Event: 0.454 Thread 0x000001aef308f680  558       3       jdk.internal.jimage.BasicImageReader::match (37 bytes)
Event: 0.454 Thread 0x000001aef308f680 nmethod 558 0x000001aed4198290 code [0x000001aed4198460, 0x000001aed4198718]
Event: 0.454 Thread 0x000001aef308f680  559       3       java.util.zip.Inflater::inflate (9 bytes)
Event: 0.454 Thread 0x000001aef308f680 nmethod 559 0x000001aed4198890 code [0x000001aed4198a40, 0x000001aed4198ba8]
Event: 0.455 Thread 0x000001aef308f680  560       3       java.lang.invoke.LambdaForm$NamedFunction::methodType (23 bytes)
Event: 0.455 Thread 0x000001aef308f680 nmethod 560 0x000001aed4198c90 code [0x000001aed4198e40, 0x000001aed41990a8]
Event: 0.455 Thread 0x000001aef308f680  561       3       jdk.internal.org.objectweb.asm.Type::getArgumentsAndReturnSizes (140 bytes)
Event: 0.457 Thread 0x000001aef308f680 nmethod 561 0x000001aed4199190 code [0x000001aed4199580, 0x000001aed419b3d8]
Event: 0.459 Thread 0x000001aef308f680  562       3       java.lang.invoke.MethodHandle::<init> (37 bytes)
Event: 0.459 Thread 0x000001aef308f680 nmethod 562 0x000001aed419bf10 code [0x000001aed419c120, 0x000001aed419c6b8]
Event: 0.459 Thread 0x000001aef308f680  563       3       java.lang.invoke.LambdaForm::prepare (112 bytes)
Event: 0.460 Thread 0x000001aef308f680 nmethod 563 0x000001aed419c910 code [0x000001aed419cb40, 0x000001aed419d3b8]
Event: 0.463 Thread 0x000001aef306fda0  564       4       java.lang.Object::<init> (1 bytes)
Event: 0.463 Thread 0x000001aef306fda0 nmethod 564 0x000001aedbbcb290 code [0x000001aedbbcb400, 0x000001aedbbcb4b8]

GC Heap History (0 events):
No events

Dll operation events (1 events):
Event: 0.007 Loaded shared library C:\Program Files\JetBrains\WebStorm 2023.3.5\jbr\bin\java.dll

Deoptimization events (0 events):
No events

Classes unloaded (0 events):
No events

Classes redefined (0 events):
No events

Internal exceptions (16 events):
Event: 0.246 Thread 0x000001aed094fd90 Exception <a 'sun/nio/fs/WindowsException'{0x0000000711cea0d0}> (0x0000000711cea0d0) 
thrown [s\src\hotspot\share\prims\jni.cpp, line 517]
Event: 0.267 Thread 0x000001aed094fd90 Exception <a 'java/lang/NoSuchMethodError'{0x0000000711d15768}: 'int java.lang.invoke.DirectMethodHandle$Holder.invokeStaticInit(java.lang.Object, java.lang.Object, java.lang.Object, java.lang.Object)'> (0x0000000711d15768) 
thrown [s\src\hotspot\share\interpreter\linkResolver.cpp, line 771]
Event: 0.270 Thread 0x000001aed094fd90 Exception <a 'java/lang/NoSuchMethodError'{0x0000000711d203c8}: 'java.lang.Object java.lang.invoke.DirectMethodHandle$Holder.invokeInterface(java.lang.Object, java.lang.Object)'> (0x0000000711d203c8) 
thrown [s\src\hotspot\share\interpreter\linkResolver.cpp, line 771]
Event: 0.270 Thread 0x000001aed094fd90 Exception <a 'java/lang/IncompatibleClassChangeError'{0x0000000711d23ce8}: Found class java.lang.Object, but interface was expected> (0x0000000711d23ce8) 
thrown [s\src\hotspot\share\interpreter\linkResolver.cpp, line 838]
Event: 0.271 Thread 0x000001aed094fd90 Exception <a 'java/lang/NoSuchMethodError'{0x0000000711d27098}: 'void java.lang.invoke.DirectMethodHandle$Holder.invokeStatic(java.lang.Object, java.lang.Object)'> (0x0000000711d27098) 
thrown [s\src\hotspot\share\interpreter\linkResolver.cpp, line 771]
Event: 0.272 Thread 0x000001aed094fd90 Exception <a 'java/lang/NoSuchMethodError'{0x0000000711d2a9b0}: 'void java.lang.invoke.DirectMethodHandle$Holder.invokeStaticInit(java.lang.Object, java.lang.Object)'> (0x0000000711d2a9b0) 
thrown [s\src\hotspot\share\interpreter\linkResolver.cpp, line 771]
Event: 0.274 Thread 0x000001aed094fd90 Exception <a 'java/lang/NoSuchMethodError'{0x0000000711d312a8}: 'int java.lang.invoke.DirectMethodHandle$Holder.invokeStaticInit(java.lang.Object, java.lang.Object)'> (0x0000000711d312a8) 
thrown [s\src\hotspot\share\interpreter\linkResolver.cpp, line 771]
Event: 0.318 Thread 0x000001aed094fd90 Exception <a 'java/lang/NoSuchMethodError'{0x0000000711a183f8}: 'java.lang.Object java.lang.invoke.DirectMethodHandle$Holder.invokeStaticInit(java.lang.Object, int, int, int, int)'> (0x0000000711a183f8) 
thrown [s\src\hotspot\share\interpreter\linkResolver.cpp, line 771]
Event: 0.400 Thread 0x000001aed094fd90 Exception <a 'java/lang/NoSuchMethodError'{0x0000000711a9f898}: 'java.lang.Object java.lang.invoke.DirectMethodHandle$Holder.invokeStaticInit(java.lang.Object, java.lang.Object, int, int, int, int)'> (0x0000000711a9f898) 
thrown [s\src\hotspot\share\interpreter\linkResolver.cpp, line 771]
Event: 0.413 Thread 0x000001aed094fd90 Exception <a 'java/lang/NoSuchMethodError'{0x0000000711b088a0}: 'java.lang.Object java.lang.invoke.DirectMethodHandle$Holder.invokeStatic(java.lang.Object, java.lang.Object, int)'> (0x0000000711b088a0) 
thrown [s\src\hotspot\share\interpreter\linkResolver.cpp, line 771]
Event: 0.413 Thread 0x000001aed094fd90 Exception <a 'java/lang/NoSuchMethodError'{0x0000000711b0c018}: 'java.lang.Object java.lang.invoke.DirectMethodHandle$Holder.invokeStaticInit(java.lang.Object, java.lang.Object, int)'> (0x0000000711b0c018) 
thrown [s\src\hotspot\share\interpreter\linkResolver.cpp, line 771]
Event: 0.414 Thread 0x000001aed094fd90 Exception <a 'java/lang/NoSuchMethodError'{0x0000000711b123c8}: 'java.lang.Object java.lang.invoke.DirectMethodHandle$Holder.newInvokeSpecial(java.lang.Object, java.lang.Object, int)'> (0x0000000711b123c8) 
thrown [s\src\hotspot\share\interpreter\linkResolver.cpp, line 771]
Event: 0.417 Thread 0x000001aed094fd90 Exception <a 'java/lang/NoSuchMethodError'{0x0000000711b21ad8}: 'int java.lang.invoke.DirectMethodHandle$Holder.invokeStaticInit(java.lang.Object, java.lang.Object, java.lang.Object)'> (0x0000000711b21ad8) 
thrown [s\src\hotspot\share\interpreter\linkResolver.cpp, line 771]
Event: 0.420 Thread 0x000001aed094fd90 Exception <a 'java/lang/NoSuchMethodError'{0x0000000711b31cb8}: 'int java.lang.invoke.DirectMethodHandle$Holder.invokeSpecial(java.lang.Object, java.lang.Object, java.lang.Object)'> (0x0000000711b31cb8) 
thrown [s\src\hotspot\share\interpreter\linkResolver.cpp, line 771]
Event: 0.422 Thread 0x000001aed094fd90 Exception <a 'java/lang/NoSuchMethodError'{0x0000000711b3a098}: 'int java.lang.invoke.DirectMethodHandle$Holder.invokeSpecialIFC(java.lang.Object, java.lang.Object, java.lang.Object)'> (0x0000000711b3a098) 
thrown [s\src\hotspot\share\interpreter\linkResolver.cpp, line 771]
Event: 0.455 Thread 0x000001aed094fd90 Exception <a 'java/lang/NoSuchMethodError'{0x0000000711bc68c0}: 'java.lang.Object java.lang.invoke.DirectMethodHandle$Holder.invokeStaticInit(java.lang.Object)'> (0x0000000711bc68c0) 
thrown [s\src\hotspot\share\interpreter\linkResolver.cpp, line 771]

VM Operations (8 events):
Event: 0.128 Executing VM operation: HandshakeAllThreads
Event: 0.128 Executing VM operation: HandshakeAllThreads done
Event: 0.144 Executing VM operation: HandshakeAllThreads
Event: 0.144 Executing VM operation: HandshakeAllThreads done
Event: 0.331 Executing VM operation: HandshakeAllThreads
Event: 0.331 Executing VM operation: HandshakeAllThreads done
Event: 0.458 Executing VM operation: HandshakeAllThreads
Event: 0.458 Executing VM operation: HandshakeAllThreads done

Events (20 events):
Event: 0.463 loading class sun/security/ssl/SSLCipher$NullReadCipherGenerator$NullReadCipher done
Event: 0.463 loading class sun/security/ssl/SSLSocketOutputRecord
Event: 0.463 loading class sun/security/ssl/OutputRecord
Event: 0.463 loading class sun/security/ssl/OutputRecord done
Event: 0.463 loading class sun/security/ssl/SSLSocketOutputRecord done
Event: 0.463 loading class sun/security/ssl/SSLHandshake
Event: 0.464 loading class sun/security/ssl/SSLConsumer
Event: 0.464 loading class sun/security/ssl/SSLConsumer done
Event: 0.464 loading class sun/security/ssl/HandshakeProducer
Event: 0.464 loading class sun/security/ssl/HandshakeProducer done
Event: 0.464 loading class sun/security/ssl/SSLHandshake done
Event: 0.464 loading class sun/security/ssl/HelloRequest
Event: 0.464 loading class sun/security/ssl/HelloRequest done
Event: 0.464 loading class sun/security/ssl/HelloRequest$HelloRequestKickstartProducer
Event: 0.464 loading class sun/security/ssl/SSLProducer
Event: 0.464 loading class sun/security/ssl/SSLProducer done
Event: 0.464 loading class sun/security/ssl/HelloRequest$HelloRequestKickstartProducer done
Event: 0.464 loading class sun/security/ssl/HelloRequest$HelloRequestConsumer
Event: 0.464 loading class sun/security/ssl/HelloRequest$HelloRequestConsumer done
Event: 0.464 loading class sun/security/ssl/HelloRequest$HelloRequestProducer


Dynamic libraries:
0x00007ff77cfe0000 - 0x00007ff77cfea000 	C:\Program Files\JetBrains\WebStorm 2023.3.5\jbr\bin\java.exe
0x00007ff92fd50000 - 0x00007ff92ff48000 	C:\WINDOWS\SYSTEM32\ntdll.dll
0x00007ff92e010000 - 0x00007ff92e0d1000 	C:\WINDOWS\System32\KERNEL32.DLL
0x00007ff92d6c0000 - 0x00007ff92d9bd000 	C:\WINDOWS\System32\KERNELBASE.dll
0x00007ff92d400000 - 0x00007ff92d500000 	C:\WINDOWS\System32\ucrtbase.dll
0x00007ff919000000 - 0x00007ff91901b000 	C:\Program Files\JetBrains\WebStorm 2023.3.5\jbr\bin\VCRUNTIME140.dll
0x00007ff8dbac0000 - 0x00007ff8dbad7000 	C:\Program Files\JetBrains\WebStorm 2023.3.5\jbr\bin\jli.dll
0x00007ff92f110000 - 0x00007ff92f2ad000 	C:\WINDOWS\System32\USER32.dll
0x00007ff917e60000 - 0x00007ff9180fa000 	C:\WINDOWS\WinSxS\amd64_microsoft.windows.common-controls_6595b64144ccf1df_6.0.19041.4355_none_60b8b9eb71f62e16\COMCTL32.dll
0x00007ff92daa0000 - 0x00007ff92dac2000 	C:\WINDOWS\System32\win32u.dll
0x00007ff92ef90000 - 0x00007ff92f02e000 	C:\WINDOWS\System32\msvcrt.dll
0x00007ff92fce0000 - 0x00007ff92fd0b000 	C:\WINDOWS\System32\GDI32.dll
0x00007ff92d5a0000 - 0x00007ff92d6b7000 	C:\WINDOWS\System32\gdi32full.dll
0x00007ff92d500000 - 0x00007ff92d59d000 	C:\WINDOWS\System32\msvcp_win.dll
0x00007ff92e7c0000 - 0x00007ff92e7ef000 	C:\WINDOWS\System32\IMM32.DLL
0x00007ff926980000 - 0x00007ff92698c000 	C:\Program Files\JetBrains\WebStorm 2023.3.5\jbr\bin\vcruntime140_1.dll
0x00007ff8e2ce0000 - 0x00007ff8e2d6d000 	C:\Program Files\JetBrains\WebStorm 2023.3.5\jbr\bin\msvcp140.dll
0x00007ff8dbb00000 - 0x00007ff8dc783000 	C:\Program Files\JetBrains\WebStorm 2023.3.5\jbr\bin\server\jvm.dll
0x00007ff92f2b0000 - 0x00007ff92f360000 	C:\WINDOWS\System32\ADVAPI32.dll
0x00007ff92eef0000 - 0x00007ff92ef90000 	C:\WINDOWS\System32\sechost.dll
0x00007ff92e7f0000 - 0x00007ff92e913000 	C:\WINDOWS\System32\RPCRT4.dll
0x00007ff92dce0000 - 0x00007ff92dd07000 	C:\WINDOWS\System32\bcrypt.dll
0x00007ff92d2e0000 - 0x00007ff92d32b000 	C:\WINDOWS\SYSTEM32\POWRPROF.dll
0x00007ff91a1a0000 - 0x00007ff91a1c7000 	C:\WINDOWS\SYSTEM32\WINMM.dll
0x00007ff90d410000 - 0x00007ff90d419000 	C:\WINDOWS\SYSTEM32\WSOCK32.dll
0x00007ff92ed90000 - 0x00007ff92edfb000 	C:\WINDOWS\System32\WS2_32.dll
0x00007ff926790000 - 0x00007ff92679a000 	C:\WINDOWS\SYSTEM32\VERSION.dll
0x00007ff92d230000 - 0x00007ff92d242000 	C:\WINDOWS\SYSTEM32\UMPDC.dll
0x00007ff92bbd0000 - 0x00007ff92bbe2000 	C:\WINDOWS\SYSTEM32\kernel.appcore.dll
0x00007ff8dbaf0000 - 0x00007ff8dbafa000 	C:\Program Files\JetBrains\WebStorm 2023.3.5\jbr\bin\jimage.dll
0x00007ff91f130000 - 0x00007ff91f314000 	C:\WINDOWS\SYSTEM32\DBGHELP.DLL
0x00007ff912af0000 - 0x00007ff912b24000 	C:\WINDOWS\SYSTEM32\dbgcore.DLL
0x00007ff92d9c0000 - 0x00007ff92da42000 	C:\WINDOWS\System32\bcryptPrimitives.dll
0x00007ff8dba90000 - 0x00007ff8dbab5000 	C:\Program Files\JetBrains\WebStorm 2023.3.5\jbr\bin\java.dll
0x00007ff8d7ae0000 - 0x00007ff8d7af8000 	C:\Program Files\JetBrains\WebStorm 2023.3.5\jbr\bin\zip.dll
0x00007ff92f360000 - 0x00007ff92facf000 	C:\WINDOWS\System32\SHELL32.dll
0x00007ff92b3f0000 - 0x00007ff92bb8f000 	C:\WINDOWS\SYSTEM32\windows.storage.dll
0x00007ff92e190000 - 0x00007ff92e4e3000 	C:\WINDOWS\System32\combase.dll
0x00007ff92cc70000 - 0x00007ff92cc9e000 	C:\WINDOWS\SYSTEM32\Wldp.dll
0x00007ff92fad0000 - 0x00007ff92fb9d000 	C:\WINDOWS\System32\OLEAUT32.dll
0x00007ff92e0e0000 - 0x00007ff92e18d000 	C:\WINDOWS\System32\SHCORE.dll
0x00007ff92ee00000 - 0x00007ff92ee55000 	C:\WINDOWS\System32\shlwapi.dll
0x00007ff92d330000 - 0x00007ff92d354000 	C:\WINDOWS\SYSTEM32\profapi.dll
0x00007ff908780000 - 0x00007ff908799000 	C:\Program Files\JetBrains\WebStorm 2023.3.5\jbr\bin\net.dll
0x00007ff922620000 - 0x00007ff92272d000 	C:\WINDOWS\SYSTEM32\WINHTTP.dll
0x00007ff92ca50000 - 0x00007ff92caba000 	C:\WINDOWS\system32\mswsock.dll
0x00007ff908520000 - 0x00007ff908536000 	C:\Program Files\JetBrains\WebStorm 2023.3.5\jbr\bin\nio.dll
0x00007ff8f5a20000 - 0x00007ff8f5a2e000 	C:\Program Files\JetBrains\WebStorm 2023.3.5\jbr\bin\sunmscapi.dll
0x00007ff92dad0000 - 0x00007ff92dc2e000 	C:\WINDOWS\System32\CRYPT32.dll
0x00007ff92cdc0000 - 0x00007ff92cde9000 	C:\WINDOWS\SYSTEM32\ncrypt.dll
0x00007ff92cd80000 - 0x00007ff92cdbb000 	C:\WINDOWS\SYSTEM32\NTASN1.dll
0x00007ff92ccb0000 - 0x00007ff92ccc8000 	C:\WINDOWS\SYSTEM32\CRYPTSP.dll
0x00007ff92c390000 - 0x00007ff92c3c4000 	C:\WINDOWS\system32\rsaenh.dll
0x00007ff92d290000 - 0x00007ff92d2be000 	C:\WINDOWS\SYSTEM32\USERENV.dll
0x00007ff92cbe0000 - 0x00007ff92cbec000 	C:\WINDOWS\SYSTEM32\CRYPTBASE.dll
0x00007ff92c750000 - 0x00007ff92c78b000 	C:\WINDOWS\SYSTEM32\IPHLPAPI.DLL
0x00007ff92dec0000 - 0x00007ff92dec8000 	C:\WINDOWS\System32\NSI.dll
0x00007ff923a90000 - 0x00007ff923aa7000 	C:\WINDOWS\SYSTEM32\dhcpcsvc6.DLL
0x00007ff924fe0000 - 0x00007ff924ffd000 	C:\WINDOWS\SYSTEM32\dhcpcsvc.DLL
0x00007ff92c790000 - 0x00007ff92c85a000 	C:\WINDOWS\SYSTEM32\DNSAPI.dll

dbghelp: loaded successfully - version: 4.0.5 - missing functions: none
symbol engine: initialized successfully - sym options: 0x614 - pdb path: .;C:\Program Files\JetBrains\WebStorm 2023.3.5\jbr\bin;C:\WINDOWS\SYSTEM32;C:\WINDOWS\WinSxS\amd64_microsoft.windows.common-controls_6595b64144ccf1df_6.0.19041.4355_none_60b8b9eb71f62e16;C:\Program Files\JetBrains\WebStorm 2023.3.5\jbr\bin\server

VM Arguments:
java_command: git4idea.http.GitAskPassApp Username for 'https://github.com': 
java_class_path (initial): C:/Program Files/JetBrains/WebStorm 2023.3.5/plugins/vcs-git/lib/git4idea-rt.jar;C:/Program Files/JetBrains/WebStorm 2023.3.5/lib/externalProcess-rt.jar
Launcher Type: SUN_STANDARD

[Global flags]
     intx CICompilerCount                          = 3                                         {product} {ergonomic}
     uint ConcGCThreads                            = 1                                         {product} {ergonomic}
     uint G1ConcRefinementThreads                  = 4                                         {product} {ergonomic}
   size_t G1HeapRegionSize                         = 2097152                                   {product} {ergonomic}
    uintx GCDrainStackTargetSize                   = 64                                        {product} {ergonomic}
   size_t InitialHeapSize                          = 266338304                                 {product} {ergonomic}
   size_t MarkStackSize                            = 4194304                                   {product} {ergonomic}
   size_t MaxHeapSize                              = 4259315712                                {product} {ergonomic}
   size_t MaxNewSize                               = 2554331136                                {product} {ergonomic}
   size_t MinHeapDeltaBytes                        = 2097152                                   {product} {ergonomic}
   size_t MinHeapSize                              = 8388608                                   {product} {ergonomic}
    uintx NonNMethodCodeHeapSize                   = 5832780                                {pd product} {ergonomic}
    uintx NonProfiledCodeHeapSize                  = 122912730                              {pd product} {ergonomic}
    uintx ProfiledCodeHeapSize                     = 122912730                              {pd product} {ergonomic}
    uintx ReservedCodeCacheSize                    = 251658240                              {pd product} {ergonomic}
     bool SegmentedCodeCache                       = true                                      {product} {ergonomic}
   size_t SoftMaxHeapSize                          = 4259315712                             {manageable} {ergonomic}
     bool UseCompressedClassPointers               = true                           {product lp64_product} {ergonomic}
     bool UseCompressedOops                        = true                           {product lp64_product} {ergonomic}
     bool UseG1GC                                  = true                                      {product} {ergonomic}
     bool UseLargePagesIndividualAllocation        = false                                  {pd product} {ergonomic}

Logging:
Log output configuration:
 #0: stdout all=warning uptime,level,tags
 #1: stderr all=off uptime,level,tags

Environment Variables:
PATH=C:/Program Files/Git/mingw64/libexec/git-core;C:/Program Files/Git/mingw64/libexec/git-core;C:\Program Files\Git\mingw64\bin;C:\Program Files\Git\usr\bin;C:\Users\User\bin;C:\WINDOWS\system32;C:\WINDOWS;C:\WINDOWS\System32\Wbem;C:\WINDOWS\System32\WindowsPowerShell\v1.0\;C:\WINDOWS\System32\OpenSSH\;C:\Program Files\dotnet\;C:\Program Files (x86)\Visual Leak Detector\bin\Win32;C:\Program Files (x86)\Visual Leak Detector\bin\Win64;C:\Program Files\Git\cmd;C:\Program Files\Azure Data Studio\bin;C:\ProgramData\chocolatey\bin;C:\Program Files (x86)\Steel Bank Common Lisp\;C:\Program Files\WireGuard\;C:\Users\User\AppData\Roaming\nvm;C:\Program Files\nodejs;C:\Program Files\Docker\Docker\resources\bin;C:\Users\User\AppData\Local\nvs\node\18.0.0\x64;C:\Users\User\AppData\Roaming\nvm;C:\Program Files\nodejs
USERNAME=User
DISPLAY=:0.0
LC_ALL=en_US.UTF-8
TERM=cygwin
TMPDIR=C:\Users\User\AppData\Local\Temp
OS=Windows_NT
PROCESSOR_IDENTIFIER=Intel64 Family 6 Model 78 Stepping 3, GenuineIntel
TMP=C:\Users\User\AppData\Local\Temp
TEMP=C:\Users\User\AppData\Local\Temp



Periodic native trim disabled

JNI global refs:
JNI global refs: 18, weak refs: 0

JNI global refs memory usage: 843, weak refs: 209

OOME stack traces (most recent first):
Classloader memory used:
Loader bootstrap                                                                       : 1368K
Loader jdk.internal.loader.ClassLoaders$PlatformClassLoader                            : 46048B
Loader jdk.internal.loader.ClassLoaders$AppClassLoader                                 : 1808B


---------------  S Y S T E M  ---------------

OS:
 Windows 10 , 64 bit Build 19041 (10.0.19041.4717)
OS uptime: 0 days 21:40 hours
Hyper-V role detected

CPU: total 4 (initial active 4) (2 cores per cpu, 2 threads per core) family 6 model 78 stepping 3 microcode 0xe2, cx8, cmov, fxsr, ht, mmx, 3dnowpref, sse, sse2, sse3, ssse3, sse4.1, sse4.2, popcnt, lzcnt, tsc, tscinvbit, avx, avx2, aes, erms, clmul, bmi1, bmi2, rtm, adx, fma, vzeroupper, clflush, clflushopt, hv
Processor Information for all 4 processors :
  Max Mhz: 2501, Current Mhz: 2501, Mhz Limit: 2501

Memory: 4k page, system-wide physical 16242M (2886M free)
TotalPageFile size 16242M (AvailPageFile size 3M)
current process WorkingSet (physical memory assigned to process): 51M, peak: 51M
current process commit charge ("private bytes"): 336M, peak: 337M

vm_info: OpenJDK 64-Bit Server VM (17.0.10+1-b1087.21) for windows-amd64 JRE (17.0.10+1-b1087.21), built on 2024-03-02 by "builduser" with MS VC++ 16.10 / 16.11 (VS2019)

END.
